                :-) GROMACS - gmx mdrun, 2026.0-conda_forge (-:

Copyright 1991-2026 The GROMACS Authors.
GROMACS is free software; you can redistribute it and/or modify it
under the terms of the GNU Lesser General Public License
as published by the Free Software Foundation; either version 2.1
of the License, or (at your option) any later version.

                         Current GROMACS contributors:
       Mark Abraham           Andrey Alekseenko           Brian Andrews       
        Paul Bauer              Cathrine Bergh              Hugh Bird         
      Eliane Briand               Ania Brown                Yiqi Chen         
      Mahesh Doijade            Giacomo Fiorin          Stefan Fleischmann    
      Sergey Gorelov         Gilles Gouaillardet            Alan Gray         
   Farzaneh Jalalypour         Petter Johansson          Carsten Kutzner      
    Grzegorz Łazarski         Justin A. Lemkul          Magnus Lundborg      
        Julio Maia               Pascal Merz             Vedran Miletić      
      Dmitry Morozov           Lukas Müllender           Szilárd Páll      
 Andrea Pasquadibisceglie     Michele Pellegrino         Nicola Piasentin     
     Daniele Rapetti         Muhammad Umair Sadiq         Hubert Santuz       
      Michael Shirts           Tatiana Shugaeva          Alexey Shvetsov      
     Bálint Soproni            Philip Turner            Alessandra Villa     
        Yang Zhang        

                         Previous GROMACS contributors:
        Emile Apol             Rossen Apostolov           James Barnett       
      Vladimir Basov        Herman J.C. Berendsen          Par Bjelkmar       
      Christian Blau          Viacheslav Bolnykh            Kevin Boyd        
    Aldert van Buuren          Carlo Camilloni           Rudi van Drunen      
      Anton Feenstra           Oliver Fleetwood            Vytas Gapsys       
       Gaurav Garg             Gerrit Groenhof            Bert de Groot       
      Anca Hamuraru           Vincent Hindriksen          Victor Holanda      
     M. Eric Irrgang           Aleksei Iupinov              Joe Jordan        
    Christoph Junghans        Prashanth Kanduri        Dimitrios Karkoulis    
       Peter Kasson             Sebastian Kehl           Sebastian Keller     
        Jiri Kraus               Per Larsson              Viveca Lindahl      
      Erik Marklund           Pieter Meulenhoff           Teemu Murtola       
       Julien Nabet              Sander Pronk             Roland Schulz       
      Alfons Sijbers         David van der Spoel          Peter Tieleman      
      Carsten Uphoff             Jon Vincent             Teemu Virolainen     
    Christian Wennberg     Sebastian Wingbermühle         Maarten Wolf       
      Artem Zhmurov       

                  Coordinated by the GROMACS project leaders:
                           Berk Hess and Erik Lindahl

GROMACS:      gmx mdrun, version 2026.0-conda_forge
Executable:   /Users/soumithparitala/miniconda3/envs/gromacs_env/bin.ARM_NEON_ASIMD/gmx
Data prefix:  /Users/soumithparitala/miniconda3/envs/gromacs_env
Working dir:  /Users/soumithparitala/Documents/Soumith's/Stowers_Institute/Stowers_gpu_tools/gromacs/noteboooks/sim
Process ID:   55403
Command line:
  gmx mdrun -v -deffnm md

GROMACS version:     2026.0-conda_forge
Precision:           mixed
Memory model:        64 bit
MPI library:         thread_mpi
MPI version:         built in
OpenMP support:      enabled (GMX_OPENMP_MAX_THREADS = 128)
GPU support:         disabled
SIMD instructions:   ARM_NEON_ASIMD
CPU FFT library:     fftw-3.3.10
GPU FFT library:     none
Multi-GPU FFT:       none
TNG support:         enabled
Hwloc support:       disabled
Tracing support:     disabled
Colvars support:     enabled (version 2025-10-13)
CP2K support:        disabled
Torch support:       disabled
Plumed support:      enabled
C compiler:          /Users/runner/miniforge3/conda-bld/gromacs_1770909788555/_build_env/bin/arm64-apple-darwin20.0.0-clang Clang 19.1.7
C compiler flags:    -Wno-missing-field-initializers -O3 -DNDEBUG
C++ compiler:        /Users/runner/miniforge3/conda-bld/gromacs_1770909788555/_build_env/bin/arm64-apple-darwin20.0.0-clang++ Clang 19.1.7
C++ compiler flags:  -Wno-reserved-identifier -Wno-missing-field-initializers -Weverything -Wno-c++98-compat -Wno-c++98-compat-pedantic -Wno-source-uses-openmp -Wno-c++17-extensions -Wno-documentation-unknown-command -Wno-covered-switch-default -Wno-switch-enum -Wno-switch-default -Wno-extra-semi-stmt -Wno-weak-vtables -Wno-shadow -Wno-padded -Wno-reserved-id-macro -Wno-double-promotion -Wno-exit-time-destructors -Wno-global-constructors -Wno-documentation -Wno-format-nonliteral -Wno-used-but-marked-unused -Wno-float-equal -Wno-conditional-uninitialized -Wno-conversion -Wno-disabled-macro-expansion -Wno-unused-macros -Wno-unsafe-buffer-usage -Wno-cast-function-type-strict SHELL:-fopenmp=libomp -O3 -DNDEBUG
BLAS library:        External - detected on the system
LAPACK library:      External - detected on the system


Running on 1 node with total 0 processing units
Hardware detected on host Soumiths-MacBook-Air.local:
  CPU info:
    Vendor: ARM
    Brand:  Unknown CPU brand
    Family: 0   Model: 0   Stepping: 0
    Features: neon neon_asimd
  Hardware topology: Only logical processor count
    CPU limit set by OS: -1   Recommended max number of threads: 10


++++ PLEASE READ AND CITE THE FOLLOWING REFERENCE ++++
M. J. Abraham, T. Murtola, R. Schulz, S. Páll, J. C. Smith, B. Hess, E.
Lindahl
GROMACS: High performance molecular simulations through multi-level
parallelism from laptops to supercomputers
SoftwareX (2015)
https://doi.org/10.1016/j.softx.2015.06.001
-------- -------- --- Thank You --- -------- --------


++++ PLEASE READ AND CITE THE FOLLOWING REFERENCE ++++
S. Páll, M. J. Abraham, C. Kutzner, B. Hess, E. Lindahl
Tackling Exascale Software Challenges in Molecular Dynamics Simulations with
GROMACS
In S. Markidis & E. Laure (Eds.), Solving Software Challenges for Exascale (2015)
https://doi.org/10.1007/978-3-319-15976-8_1
-------- -------- --- Thank You --- -------- --------


++++ PLEASE READ AND CITE THE FOLLOWING REFERENCE ++++
S. Pronk, S. Páll, R. Schulz, P. Larsson, P. Bjelkmar, R. Apostolov, M. R.
Shirts, J. C. Smith, P. M. Kasson, D. van der Spoel, B. Hess, E. Lindahl
GROMACS 4.5: a high-throughput and highly parallel open source molecular
simulation toolkit
Bioinformatics (2013)
https://doi.org/10.1093/bioinformatics/btt055
-------- -------- --- Thank You --- -------- --------


++++ PLEASE READ AND CITE THE FOLLOWING REFERENCE ++++
B. Hess, C. Kutzner, D. van der Spoel, E. Lindahl
GROMACS 4: Algorithms for highly efficient, load-balanced, and scalable
molecular simulation
J. Chem. Theory Comput. (2008)
https://doi.org/10.1021/ct700301q
-------- -------- --- Thank You --- -------- --------


++++ PLEASE READ AND CITE THE FOLLOWING REFERENCE ++++
D. van der Spoel, E. Lindahl, B. Hess, G. Groenhof, A. E. Mark, H. J. C.
Berendsen
GROMACS: Fast, Flexible and Free
J. Comp. Chem. (2005)
https://doi.org/10.1002/jcc.20291
-------- -------- --- Thank You --- -------- --------


++++ PLEASE READ AND CITE THE FOLLOWING REFERENCE ++++
E. Lindahl, B. Hess, D. van der Spoel
GROMACS 3.0: A package for molecular simulation and trajectory analysis
J. Mol. Mod. (2001)
https://doi.org/10.1007/s008940100045
-------- -------- --- Thank You --- -------- --------


++++ PLEASE READ AND CITE THE FOLLOWING REFERENCE ++++
H. J. C. Berendsen, D. van der Spoel and R. van Drunen
GROMACS: A message-passing parallel molecular dynamics implementation
Comp. Phys. Comm. (1995)
https://doi.org/10.1016/0010-4655(95)00042-E
-------- -------- --- Thank You --- -------- --------

Input Parameters:
   integrator                     = md
   tinit                          = 0
   dt                             = 0.002
   nsteps                         = 100000
   init-step                      = 0
   simulation-part                = 1
   mts                            = false
   mass-repartition-factor        = 1
   comm-mode                      = Linear
   nstcomm                        = 100
   bd-fric                        = 0
   ld-seed                        = -1115856898
   emtol                          = 10
   emstep                         = 0.01
   niter                          = 20
   fcstep                         = 0
   nstcgsteep                     = 1000
   nbfgscorr                      = 10
   rtpi                           = 0.05
   nstxout                        = 0
   nstvout                        = 0
   nstfout                        = 0
   nstlog                         = 1000
   nstcalcenergy                  = 100
   nstenergy                      = 500
   nstxout-compressed             = 500
   compressed-x-precision         = 1000
   cutoff-scheme                  = Verlet
   nstlist                        = 10
   pbc                            = xyz
   periodic-molecules             = false
   verlet-buffer-tolerance        = 0.005
   verlet-buffer-pressure-tolerance = 0.5
   rlist                          = 1
   coulombtype                    = PME
   coulomb-modifier               = Potential-shift
   rcoulomb-switch                = 0
   rcoulomb                       = 1
   epsilon-r                      = 1
   epsilon-rf                     = inf
   vdw-type                       = Cut-off
   vdw-modifier                   = Potential-shift
   rvdw-switch                    = 0
   rvdw                           = 1
   DispCorr                       = No
   table-extension                = 1
   fourierspacing                 = 0.16
   fourier-nx                     = 48
   fourier-ny                     = 48
   fourier-nz                     = 48
   pme-order                      = 4
   ewald-rtol                     = 1e-05
   ewald-rtol-lj                  = 0.001
   lj-pme-comb-rule               = Geometric
   ewald-geometry                 = 3d
   epsilon-surface                = 0
   ensemble-temperature-setting   = constant
   ensemble-temperature           = 300
   tcoupl                         = V-rescale
   nsttcouple                     = 10
   nh-chain-length                = 0
   print-nose-hoover-chain-variables = false
   pcoupl                         = Parrinello-Rahman
   pcoupltype                     = Isotropic
   nstpcouple                     = 5
   tau-p                          = 2
   compressibility (3x3):
      compressibility[    0]={ 4.50000e-05,  0.00000e+00,  0.00000e+00}
      compressibility[    1]={ 0.00000e+00,  4.50000e-05,  0.00000e+00}
      compressibility[    2]={ 0.00000e+00,  0.00000e+00,  4.50000e-05}
   ref-p (3x3):
      ref-p[    0]={ 1.00000e+00,  0.00000e+00,  0.00000e+00}
      ref-p[    1]={ 0.00000e+00,  1.00000e+00,  0.00000e+00}
      ref-p[    2]={ 0.00000e+00,  0.00000e+00,  1.00000e+00}
   refcoord-scaling               = No
   posres-com: not available
   posres-comB: not available
   QMMM                           = false
qm-opts:
   ngQM                           = 0
   constraint-algorithm           = Lincs
   continuation                   = true
   Shake-SOR                      = false
   shake-tol                      = 0.0001
   lincs-order                    = 4
   lincs-iter                     = 1
   lincs-warnangle                = 30
   nwall                          = 0
   wall-type                      = 9-3
   wall-r-linpot                  = -1
   wall-atomtype[0]               = -1
   wall-atomtype[1]               = -1
   wall-density[0]                = 0
   wall-density[1]                = 0
   wall-ewald-zfac                = 3
   pull                           = false
   awh                            = false
   rotation                       = false
   interactiveMD                  = false
   disre                          = No
   disre-weighting                = Conservative
   disre-mixed                    = false
   dr-fc                          = 1000
   dr-tau                         = 0
   nstdisreout                    = 100
   orire-fc                       = 0
   orire-tau                      = 0
   nstorireout                    = 100
   free-energy                    = no
   cos-acceleration               = 0
   deform (3x3):
      deform[    0]={ 0.00000e+00,  0.00000e+00,  0.00000e+00}
      deform[    1]={ 0.00000e+00,  0.00000e+00,  0.00000e+00}
      deform[    2]={ 0.00000e+00,  0.00000e+00,  0.00000e+00}
   simulated-tempering            = false
   swapcoords                     = no
   userint1                       = 0
   userint2                       = 0
   userint3                       = 0
   userint4                       = 0
   userreal1                      = 0
   userreal2                      = 0
   userreal3                      = 0
   userreal4                      = 0
   applied-forces:
     electric-field:
       x:
         E0                       = 0
         omega                    = 0
         t0                       = 0
         sigma                    = 0
       y:
         E0                       = 0
         omega                    = 0
         t0                       = 0
         sigma                    = 0
       z:
         E0                       = 0
         omega                    = 0
         t0                       = 0
         sigma                    = 0
     density-guided-simulation:
       active                     = false
       group                      = protein
       similarity-measure         = inner-product
       atom-spreading-weight      = unity
       force-constant             = 1e+09
       gaussian-transform-spreading-width = 0.2
       gaussian-transform-spreading-range-in-multiples-of-width = 4
       reference-density-filename = reference.mrc
       nst                        = 1
       normalize-densities        = true
       adaptive-force-scaling     = false
       adaptive-force-scaling-time-constant = 4
       shift-vector               = 
       transformation-matrix      = 
     qmmm-cp2k:
       active                     = false
       qmgroup                    = System
       qmmethod                   = PBE
       qmfilenames                = 
       qmcharge                   = 0
       qmmultiplicity             = 1
     colvars:
       active                     = false
       configfile                 = 
       seed                       = -1
     nnpot:
       active                     = false
       modelfile                  = model.pt
       input-group                = System
       link-type                  = H
       link-distance              = 0.1
       pair-cutoff                = 0
       embedding                  = mechanical
       nnp-charge                 = 0
       model-input1               = 
       model-input2               = 
       model-input3               = 
       model-input4               = 
       model-input5               = 
       model-input6               = 
       model-input7               = 
       model-input8               = 
       model-input9               = 
   fast-multipole-method:
     fmm:
       backend                    = inactive
       exafmm-order               = 6
       exafmm-direct-range        = 2
       exafmm-direct-provider     = GROMACS
       exafmm-tree-type           = uniform
       exafmm-tree-depth          = 0
       exafmm-max-particles-per-cell = 0
       fmsolvr-order              = 8
       fmsolvr-direct-range       = 1
       fmsolvr-direct-provider    = FMM
       fmsolvr-dipole-compensation = true
       fmsolvr-tree-depth         = 3
       fmsolvr-sparse             = false
grpopts:
   nrdf:     4920.73     50769.3
   ref-t:         300         300
   tau-t:         0.1         0.1
annealing:          No          No
annealing-npoints:           0           0
   acc:	           0           0           0
   nfreeze:           N           N           N
   energygrp-flags[  0]: 0

Changing nstlist from 10 to 50, rlist from 1 to 1.106


Initializing Domain Decomposition on 10 ranks
Dynamic load balancing: auto
Using update groups, nr 9467, average size 2.9 atoms, max. radius 0.104 nm
Minimum cell size due to atom displacement: 0.398 nm
Initial maximum distances in bonded interactions:
    two-body bonded interactions: 0.448 nm, LJ-14, atoms 1156 1405
  multi-body bonded interactions: 0.448 nm, Proper Dih., atoms 1156 1405
Minimum cell size due to bonded interactions: 0.492 nm
Scaling the initial minimum size with 1/0.8 (option -dds) = 1.25
Using 0 separate PME ranks because: there are too few total ranks for efficient splitting
Optimizing the DD grid for 10 cells with a minimum initial size of 0.616 nm
The maximum allowed number of cells is: X 9 Y 9 Z 8
Domain decomposition grid 5 x 2 x 1, separate PME ranks 0
PME domain decomposition: 5 x 2 x 1
Domain decomposition rank 0, coordinates 0 0 0

The initial number of communication pulses is: X 2 Y 1
The initial domain decomposition cell size is: X 1.19 nm Y 2.99 nm

The maximum allowed distance for atom groups involved in interactions is:
                 non-bonded interactions           1.314 nm
(the following are initial values, they could change due to box deformation)
            two-body bonded interactions  (-rdd)   1.314 nm
          multi-body bonded interactions  (-rdd)   1.195 nm

When dynamic load balancing gets turned on, these settings will change to:
The maximum number of communication pulses is: X 2 Y 1
The minimum size for domain decomposition cells is 0.844 nm
The requested allowed shrink of DD cells (option -dds) is: 0.80
The allowed shrink of domain decomposition cells is: X 0.71 Y 0.44
The maximum allowed distance for atom groups involved in interactions is:
                 non-bonded interactions           1.314 nm
            two-body bonded interactions  (-rdd)   1.314 nm
          multi-body bonded interactions  (-rdd)   0.844 nm

Local state does not use filler particles

Using 10 MPI threads
Using 1 OpenMP thread per tMPI thread

System total charge: 0.000
Will do PME sum in reciprocal space for electrostatic interactions.

++++ PLEASE READ AND CITE THE FOLLOWING REFERENCE ++++
U. Essmann, L. Perera, M. L. Berkowitz, T. Darden, H. Lee, L. G. Pedersen 
A smooth particle mesh Ewald method
J. Chem. Phys. (1995)
https://doi.org/10.1063/1.470117
-------- -------- --- Thank You --- -------- --------

Using a Gaussian width (1/beta) of 0.320163 nm for Ewald
Potential shift: LJ r^-12: -1.000e+00 r^-6: -1.000e+00, Ewald -1.000e-05
Initialized non-bonded Coulomb Ewald tables, spacing: 9.33e-04 size: 1073

Generated table with 1053 data points for 1-4 COUL.
Tabscale = 500 points/nm
Generated table with 1053 data points for 1-4 LJ6.
Tabscale = 500 points/nm
Generated table with 1053 data points for 1-4 LJ12.
Tabscale = 500 points/nm


Using SIMD4xM 4x4 nonbonded short-range kernels

Using a dual 4x4 pair-list setup updated with dynamic pruning:
  outer list: updated every 50 steps, buffer 0.106 nm, rlist 1.106 nm
  inner list: updated every 10 steps, buffer 0.000 nm, rlist 1.000 nm
At tolerance 0.005 kJ/mol/ps per atom, equivalent classical 1x1 list would be:
  outer list: updated every 50 steps, buffer 0.232 nm, rlist 1.232 nm
  inner list: updated every 10 steps, buffer 0.034 nm, rlist 1.034 nm

The average pressure is off by at most 0.43 bar due to missing LJ interactions

Using Lorentz-Berthelot Lennard-Jones combination rule

Linking all bonded interactions to atoms


Initializing LINear Constraint Solver

++++ PLEASE READ AND CITE THE FOLLOWING REFERENCE ++++
B. Hess, H. Bekker, H. J. C. Berendsen, J. G. E. M. Fraaije
LINCS: A Linear Constraint Solver for molecular simulations
J. Comp. Chem. (1997)
https://doi.org/10.1002/(sici)1096-987x(199709)18:12<1463::aid-jcc4>3.0.co;2-h
-------- -------- --- Thank You --- -------- --------

The number of constraints is 959

++++ PLEASE READ AND CITE THE FOLLOWING REFERENCE ++++
S. Miyamoto, P. A. Kollman
SETTLE: An Analytical Version of the SHAKE and RATTLE Algorithms for Rigid
Water Models
J. Comp. Chem. (1992)
https://doi.org/10.1002/jcc.540130805
-------- -------- --- Thank You --- -------- --------


Intra-simulation communication will occur every 5 steps.

++++ PLEASE READ AND CITE THE FOLLOWING REFERENCE ++++
G. Bussi, D. Donadio, M. Parrinello
Canonical sampling through velocity rescaling
J. Chem. Phys. (2007)
https://doi.org/10.1063/1.2408420
-------- -------- --- Thank You --- -------- --------

There are: 27342 Atoms
Atom distribution over 10 domains: av 2734 stddev 60 min 2638 max 2797
Center of mass motion removal mode is Linear
We have the following groups for center of mass motion removal:
  0:  rest

Started mdrun on rank 0 Sun Mar  8 12:58:17 2026

           Step           Time
              0        0.00000

   Energies (kJ/mol)
           Bond          Angle    Proper Dih. Per. Imp. Dih.          LJ-14
    1.60659e+03    3.77680e+03    5.05608e+03    2.72794e+02    1.86083e+03
     Coulomb-14        LJ (SR)   Coulomb (SR)   Coul. recip.      Potential
    1.60788e+04    4.74215e+04   -4.35196e+05    2.52328e+03   -3.56600e+05
    Kinetic En.   Total Energy  Conserved En.    Temperature Pressure (bar)
    6.88362e+04   -2.87764e+05   -2.87747e+05    2.97328e+02   -1.39354e+02
   Constr. rmsd
    2.91392e-06


DD  step 49 load imb.: force 11.4%

step 150 Turning on dynamic load balancing, because the performance loss due to load imbalance is 3.7 %.

DD  step 999  vol min/aver 0.919  load imb.: force 10.5%
           Step           Time
           1000        2.00000

   Energies (kJ/mol)
           Bond          Angle    Proper Dih. Per. Imp. Dih.          LJ-14
    1.53462e+03    3.93708e+03    4.91416e+03    2.51950e+02    1.83477e+03
     Coulomb-14        LJ (SR)   Coulomb (SR)   Coul. recip.      Potential
    1.59978e+04    4.92954e+04   -4.39340e+05    2.62018e+03   -3.58954e+05
    Kinetic En.   Total Energy  Conserved En.    Temperature Pressure (bar)
    6.99697e+04   -2.88984e+05   -2.87726e+05    3.02224e+02   -7.21056e+01
   Constr. rmsd
    3.04130e-06


DD  step 1999  vol min/aver 0.875  load imb.: force  5.1%
           Step           Time
           2000        4.00000

   Energies (kJ/mol)
           Bond          Angle    Proper Dih. Per. Imp. Dih.          LJ-14
    1.54242e+03    3.89031e+03    4.92722e+03    2.49227e+02    1.89330e+03
     Coulomb-14        LJ (SR)   Coulomb (SR)   Coul. recip.      Potential
    1.61814e+04    4.85380e+04   -4.37082e+05    2.55859e+03   -3.57302e+05
    Kinetic En.   Total Energy  Conserved En.    Temperature Pressure (bar)
    6.92863e+04   -2.88015e+05   -2.87715e+05    2.99272e+02    8.76254e+01
   Constr. rmsd
    3.14420e-06


DD  step 2999  vol min/aver 0.896  load imb.: force  8.0%

step 3000 Turning off dynamic load balancing, because it is degrading performance.
Atom distribution over 10 domains: av 2734 stddev 51 min 2696 max 2822
           Step           Time
           3000        6.00000

   Energies (kJ/mol)
           Bond          Angle    Proper Dih. Per. Imp. Dih.          LJ-14
    1.64241e+03    3.73807e+03    4.97171e+03    2.16862e+02    1.87095e+03
     Coulomb-14        LJ (SR)   Coulomb (SR)   Coul. recip.      Potential
    1.60958e+04    4.78369e+04   -4.36000e+05    2.56804e+03   -3.57059e+05
    Kinetic En.   Total Energy  Conserved En.    Temperature Pressure (bar)
    6.95828e+04   -2.87476e+05   -2.87706e+05    3.00553e+02   -2.31996e+02
   Constr. rmsd
    3.06661e-06


DD  step 3999 load imb.: force  7.6%
           Step           Time
           4000        8.00000

   Energies (kJ/mol)
           Bond          Angle    Proper Dih. Per. Imp. Dih.          LJ-14
    1.53916e+03    3.83537e+03    5.02620e+03    2.95920e+02    1.87643e+03
     Coulomb-14        LJ (SR)   Coulomb (SR)   Coul. recip.      Potential
    1.64688e+04    4.86522e+04   -4.37578e+05    2.58613e+03   -3.57298e+05
    Kinetic En.   Total Energy  Conserved En.    Temperature Pressure (bar)
    6.97898e+04   -2.87508e+05   -2.87675e+05    3.01447e+02    1.16782e+02
   Constr. rmsd
    3.05019e-06


DD  step 4999 load imb.: force  7.7%
           Step           Time
           5000       10.00000

   Energies (kJ/mol)
           Bond          Angle    Proper Dih. Per. Imp. Dih.          LJ-14
    1.46888e+03    3.91596e+03    5.01487e+03    2.74025e+02    1.86816e+03
     Coulomb-14        LJ (SR)   Coulomb (SR)   Coul. recip.      Potential
    1.62446e+04    4.87679e+04   -4.37150e+05    2.55454e+03   -3.57041e+05
    Kinetic En.   Total Energy  Conserved En.    Temperature Pressure (bar)
    6.87481e+04   -2.88293e+05   -2.87646e+05    2.96947e+02    9.17978e+01
   Constr. rmsd
    3.17321e-06


DD  step 5999 load imb.: force 11.4%
           Step           Time
           6000       12.00000

   Energies (kJ/mol)
           Bond          Angle    Proper Dih. Per. Imp. Dih.          LJ-14
    1.49642e+03    3.99336e+03    4.97682e+03    2.41982e+02    1.85448e+03
     Coulomb-14        LJ (SR)   Coulomb (SR)   Coul. recip.      Potential
    1.61004e+04    4.67216e+04   -4.35209e+05    2.50225e+03   -3.57321e+05
    Kinetic En.   Total Energy  Conserved En.    Temperature Pressure (bar)
    6.87162e+04   -2.88605e+05   -2.87625e+05    2.96810e+02   -3.46533e+02
   Constr. rmsd
    2.90484e-06


DD  step 6999 load imb.: force  5.7%
           Step           Time
           7000       14.00000

   Energies (kJ/mol)
           Bond          Angle    Proper Dih. Per. Imp. Dih.          LJ-14
    1.63177e+03    3.77860e+03    4.96224e+03    3.01505e+02    1.81417e+03
     Coulomb-14        LJ (SR)   Coulomb (SR)   Coul. recip.      Potential
    1.62580e+04    4.80973e+04   -4.36136e+05    2.53283e+03   -3.56760e+05
    Kinetic En.   Total Energy  Conserved En.    Temperature Pressure (bar)
    6.93935e+04   -2.87367e+05   -2.87612e+05    2.99735e+02   -1.71469e+02
   Constr. rmsd
    3.22126e-06


DD  step 7999 load imb.: force 13.1%
           Step           Time
           8000       16.00000

   Energies (kJ/mol)
           Bond          Angle    Proper Dih. Per. Imp. Dih.          LJ-14
    1.63143e+03    3.85505e+03    4.93894e+03    2.77028e+02    1.85690e+03
     Coulomb-14        LJ (SR)   Coulomb (SR)   Coul. recip.      Potential
    1.61297e+04    4.89441e+04   -4.38210e+05    2.53739e+03   -3.58040e+05
    Kinetic En.   Total Energy  Conserved En.    Temperature Pressure (bar)
    6.96510e+04   -2.88389e+05   -2.87593e+05    3.00847e+02    2.10598e+01
   Constr. rmsd
    3.30366e-06


DD  step 8999 load imb.: force  7.2%
           Step           Time
           9000       18.00000

   Energies (kJ/mol)
           Bond          Angle    Proper Dih. Per. Imp. Dih.          LJ-14
    1.55806e+03    4.02529e+03    4.92353e+03    2.61420e+02    1.89357e+03
     Coulomb-14        LJ (SR)   Coulomb (SR)   Coul. recip.      Potential
    1.60974e+04    4.85098e+04   -4.36544e+05    2.64912e+03   -3.56625e+05
    Kinetic En.   Total Energy  Conserved En.    Temperature Pressure (bar)
    6.89010e+04   -2.87724e+05   -2.87557e+05    2.97608e+02    5.03149e+01
   Constr. rmsd
    3.36409e-06


DD  step 9999 load imb.: force  4.2%

step 10000 Turning on dynamic load balancing, because the performance loss due to load imbalance is 4.6 %.
           Step           Time
          10000       20.00000

   Energies (kJ/mol)
           Bond          Angle    Proper Dih. Per. Imp. Dih.          LJ-14
    1.65177e+03    3.81022e+03    4.99740e+03    2.66151e+02    1.87361e+03
     Coulomb-14        LJ (SR)   Coulomb (SR)   Coul. recip.      Potential
    1.62612e+04    4.92104e+04   -4.38005e+05    2.51017e+03   -3.57424e+05
    Kinetic En.   Total Energy  Conserved En.    Temperature Pressure (bar)
    6.94295e+04   -2.87994e+05   -2.87519e+05    2.99890e+02    1.47397e+01
   Constr. rmsd
    2.94909e-06


DD  step 10999  vol min/aver 0.944  load imb.: force  4.0%
           Step           Time
          11000       22.00000

   Energies (kJ/mol)
           Bond          Angle    Proper Dih. Per. Imp. Dih.          LJ-14
    1.59986e+03    3.89578e+03    4.99071e+03    2.47942e+02    1.85499e+03
     Coulomb-14        LJ (SR)   Coulomb (SR)   Coul. recip.      Potential
    1.60413e+04    4.85313e+04   -4.35879e+05    2.53754e+03   -3.56179e+05
    Kinetic En.   Total Energy  Conserved En.    Temperature Pressure (bar)
    6.92404e+04   -2.86939e+05   -2.87509e+05    2.99074e+02    4.50956e+01
   Constr. rmsd
    2.81076e-06


DD  step 11999  vol min/aver 0.939  load imb.: force  5.5%
           Step           Time
          12000       24.00000

   Energies (kJ/mol)
           Bond          Angle    Proper Dih. Per. Imp. Dih.          LJ-14
    1.56920e+03    3.87445e+03    4.86772e+03    2.81306e+02    1.84056e+03
     Coulomb-14        LJ (SR)   Coulomb (SR)   Coul. recip.      Potential
    1.62188e+04    4.68065e+04   -4.34670e+05    2.58656e+03   -3.56625e+05
    Kinetic En.   Total Energy  Conserved En.    Temperature Pressure (bar)
    6.90470e+04   -2.87578e+05   -2.87500e+05    2.98238e+02   -3.42207e+02
   Constr. rmsd
    3.04333e-06


DD  step 12999  vol min/aver 0.926  load imb.: force  7.2%
           Step           Time
          13000       26.00000

   Energies (kJ/mol)
           Bond          Angle    Proper Dih. Per. Imp. Dih.          LJ-14
    1.54123e+03    3.98308e+03    4.96311e+03    2.60198e+02    1.83232e+03
     Coulomb-14        LJ (SR)   Coulomb (SR)   Coul. recip.      Potential
    1.59102e+04    4.90036e+04   -4.36864e+05    2.52316e+03   -3.56848e+05
    Kinetic En.   Total Energy  Conserved En.    Temperature Pressure (bar)
    6.97234e+04   -2.87124e+05   -2.87495e+05    3.01160e+02    1.29312e+02
   Constr. rmsd
    3.18380e-06


DD  step 13999  vol min/aver 0.920  load imb.: force  7.0%
           Step           Time
          14000       28.00000

   Energies (kJ/mol)
           Bond          Angle    Proper Dih. Per. Imp. Dih.          LJ-14
    1.58957e+03    3.91128e+03    4.92275e+03    2.45663e+02    1.87070e+03
     Coulomb-14        LJ (SR)   Coulomb (SR)   Coul. recip.      Potential
    1.60972e+04    4.96132e+04   -4.37657e+05    2.51398e+03   -3.56893e+05
    Kinetic En.   Total Energy  Conserved En.    Temperature Pressure (bar)
    6.98206e+04   -2.87072e+05   -2.87444e+05    3.01580e+02    3.06862e+02
   Constr. rmsd
    2.75112e-06


DD  step 14999  vol min/aver 0.943  load imb.: force  6.8%

step 15000 Turning off dynamic load balancing, because it is degrading performance.
Atom distribution over 10 domains: av 2734 stddev 49 min 2665 max 2779
           Step           Time
          15000       30.00000

   Energies (kJ/mol)
           Bond          Angle    Proper Dih. Per. Imp. Dih.          LJ-14
    1.55253e+03    3.93176e+03    4.92775e+03    2.84215e+02    1.78977e+03
     Coulomb-14        LJ (SR)   Coulomb (SR)   Coul. recip.      Potential
    1.60270e+04    4.85375e+04   -4.37879e+05    2.41136e+03   -3.58417e+05
    Kinetic En.   Total Energy  Conserved En.    Temperature Pressure (bar)
    6.88426e+04   -2.89575e+05   -2.87422e+05    2.97356e+02   -7.57330e+01
   Constr. rmsd
    2.93979e-06


DD  step 15999 load imb.: force  6.9%
           Step           Time
          16000       32.00000

   Energies (kJ/mol)
           Bond          Angle    Proper Dih. Per. Imp. Dih.          LJ-14
    1.60343e+03    3.85415e+03    4.91082e+03    2.73211e+02    1.86217e+03
     Coulomb-14        LJ (SR)   Coulomb (SR)   Coul. recip.      Potential
    1.61624e+04    4.92136e+04   -4.37113e+05    2.52915e+03   -3.56704e+05
    Kinetic En.   Total Energy  Conserved En.    Temperature Pressure (bar)
    6.97525e+04   -2.86952e+05   -2.87436e+05    3.01286e+02    1.67566e+02
   Constr. rmsd
    3.32406e-06


DD  step 16999 load imb.: force  7.3%
           Step           Time
          17000       34.00000

   Energies (kJ/mol)
           Bond          Angle    Proper Dih. Per. Imp. Dih.          LJ-14
    1.60817e+03    3.84733e+03    4.96680e+03    2.77662e+02    1.86525e+03
     Coulomb-14        LJ (SR)   Coulomb (SR)   Coul. recip.      Potential
    1.61670e+04    4.84881e+04   -4.36852e+05    2.40822e+03   -3.57223e+05
    Kinetic En.   Total Energy  Conserved En.    Temperature Pressure (bar)
    6.93924e+04   -2.87831e+05   -2.87401e+05    2.99730e+02    6.50860e+01
   Constr. rmsd
    3.00819e-06


DD  step 17999 load imb.: force  3.7%
           Step           Time
          18000       36.00000

   Energies (kJ/mol)
           Bond          Angle    Proper Dih. Per. Imp. Dih.          LJ-14
    1.60136e+03    3.97749e+03    4.97829e+03    2.85252e+02    1.86160e+03
     Coulomb-14        LJ (SR)   Coulomb (SR)   Coul. recip.      Potential
    1.60834e+04    4.79844e+04   -4.36629e+05    2.51847e+03   -3.57339e+05
    Kinetic En.   Total Energy  Conserved En.    Temperature Pressure (bar)
    6.93727e+04   -2.87966e+05   -2.87375e+05    2.99645e+02   -1.34095e+02
   Constr. rmsd
    3.05037e-06


DD  step 18999 load imb.: force  6.0%
           Step           Time
          19000       38.00000

   Energies (kJ/mol)
           Bond          Angle    Proper Dih. Per. Imp. Dih.          LJ-14
    1.61824e+03    3.91280e+03    4.94744e+03    2.70567e+02    1.87642e+03
     Coulomb-14        LJ (SR)   Coulomb (SR)   Coul. recip.      Potential
    1.60662e+04    4.90166e+04   -4.37128e+05    2.52940e+03   -3.56890e+05
    Kinetic En.   Total Energy  Conserved En.    Temperature Pressure (bar)
    6.96369e+04   -2.87253e+05   -2.87358e+05    3.00786e+02    2.72350e+02
   Constr. rmsd
    3.03711e-06


DD  step 19999 load imb.: force 12.2%

step 20000 Will no longer try dynamic load balancing, as it degraded performance.
           Step           Time
          20000       40.00000

   Energies (kJ/mol)
           Bond          Angle    Proper Dih. Per. Imp. Dih.          LJ-14
    1.59340e+03    3.99823e+03    5.01839e+03    2.51084e+02    1.87158e+03
     Coulomb-14        LJ (SR)   Coulomb (SR)   Coul. recip.      Potential
    1.61153e+04    4.79890e+04   -4.36171e+05    2.59152e+03   -3.56742e+05
    Kinetic En.   Total Energy  Conserved En.    Temperature Pressure (bar)
    6.95411e+04   -2.87201e+05   -2.87336e+05    3.00373e+02   -5.63766e+01
   Constr. rmsd
    3.30221e-06


DD  step 20999 load imb.: force  5.4%
           Step           Time
          21000       42.00000

   Energies (kJ/mol)
           Bond          Angle    Proper Dih. Per. Imp. Dih.          LJ-14
    1.58739e+03    3.76117e+03    4.96106e+03    2.65039e+02    1.86665e+03
     Coulomb-14        LJ (SR)   Coulomb (SR)   Coul. recip.      Potential
    1.62603e+04    5.01224e+04   -4.39491e+05    2.52654e+03   -3.58141e+05
    Kinetic En.   Total Energy  Conserved En.    Temperature Pressure (bar)
    6.88341e+04   -2.89307e+05   -2.87311e+05    2.97319e+02    4.17655e+01
   Constr. rmsd
    3.29031e-06


DD  step 21999 load imb.: force  8.0%
           Step           Time
          22000       44.00000

   Energies (kJ/mol)
           Bond          Angle    Proper Dih. Per. Imp. Dih.          LJ-14
    1.58045e+03    3.77895e+03    4.89092e+03    2.70768e+02    1.89633e+03
     Coulomb-14        LJ (SR)   Coulomb (SR)   Coul. recip.      Potential
    1.60970e+04    4.84729e+04   -4.37138e+05    2.59185e+03   -3.57558e+05
    Kinetic En.   Total Energy  Conserved En.    Temperature Pressure (bar)
    6.83872e+04   -2.89171e+05   -2.87308e+05    2.95388e+02   -5.41342e+01
   Constr. rmsd
    3.36922e-06


DD  step 22999 load imb.: force 10.3%
           Step           Time
          23000       46.00000

   Energies (kJ/mol)
           Bond          Angle    Proper Dih. Per. Imp. Dih.          LJ-14
    1.53067e+03    3.79561e+03    4.88254e+03    2.89022e+02    1.91043e+03
     Coulomb-14        LJ (SR)   Coulomb (SR)   Coul. recip.      Potential
    1.62740e+04    4.89262e+04   -4.37933e+05    2.62815e+03   -3.57696e+05
    Kinetic En.   Total Energy  Conserved En.    Temperature Pressure (bar)
    7.01815e+04   -2.87514e+05   -2.87296e+05    3.03139e+02    1.88087e+02
   Constr. rmsd
    3.13618e-06


DD  step 23999 load imb.: force 13.5%
           Step           Time
          24000       48.00000

   Energies (kJ/mol)
           Bond          Angle    Proper Dih. Per. Imp. Dih.          LJ-14
    1.51605e+03    3.80777e+03    5.00430e+03    2.68917e+02    1.85709e+03
     Coulomb-14        LJ (SR)   Coulomb (SR)   Coul. recip.      Potential
    1.62141e+04    4.85820e+04   -4.37641e+05    2.48281e+03   -3.57908e+05
    Kinetic En.   Total Energy  Conserved En.    Temperature Pressure (bar)
    6.97748e+04   -2.88133e+05   -2.87269e+05    3.01382e+02   -7.05333e+00
   Constr. rmsd
    3.02925e-06


DD  step 24999 load imb.: force  9.1%
           Step           Time
          25000       50.00000

   Energies (kJ/mol)
           Bond          Angle    Proper Dih. Per. Imp. Dih.          LJ-14
    1.57231e+03    3.83170e+03    4.86296e+03    2.88046e+02    1.88577e+03
     Coulomb-14        LJ (SR)   Coulomb (SR)   Coul. recip.      Potential
    1.62108e+04    4.91113e+04   -4.37673e+05    2.46089e+03   -3.57449e+05
    Kinetic En.   Total Energy  Conserved En.    Temperature Pressure (bar)
    6.93477e+04   -2.88101e+05   -2.87235e+05    2.99537e+02    2.41445e+02
   Constr. rmsd
    3.45873e-06


DD  step 25999 load imb.: force  9.8%
           Step           Time
          26000       52.00000

   Energies (kJ/mol)
           Bond          Angle    Proper Dih. Per. Imp. Dih.          LJ-14
    1.67436e+03    3.74234e+03    5.02059e+03    2.72926e+02    1.85394e+03
     Coulomb-14        LJ (SR)   Coulomb (SR)   Coul. recip.      Potential
    1.61455e+04    4.75115e+04   -4.36672e+05    2.53924e+03   -3.57912e+05
    Kinetic En.   Total Energy  Conserved En.    Temperature Pressure (bar)
    6.99696e+04   -2.87942e+05   -2.87255e+05    3.02223e+02   -2.61125e+02
   Constr. rmsd
    2.97144e-06


DD  step 26999 load imb.: force  7.8%
           Step           Time
          27000       54.00000

   Energies (kJ/mol)
           Bond          Angle    Proper Dih. Per. Imp. Dih.          LJ-14
    1.61534e+03    3.85634e+03    4.85416e+03    2.25533e+02    1.81117e+03
     Coulomb-14        LJ (SR)   Coulomb (SR)   Coul. recip.      Potential
    1.59824e+04    4.84757e+04   -4.37561e+05    2.55319e+03   -3.58187e+05
    Kinetic En.   Total Energy  Conserved En.    Temperature Pressure (bar)
    6.93564e+04   -2.88831e+05   -2.87216e+05    2.99575e+02    3.12850e+01
   Constr. rmsd
    3.19149e-06


DD  step 27999 load imb.: force 10.9%
           Step           Time
          28000       56.00000

   Energies (kJ/mol)
           Bond          Angle    Proper Dih. Per. Imp. Dih.          LJ-14
    1.52590e+03    3.98048e+03    4.84283e+03    2.50091e+02    1.94008e+03
     Coulomb-14        LJ (SR)   Coulomb (SR)   Coul. recip.      Potential
    1.62745e+04    4.87071e+04   -4.37743e+05    2.53690e+03   -3.57685e+05
    Kinetic En.   Total Energy  Conserved En.    Temperature Pressure (bar)
    6.96732e+04   -2.88012e+05   -2.87180e+05    3.00943e+02    1.87201e+02
   Constr. rmsd
    2.95987e-06


DD  step 28999 load imb.: force  8.2%
           Step           Time
          29000       58.00000

   Energies (kJ/mol)
           Bond          Angle    Proper Dih. Per. Imp. Dih.          LJ-14
    1.53989e+03    3.92314e+03    4.93384e+03    2.59295e+02    1.90481e+03
     Coulomb-14        LJ (SR)   Coulomb (SR)   Coul. recip.      Potential
    1.60986e+04    4.90631e+04   -4.37013e+05    2.49886e+03   -3.56791e+05
    Kinetic En.   Total Energy  Conserved En.    Temperature Pressure (bar)
    6.94143e+04   -2.87377e+05   -2.87162e+05    2.99825e+02    2.23401e+02
   Constr. rmsd
    3.38015e-06


DD  step 29999 load imb.: force  8.9%
           Step           Time
          30000       60.00000

   Energies (kJ/mol)
           Bond          Angle    Proper Dih. Per. Imp. Dih.          LJ-14
    1.61221e+03    3.75409e+03    4.91764e+03    2.60752e+02    1.92816e+03
     Coulomb-14        LJ (SR)   Coulomb (SR)   Coul. recip.      Potential
    1.61553e+04    4.79645e+04   -4.37011e+05    2.55069e+03   -3.57868e+05
    Kinetic En.   Total Energy  Conserved En.    Temperature Pressure (bar)
    6.92239e+04   -2.88644e+05   -2.87153e+05    2.99002e+02   -2.75646e+02
   Constr. rmsd
    2.98885e-06


DD  step 30999 load imb.: force  8.3%
           Step           Time
          31000       62.00000

   Energies (kJ/mol)
           Bond          Angle    Proper Dih. Per. Imp. Dih.          LJ-14
    1.63054e+03    4.05560e+03    4.92415e+03    2.51092e+02    1.82165e+03
     Coulomb-14        LJ (SR)   Coulomb (SR)   Coul. recip.      Potential
    1.59510e+04    4.85462e+04   -4.37008e+05    2.57137e+03   -3.57257e+05
    Kinetic En.   Total Energy  Conserved En.    Temperature Pressure (bar)
    6.96531e+04   -2.87604e+05   -2.87131e+05    3.00856e+02   -1.93351e+02
   Constr. rmsd
    2.97761e-06


DD  step 31999 load imb.: force  8.5%
           Step           Time
          32000       64.00000

   Energies (kJ/mol)
           Bond          Angle    Proper Dih. Per. Imp. Dih.          LJ-14
    1.51948e+03    3.82494e+03    4.98145e+03    2.52116e+02    1.88553e+03
     Coulomb-14        LJ (SR)   Coulomb (SR)   Coul. recip.      Potential
    1.61416e+04    4.83563e+04   -4.37439e+05    2.59145e+03   -3.57886e+05
    Kinetic En.   Total Energy  Conserved En.    Temperature Pressure (bar)
    6.89794e+04   -2.88906e+05   -2.87109e+05    2.97946e+02   -4.29852e+01
   Constr. rmsd
    2.83240e-06


DD  step 32999 load imb.: force  8.0%
           Step           Time
          33000       66.00000

   Energies (kJ/mol)
           Bond          Angle    Proper Dih. Per. Imp. Dih.          LJ-14
    1.46268e+03    3.86819e+03    4.98842e+03    2.70631e+02    1.90439e+03
     Coulomb-14        LJ (SR)   Coulomb (SR)   Coul. recip.      Potential
    1.61501e+04    4.92605e+04   -4.37594e+05    2.61314e+03   -3.57076e+05
    Kinetic En.   Total Energy  Conserved En.    Temperature Pressure (bar)
    6.98447e+04   -2.87231e+05   -2.87095e+05    3.01684e+02    2.56405e+02
   Constr. rmsd
    3.10363e-06


DD  step 33999 load imb.: force  9.5%
           Step           Time
          34000       68.00000

   Energies (kJ/mol)
           Bond          Angle    Proper Dih. Per. Imp. Dih.          LJ-14
    1.65920e+03    3.86261e+03    4.86300e+03    3.15234e+02    1.90677e+03
     Coulomb-14        LJ (SR)   Coulomb (SR)   Coul. recip.      Potential
    1.62250e+04    4.83070e+04   -4.36041e+05    2.64644e+03   -3.56255e+05
    Kinetic En.   Total Energy  Conserved En.    Temperature Pressure (bar)
    6.91972e+04   -2.87058e+05   -2.87061e+05    2.98887e+02   -2.23723e+01
   Constr. rmsd
    3.15107e-06


DD  step 34999 load imb.: force  5.6%
           Step           Time
          35000       70.00000

   Energies (kJ/mol)
           Bond          Angle    Proper Dih. Per. Imp. Dih.          LJ-14
    1.55965e+03    4.02752e+03    4.84961e+03    2.53088e+02    1.79355e+03
     Coulomb-14        LJ (SR)   Coulomb (SR)   Coul. recip.      Potential
    1.60886e+04    4.81235e+04   -4.35693e+05    2.58553e+03   -3.56412e+05
    Kinetic En.   Total Energy  Conserved En.    Temperature Pressure (bar)
    6.96243e+04   -2.86788e+05   -2.87054e+05    3.00732e+02   -2.19412e+02
   Constr. rmsd
    2.95006e-06


DD  step 35999 load imb.: force  5.7%
           Step           Time
          36000       72.00000

   Energies (kJ/mol)
           Bond          Angle    Proper Dih. Per. Imp. Dih.          LJ-14
    1.73132e+03    3.90910e+03    4.83220e+03    2.68782e+02    1.86081e+03
     Coulomb-14        LJ (SR)   Coulomb (SR)   Coul. recip.      Potential
    1.61514e+04    4.77471e+04   -4.34755e+05    2.60022e+03   -3.55654e+05
    Kinetic En.   Total Energy  Conserved En.    Temperature Pressure (bar)
    6.91235e+04   -2.86530e+05   -2.87046e+05    2.98569e+02   -3.41694e+02
   Constr. rmsd
    3.04899e-06


DD  step 36999 load imb.: force  7.0%
           Step           Time
          37000       74.00000

   Energies (kJ/mol)
           Bond          Angle    Proper Dih. Per. Imp. Dih.          LJ-14
    1.57594e+03    4.01213e+03    4.93321e+03    2.92876e+02    1.84099e+03
     Coulomb-14        LJ (SR)   Coulomb (SR)   Coul. recip.      Potential
    1.61580e+04    4.80022e+04   -4.36005e+05    2.51399e+03   -3.56676e+05
    Kinetic En.   Total Energy  Conserved En.    Temperature Pressure (bar)
    6.96591e+04   -2.87017e+05   -2.87013e+05    3.00882e+02   -1.08037e+02
   Constr. rmsd
    3.03994e-06


DD  step 37999 load imb.: force  6.6%
           Step           Time
          38000       76.00000

   Energies (kJ/mol)
           Bond          Angle    Proper Dih. Per. Imp. Dih.          LJ-14
    1.59156e+03    3.96485e+03    4.90069e+03    2.70130e+02    1.83762e+03
     Coulomb-14        LJ (SR)   Coulomb (SR)   Coul. recip.      Potential
    1.61612e+04    4.87650e+04   -4.36855e+05    2.58597e+03   -3.56778e+05
    Kinetic En.   Total Energy  Conserved En.    Temperature Pressure (bar)
    6.99302e+04   -2.86848e+05   -2.87004e+05    3.02053e+02    9.47307e+01
   Constr. rmsd
    2.86826e-06


DD  step 38999 load imb.: force  9.4%
           Step           Time
          39000       78.00000

   Energies (kJ/mol)
           Bond          Angle    Proper Dih. Per. Imp. Dih.          LJ-14
    1.62085e+03    4.00856e+03    4.94061e+03    2.65374e+02    1.84180e+03
     Coulomb-14        LJ (SR)   Coulomb (SR)   Coul. recip.      Potential
    1.61161e+04    4.88460e+04   -4.36437e+05    2.53490e+03   -3.56262e+05
    Kinetic En.   Total Energy  Conserved En.    Temperature Pressure (bar)
    6.95271e+04   -2.86735e+05   -2.86979e+05    3.00312e+02    1.99564e+01
   Constr. rmsd
    2.99451e-06


DD  step 39999 load imb.: force  5.7%
           Step           Time
          40000       80.00000

   Energies (kJ/mol)
           Bond          Angle    Proper Dih. Per. Imp. Dih.          LJ-14
    1.56529e+03    3.91548e+03    4.91614e+03    2.73726e+02    1.90913e+03
     Coulomb-14        LJ (SR)   Coulomb (SR)   Coul. recip.      Potential
    1.60926e+04    4.81665e+04   -4.36403e+05    2.58143e+03   -3.56983e+05
    Kinetic En.   Total Energy  Conserved En.    Temperature Pressure (bar)
    7.00215e+04   -2.86962e+05   -2.86940e+05    3.02448e+02    1.31872e+02
   Constr. rmsd
    3.07962e-06


DD  step 40999 load imb.: force  9.0%
           Step           Time
          41000       82.00000

   Energies (kJ/mol)
           Bond          Angle    Proper Dih. Per. Imp. Dih.          LJ-14
    1.48319e+03    3.94752e+03    4.91495e+03    2.44923e+02    1.89747e+03
     Coulomb-14        LJ (SR)   Coulomb (SR)   Coul. recip.      Potential
    1.62094e+04    4.91409e+04   -4.37200e+05    2.60197e+03   -3.56760e+05
    Kinetic En.   Total Energy  Conserved En.    Temperature Pressure (bar)
    6.99297e+04   -2.86830e+05   -2.86956e+05    3.02051e+02    1.60113e+02
   Constr. rmsd
    3.20136e-06


DD  step 41999 load imb.: force  3.9%
           Step           Time
          42000       84.00000

   Energies (kJ/mol)
           Bond          Angle    Proper Dih. Per. Imp. Dih.          LJ-14
    1.70787e+03    3.90642e+03    4.95165e+03    2.74476e+02    1.82995e+03
     Coulomb-14        LJ (SR)   Coulomb (SR)   Coul. recip.      Potential
    1.59464e+04    4.80038e+04   -4.35171e+05    2.61456e+03   -3.55936e+05
    Kinetic En.   Total Energy  Conserved En.    Temperature Pressure (bar)
    7.04012e+04   -2.85535e+05   -2.86924e+05    3.04088e+02   -2.43479e+02
   Constr. rmsd
    2.98306e-06


DD  step 42999 load imb.: force  7.0%
           Step           Time
          43000       86.00000

   Energies (kJ/mol)
           Bond          Angle    Proper Dih. Per. Imp. Dih.          LJ-14
    1.51632e+03    3.92654e+03    4.91772e+03    2.42728e+02    1.89873e+03
     Coulomb-14        LJ (SR)   Coulomb (SR)   Coul. recip.      Potential
    1.62445e+04    4.81252e+04   -4.37332e+05    2.52732e+03   -3.57933e+05
    Kinetic En.   Total Energy  Conserved En.    Temperature Pressure (bar)
    6.87215e+04   -2.89212e+05   -2.86905e+05    2.96832e+02   -8.23931e+01
   Constr. rmsd
    2.87781e-06


DD  step 43999 load imb.: force  7.0%
           Step           Time
          44000       88.00000

   Energies (kJ/mol)
           Bond          Angle    Proper Dih. Per. Imp. Dih.          LJ-14
    1.53300e+03    3.92156e+03    4.89990e+03    2.46174e+02    1.90535e+03
     Coulomb-14        LJ (SR)   Coulomb (SR)   Coul. recip.      Potential
    1.62568e+04    4.95913e+04   -4.38461e+05    2.52643e+03   -3.57581e+05
    Kinetic En.   Total Energy  Conserved En.    Temperature Pressure (bar)
    6.99696e+04   -2.87611e+05   -2.86884e+05    3.02224e+02    2.32674e+02
   Constr. rmsd
    3.37217e-06


DD  step 44999 load imb.: force  6.0%
           Step           Time
          45000       90.00000

   Energies (kJ/mol)
           Bond          Angle    Proper Dih. Per. Imp. Dih.          LJ-14
    1.58345e+03    4.09847e+03    4.79886e+03    2.90135e+02    1.88245e+03
     Coulomb-14        LJ (SR)   Coulomb (SR)   Coul. recip.      Potential
    1.60734e+04    4.77366e+04   -4.35837e+05    2.58004e+03   -3.56794e+05
    Kinetic En.   Total Energy  Conserved En.    Temperature Pressure (bar)
    6.88992e+04   -2.87894e+05   -2.86846e+05    2.97600e+02   -4.26269e+01
   Constr. rmsd
    2.92756e-06


DD  step 45999 load imb.: force  9.8%
           Step           Time
          46000       92.00000

   Energies (kJ/mol)
           Bond          Angle    Proper Dih. Per. Imp. Dih.          LJ-14
    1.55140e+03    3.84592e+03    4.87327e+03    2.82188e+02    1.82046e+03
     Coulomb-14        LJ (SR)   Coulomb (SR)   Coul. recip.      Potential
    1.61126e+04    4.90726e+04   -4.37555e+05    2.50938e+03   -3.57487e+05
    Kinetic En.   Total Energy  Conserved En.    Temperature Pressure (bar)
    6.95148e+04   -2.87973e+05   -2.86847e+05    3.00259e+02    8.54695e+01
   Constr. rmsd
    3.29106e-06


DD  step 46999 load imb.: force  8.9%
           Step           Time
          47000       94.00000

   Energies (kJ/mol)
           Bond          Angle    Proper Dih. Per. Imp. Dih.          LJ-14
    1.55665e+03    4.12023e+03    4.94520e+03    2.59014e+02    1.80386e+03
     Coulomb-14        LJ (SR)   Coulomb (SR)   Coul. recip.      Potential
    1.60777e+04    4.74159e+04   -4.35634e+05    2.51051e+03   -3.56945e+05
    Kinetic En.   Total Energy  Conserved En.    Temperature Pressure (bar)
    6.97860e+04   -2.87159e+05   -2.86835e+05    3.01430e+02   -2.04477e+02
   Constr. rmsd
    2.78388e-06


DD  step 47999 load imb.: force  6.3%
           Step           Time
          48000       96.00000

   Energies (kJ/mol)
           Bond          Angle    Proper Dih. Per. Imp. Dih.          LJ-14
    1.65007e+03    3.93428e+03    4.91250e+03    2.66151e+02    1.88150e+03
     Coulomb-14        LJ (SR)   Coulomb (SR)   Coul. recip.      Potential
    1.61883e+04    4.89293e+04   -4.37433e+05    2.57783e+03   -3.57093e+05
    Kinetic En.   Total Energy  Conserved En.    Temperature Pressure (bar)
    6.94415e+04   -2.87652e+05   -2.86790e+05    2.99942e+02    9.72129e+01
   Constr. rmsd
    3.35185e-06


DD  step 48999 load imb.: force  7.7%
           Step           Time
          49000       98.00000

   Energies (kJ/mol)
           Bond          Angle    Proper Dih. Per. Imp. Dih.          LJ-14
    1.56549e+03    3.94724e+03    4.92863e+03    2.51541e+02    1.87845e+03
     Coulomb-14        LJ (SR)   Coulomb (SR)   Coul. recip.      Potential
    1.60062e+04    4.78264e+04   -4.36077e+05    2.60138e+03   -3.57071e+05
    Kinetic En.   Total Energy  Conserved En.    Temperature Pressure (bar)
    6.88290e+04   -2.88242e+05   -2.86795e+05    2.97297e+02   -1.35457e+02
   Constr. rmsd
    2.94736e-06


DD  step 49999 load imb.: force 11.2%
           Step           Time
          50000      100.00000

   Energies (kJ/mol)
           Bond          Angle    Proper Dih. Per. Imp. Dih.          LJ-14
    1.52275e+03    3.76882e+03    4.93272e+03    2.57763e+02    1.92044e+03
     Coulomb-14        LJ (SR)   Coulomb (SR)   Coul. recip.      Potential
    1.63039e+04    4.91605e+04   -4.37488e+05    2.54506e+03   -3.57076e+05
    Kinetic En.   Total Energy  Conserved En.    Temperature Pressure (bar)
    6.88275e+04   -2.88248e+05   -2.86762e+05    2.97290e+02    1.23701e+02
   Constr. rmsd
    2.84863e-06


DD  step 50999 load imb.: force 11.9%
           Step           Time
          51000      102.00000

   Energies (kJ/mol)
           Bond          Angle    Proper Dih. Per. Imp. Dih.          LJ-14
    1.59656e+03    4.04911e+03    4.94817e+03    2.69052e+02    1.82787e+03
     Coulomb-14        LJ (SR)   Coulomb (SR)   Coul. recip.      Potential
    1.60314e+04    5.02977e+04   -4.38443e+05    2.59095e+03   -3.56832e+05
    Kinetic En.   Total Energy  Conserved En.    Temperature Pressure (bar)
    6.96992e+04   -2.87133e+05   -2.86744e+05    3.01056e+02    3.19608e+02
   Constr. rmsd
    3.14563e-06


DD  step 51999 load imb.: force  8.5%
           Step           Time
          52000      104.00000

   Energies (kJ/mol)
           Bond          Angle    Proper Dih. Per. Imp. Dih.          LJ-14
    1.60116e+03    3.89826e+03    4.97363e+03    2.62861e+02    1.81302e+03
     Coulomb-14        LJ (SR)   Coulomb (SR)   Coul. recip.      Potential
    1.60033e+04    4.75291e+04   -4.35758e+05    2.57830e+03   -3.57098e+05
    Kinetic En.   Total Energy  Conserved En.    Temperature Pressure (bar)
    6.94409e+04   -2.87658e+05   -2.86732e+05    2.99939e+02   -1.66262e+02
   Constr. rmsd
    3.55272e-06


DD  step 52999 load imb.: force  9.5%
           Step           Time
          53000      106.00000

   Energies (kJ/mol)
           Bond          Angle    Proper Dih. Per. Imp. Dih.          LJ-14
    1.58161e+03    3.75046e+03    4.88152e+03    2.67519e+02    1.89712e+03
     Coulomb-14        LJ (SR)   Coulomb (SR)   Coul. recip.      Potential
    1.62845e+04    4.80679e+04   -4.36774e+05    2.50587e+03   -3.57537e+05
    Kinetic En.   Total Energy  Conserved En.    Temperature Pressure (bar)
    6.90462e+04   -2.88491e+05   -2.86719e+05    2.98235e+02   -1.51321e+02
   Constr. rmsd
    2.92637e-06


DD  step 53999 load imb.: force  7.8%
           Step           Time
          54000      108.00000

   Energies (kJ/mol)
           Bond          Angle    Proper Dih. Per. Imp. Dih.          LJ-14
    1.60295e+03    3.81940e+03    4.97801e+03    2.15957e+02    1.81812e+03
     Coulomb-14        LJ (SR)   Coulomb (SR)   Coul. recip.      Potential
    1.62268e+04    4.81697e+04   -4.37784e+05    2.66307e+03   -3.58290e+05
    Kinetic En.   Total Energy  Conserved En.    Temperature Pressure (bar)
    6.91725e+04   -2.89117e+05   -2.86695e+05    2.98780e+02   -2.94498e+02
   Constr. rmsd
    2.65701e-06


DD  step 54999 load imb.: force  7.8%
           Step           Time
          55000      110.00000

   Energies (kJ/mol)
           Bond          Angle    Proper Dih. Per. Imp. Dih.          LJ-14
    1.57402e+03    3.87679e+03    4.90672e+03    2.49309e+02    1.80396e+03
     Coulomb-14        LJ (SR)   Coulomb (SR)   Coul. recip.      Potential
    1.60114e+04    4.72960e+04   -4.35714e+05    2.59096e+03   -3.57404e+05
    Kinetic En.   Total Energy  Conserved En.    Temperature Pressure (bar)
    6.91738e+04   -2.88231e+05   -2.86679e+05    2.98786e+02   -3.39952e+02
   Constr. rmsd
    3.00376e-06


DD  step 55999 load imb.: force  6.4%
           Step           Time
          56000      112.00000

   Energies (kJ/mol)
           Bond          Angle    Proper Dih. Per. Imp. Dih.          LJ-14
    1.67574e+03    3.80714e+03    4.92181e+03    2.74722e+02    1.85756e+03
     Coulomb-14        LJ (SR)   Coulomb (SR)   Coul. recip.      Potential
    1.62511e+04    4.87962e+04   -4.36540e+05    2.63362e+03   -3.56322e+05
    Kinetic En.   Total Energy  Conserved En.    Temperature Pressure (bar)
    6.88811e+04   -2.87441e+05   -2.86631e+05    2.97522e+02    1.32897e+02
   Constr. rmsd
    2.95738e-06


DD  step 56999 load imb.: force  8.1%
           Step           Time
          57000      114.00000

   Energies (kJ/mol)
           Bond          Angle    Proper Dih. Per. Imp. Dih.          LJ-14
    1.54730e+03    3.55128e+03    4.88506e+03    2.28355e+02    1.88632e+03
     Coulomb-14        LJ (SR)   Coulomb (SR)   Coul. recip.      Potential
    1.63320e+04    4.71101e+04   -4.36428e+05    2.55199e+03   -3.58335e+05
    Kinetic En.   Total Energy  Conserved En.    Temperature Pressure (bar)
    6.84145e+04   -2.89921e+05   -2.86643e+05    2.95506e+02   -3.11905e+02
   Constr. rmsd
    3.09574e-06


DD  step 57999 load imb.: force  8.7%
           Step           Time
          58000      116.00000

   Energies (kJ/mol)
           Bond          Angle    Proper Dih. Per. Imp. Dih.          LJ-14
    1.53862e+03    3.98649e+03    4.92740e+03    2.79179e+02    1.89822e+03
     Coulomb-14        LJ (SR)   Coulomb (SR)   Coul. recip.      Potential
    1.60388e+04    4.89493e+04   -4.37178e+05    2.57724e+03   -3.56982e+05
    Kinetic En.   Total Energy  Conserved En.    Temperature Pressure (bar)
    6.88340e+04   -2.88148e+05   -2.86595e+05    2.97318e+02    1.96962e+02
   Constr. rmsd
    2.79794e-06


DD  step 58999 load imb.: force  7.2%
           Step           Time
          59000      118.00000

   Energies (kJ/mol)
           Bond          Angle    Proper Dih. Per. Imp. Dih.          LJ-14
    1.53544e+03    3.91349e+03    4.93870e+03    2.40026e+02    1.86568e+03
     Coulomb-14        LJ (SR)   Coulomb (SR)   Coul. recip.      Potential
    1.59667e+04    4.77950e+04   -4.36424e+05    2.49182e+03   -3.57677e+05
    Kinetic En.   Total Energy  Conserved En.    Temperature Pressure (bar)
    6.94092e+04   -2.88268e+05   -2.86597e+05    2.99803e+02   -1.89569e+02
   Constr. rmsd
    2.89535e-06


DD  step 59999 load imb.: force  6.0%
           Step           Time
          60000      120.00000

   Energies (kJ/mol)
           Bond          Angle    Proper Dih. Per. Imp. Dih.          LJ-14
    1.58670e+03    3.88305e+03    4.87840e+03    2.63269e+02    1.90772e+03
     Coulomb-14        LJ (SR)   Coulomb (SR)   Coul. recip.      Potential
    1.59911e+04    4.86895e+04   -4.37374e+05    2.53338e+03   -3.57641e+05
    Kinetic En.   Total Energy  Conserved En.    Temperature Pressure (bar)
    6.96661e+04   -2.87975e+05   -2.86567e+05    3.00912e+02    7.99798e+01
   Constr. rmsd
    3.07831e-06


DD  step 60999 load imb.: force 12.8%
           Step           Time
          61000      122.00000

   Energies (kJ/mol)
           Bond          Angle    Proper Dih. Per. Imp. Dih.          LJ-14
    1.62987e+03    3.82220e+03    4.92845e+03    2.25732e+02    1.85203e+03
     Coulomb-14        LJ (SR)   Coulomb (SR)   Coul. recip.      Potential
    1.62700e+04    4.82728e+04   -4.36134e+05    2.56412e+03   -3.56568e+05
    Kinetic En.   Total Energy  Conserved En.    Temperature Pressure (bar)
    6.99058e+04   -2.86663e+05   -2.86562e+05    3.01948e+02    5.93917e+01
   Constr. rmsd
    3.00944e-06


DD  step 61999 load imb.: force  5.1%
           Step           Time
          62000      124.00000

   Energies (kJ/mol)
           Bond          Angle    Proper Dih. Per. Imp. Dih.          LJ-14
    1.56618e+03    3.82583e+03    4.93455e+03    2.67529e+02    1.88398e+03
     Coulomb-14        LJ (SR)   Coulomb (SR)   Coul. recip.      Potential
    1.62400e+04    4.74864e+04   -4.35442e+05    2.66730e+03   -3.56570e+05
    Kinetic En.   Total Energy  Conserved En.    Temperature Pressure (bar)
    6.90422e+04   -2.87528e+05   -2.86540e+05    2.98218e+02   -1.29650e+02
   Constr. rmsd
    3.02469e-06


DD  step 62999 load imb.: force  3.6%
           Step           Time
          63000      126.00000

   Energies (kJ/mol)
           Bond          Angle    Proper Dih. Per. Imp. Dih.          LJ-14
    1.66474e+03    3.81502e+03    4.78060e+03    2.45759e+02    1.88391e+03
     Coulomb-14        LJ (SR)   Coulomb (SR)   Coul. recip.      Potential
    1.61416e+04    4.95353e+04   -4.38671e+05    2.55295e+03   -3.58051e+05
    Kinetic En.   Total Energy  Conserved En.    Temperature Pressure (bar)
    6.95376e+04   -2.88513e+05   -2.86533e+05    3.00357e+02    1.27365e+02
   Constr. rmsd
    3.40828e-06


DD  step 63999 load imb.: force  5.9%
           Step           Time
          64000      128.00000

   Energies (kJ/mol)
           Bond          Angle    Proper Dih. Per. Imp. Dih.          LJ-14
    1.78861e+03    3.87707e+03    4.86452e+03    2.72102e+02    1.87659e+03
     Coulomb-14        LJ (SR)   Coulomb (SR)   Coul. recip.      Potential
    1.60925e+04    4.87644e+04   -4.36371e+05    2.57519e+03   -3.56260e+05
    Kinetic En.   Total Energy  Conserved En.    Temperature Pressure (bar)
    6.98496e+04   -2.86411e+05   -2.86484e+05    3.01705e+02    1.90429e+01
   Constr. rmsd
    3.19783e-06


DD  step 64999 load imb.: force  7.1%
           Step           Time
          65000      130.00000

   Energies (kJ/mol)
           Bond          Angle    Proper Dih. Per. Imp. Dih.          LJ-14
    1.58089e+03    3.85124e+03    4.88925e+03    2.70724e+02    1.92977e+03
     Coulomb-14        LJ (SR)   Coulomb (SR)   Coul. recip.      Potential
    1.62391e+04    4.86099e+04   -4.37812e+05    2.55700e+03   -3.57884e+05
    Kinetic En.   Total Energy  Conserved En.    Temperature Pressure (bar)
    6.91126e+04   -2.88772e+05   -2.86469e+05    2.98522e+02    6.30597e+01
   Constr. rmsd
    3.30310e-06


DD  step 65999 load imb.: force  6.0%
           Step           Time
          66000      132.00000

   Energies (kJ/mol)
           Bond          Angle    Proper Dih. Per. Imp. Dih.          LJ-14
    1.58660e+03    3.85288e+03    4.88528e+03    2.47978e+02    1.87481e+03
     Coulomb-14        LJ (SR)   Coulomb (SR)   Coul. recip.      Potential
    1.60992e+04    4.89669e+04   -4.37597e+05    2.60516e+03   -3.57478e+05
    Kinetic En.   Total Energy  Conserved En.    Temperature Pressure (bar)
    6.91591e+04   -2.88319e+05   -2.86461e+05    2.98722e+02   -7.78783e+00
   Constr. rmsd
    3.18709e-06


DD  step 66999 load imb.: force  8.4%
           Step           Time
          67000      134.00000

   Energies (kJ/mol)
           Bond          Angle    Proper Dih. Per. Imp. Dih.          LJ-14
    1.63452e+03    3.92986e+03    4.92274e+03    2.86725e+02    1.87944e+03
     Coulomb-14        LJ (SR)   Coulomb (SR)   Coul. recip.      Potential
    1.61630e+04    4.85250e+04   -4.36376e+05    2.65133e+03   -3.56384e+05
    Kinetic En.   Total Energy  Conserved En.    Temperature Pressure (bar)
    6.99677e+04   -2.86416e+05   -2.86426e+05    3.02215e+02    3.69803e+01
   Constr. rmsd
    3.45897e-06


DD  step 67999 load imb.: force  4.7%
           Step           Time
          68000      136.00000

   Energies (kJ/mol)
           Bond          Angle    Proper Dih. Per. Imp. Dih.          LJ-14
    1.60996e+03    3.89799e+03    4.88563e+03    2.21685e+02    1.84867e+03
     Coulomb-14        LJ (SR)   Coulomb (SR)   Coul. recip.      Potential
    1.62390e+04    4.76970e+04   -4.35925e+05    2.56500e+03   -3.56960e+05
    Kinetic En.   Total Energy  Conserved En.    Temperature Pressure (bar)
    6.90383e+04   -2.87922e+05   -2.86414e+05    2.98201e+02   -1.63512e+02
   Constr. rmsd
    3.26855e-06


DD  step 68999 load imb.: force  9.6%
           Step           Time
          69000      138.00000

   Energies (kJ/mol)
           Bond          Angle    Proper Dih. Per. Imp. Dih.          LJ-14
    1.65361e+03    3.92767e+03    4.93281e+03    2.82136e+02    1.84738e+03
     Coulomb-14        LJ (SR)   Coulomb (SR)   Coul. recip.      Potential
    1.62117e+04    4.82903e+04   -4.37251e+05    2.58416e+03   -3.57521e+05
    Kinetic En.   Total Energy  Conserved En.    Temperature Pressure (bar)
    6.91747e+04   -2.88346e+05   -2.86393e+05    2.98790e+02   -3.73989e+01
   Constr. rmsd
    2.79162e-06


DD  step 69999 load imb.: force  6.7%
           Step           Time
          70000      140.00000

   Energies (kJ/mol)
           Bond          Angle    Proper Dih. Per. Imp. Dih.          LJ-14
    1.56575e+03    3.92825e+03    4.82052e+03    2.44773e+02    1.90829e+03
     Coulomb-14        LJ (SR)   Coulomb (SR)   Coul. recip.      Potential
    1.63622e+04    4.86690e+04   -4.37040e+05    2.54776e+03   -3.56993e+05
    Kinetic En.   Total Energy  Conserved En.    Temperature Pressure (bar)
    6.90701e+04   -2.87923e+05   -2.86370e+05    2.98338e+02    5.43445e+01
   Constr. rmsd
    3.04797e-06


DD  step 70999 load imb.: force  5.2%
           Step           Time
          71000      142.00000

   Energies (kJ/mol)
           Bond          Angle    Proper Dih. Per. Imp. Dih.          LJ-14
    1.55046e+03    3.88624e+03    4.84894e+03    2.76635e+02    1.91351e+03
     Coulomb-14        LJ (SR)   Coulomb (SR)   Coul. recip.      Potential
    1.61376e+04    4.88386e+04   -4.36558e+05    2.50366e+03   -3.56602e+05
    Kinetic En.   Total Energy  Conserved En.    Temperature Pressure (bar)
    6.85667e+04   -2.88036e+05   -2.86351e+05    2.96164e+02    5.38918e+01
   Constr. rmsd
    3.23671e-06


DD  step 71999 load imb.: force  7.0%
           Step           Time
          72000      144.00000

   Energies (kJ/mol)
           Bond          Angle    Proper Dih. Per. Imp. Dih.          LJ-14
    1.61765e+03    3.81785e+03    4.86765e+03    2.62146e+02    1.92196e+03
     Coulomb-14        LJ (SR)   Coulomb (SR)   Coul. recip.      Potential
    1.61748e+04    4.74793e+04   -4.36371e+05    2.52049e+03   -3.57709e+05
    Kinetic En.   Total Energy  Conserved En.    Temperature Pressure (bar)
    6.87980e+04   -2.88911e+05   -2.86350e+05    2.97163e+02   -2.81434e+02
   Constr. rmsd
    3.24561e-06


DD  step 72999 load imb.: force  6.8%
           Step           Time
          73000      146.00000

   Energies (kJ/mol)
           Bond          Angle    Proper Dih. Per. Imp. Dih.          LJ-14
    1.55540e+03    3.82645e+03    4.83579e+03    2.53731e+02    1.88196e+03
     Coulomb-14        LJ (SR)   Coulomb (SR)   Coul. recip.      Potential
    1.62154e+04    4.98358e+04   -4.38287e+05    2.49599e+03   -3.57387e+05
    Kinetic En.   Total Energy  Conserved En.    Temperature Pressure (bar)
    6.87852e+04   -2.88601e+05   -2.86339e+05    2.97108e+02    3.83571e+02
   Constr. rmsd
    2.98196e-06


DD  step 73999 load imb.: force  7.7%
           Step           Time
          74000      148.00000

   Energies (kJ/mol)
           Bond          Angle    Proper Dih. Per. Imp. Dih.          LJ-14
    1.52511e+03    3.76170e+03    4.95950e+03    2.62145e+02    1.90432e+03
     Coulomb-14        LJ (SR)   Coulomb (SR)   Coul. recip.      Potential
    1.62928e+04    4.90376e+04   -4.37334e+05    2.52663e+03   -3.57064e+05
    Kinetic En.   Total Energy  Conserved En.    Temperature Pressure (bar)
    6.96015e+04   -2.87463e+05   -2.86333e+05    3.00633e+02    2.59959e+02
   Constr. rmsd
    3.12917e-06


DD  step 74999 load imb.: force  6.8%
           Step           Time
          75000      150.00000

   Energies (kJ/mol)
           Bond          Angle    Proper Dih. Per. Imp. Dih.          LJ-14
    1.56356e+03    3.84538e+03    4.94971e+03    2.42860e+02    1.92863e+03
     Coulomb-14        LJ (SR)   Coulomb (SR)   Coul. recip.      Potential
    1.61094e+04    4.92378e+04   -4.38067e+05    2.59239e+03   -3.57597e+05
    Kinetic En.   Total Energy  Conserved En.    Temperature Pressure (bar)
    6.93947e+04   -2.88202e+05   -2.86299e+05    2.99740e+02    2.38126e+02
   Constr. rmsd
    2.98893e-06


DD  step 75999 load imb.: force  3.0%
           Step           Time
          76000      152.00000

   Energies (kJ/mol)
           Bond          Angle    Proper Dih. Per. Imp. Dih.          LJ-14
    1.68018e+03    3.82479e+03    4.94675e+03    2.60595e+02    1.88888e+03
     Coulomb-14        LJ (SR)   Coulomb (SR)   Coul. recip.      Potential
    1.62535e+04    4.86801e+04   -4.36092e+05    2.62831e+03   -3.55929e+05
    Kinetic En.   Total Energy  Conserved En.    Temperature Pressure (bar)
    6.92309e+04   -2.86698e+05   -2.86283e+05    2.99033e+02    1.85087e+02
   Constr. rmsd
    3.09905e-06


DD  step 76999 load imb.: force  9.0%
           Step           Time
          77000      154.00000

   Energies (kJ/mol)
           Bond          Angle    Proper Dih. Per. Imp. Dih.          LJ-14
    1.61217e+03    3.97693e+03    4.80597e+03    2.44332e+02    1.81301e+03
     Coulomb-14        LJ (SR)   Coulomb (SR)   Coul. recip.      Potential
    1.62456e+04    4.80279e+04   -4.36170e+05    2.49987e+03   -3.56944e+05
    Kinetic En.   Total Energy  Conserved En.    Temperature Pressure (bar)
    6.83905e+04   -2.88554e+05   -2.86244e+05    2.95403e+02   -1.22252e+02
   Constr. rmsd
    3.13677e-06


DD  step 77999 load imb.: force  7.1%
           Step           Time
          78000      156.00000

   Energies (kJ/mol)
           Bond          Angle    Proper Dih. Per. Imp. Dih.          LJ-14
    1.59715e+03    3.99543e+03    4.90973e+03    2.45222e+02    1.89764e+03
     Coulomb-14        LJ (SR)   Coulomb (SR)   Coul. recip.      Potential
    1.63161e+04    4.97557e+04   -4.39206e+05    2.52087e+03   -3.57968e+05
    Kinetic En.   Total Energy  Conserved En.    Temperature Pressure (bar)
    6.97528e+04   -2.88216e+05   -2.86230e+05    3.01287e+02    2.84477e+01
   Constr. rmsd
    3.54470e-06


DD  step 78999 load imb.: force  6.0%
           Step           Time
          79000      158.00000

   Energies (kJ/mol)
           Bond          Angle    Proper Dih. Per. Imp. Dih.          LJ-14
    1.69042e+03    3.92671e+03    4.94049e+03    2.23289e+02    1.86466e+03
     Coulomb-14        LJ (SR)   Coulomb (SR)   Coul. recip.      Potential
    1.60853e+04    4.79198e+04   -4.36515e+05    2.62472e+03   -3.57239e+05
    Kinetic En.   Total Energy  Conserved En.    Temperature Pressure (bar)
    6.99114e+04   -2.87328e+05   -2.86213e+05    3.01972e+02   -2.28781e+02
   Constr. rmsd
    3.46129e-06


DD  step 79999 load imb.: force  4.8%
           Step           Time
          80000      160.00000

   Energies (kJ/mol)
           Bond          Angle    Proper Dih. Per. Imp. Dih.          LJ-14
    1.62502e+03    3.94309e+03    4.97668e+03    2.81125e+02    1.87444e+03
     Coulomb-14        LJ (SR)   Coulomb (SR)   Coul. recip.      Potential
    1.61292e+04    4.75924e+04   -4.34842e+05    2.56945e+03   -3.55851e+05
    Kinetic En.   Total Energy  Conserved En.    Temperature Pressure (bar)
    6.90537e+04   -2.86797e+05   -2.86193e+05    2.98267e+02   -1.58129e+02
   Constr. rmsd
    2.94849e-06


DD  step 80999 load imb.: force  8.1%
           Step           Time
          81000      162.00000

   Energies (kJ/mol)
           Bond          Angle    Proper Dih. Per. Imp. Dih.          LJ-14
    1.53843e+03    4.01279e+03    4.90975e+03    2.47936e+02    1.95081e+03
     Coulomb-14        LJ (SR)   Coulomb (SR)   Coul. recip.      Potential
    1.62149e+04    4.78751e+04   -4.35350e+05    2.51382e+03   -3.56087e+05
    Kinetic En.   Total Energy  Conserved En.    Temperature Pressure (bar)
    6.88943e+04   -2.87193e+05   -2.86183e+05    2.97579e+02    6.55889e+01
   Constr. rmsd
    3.20829e-06


DD  step 81999 load imb.: force 11.2%
           Step           Time
          82000      164.00000

   Energies (kJ/mol)
           Bond          Angle    Proper Dih. Per. Imp. Dih.          LJ-14
    1.49111e+03    3.88956e+03    4.92838e+03    2.59996e+02    1.90872e+03
     Coulomb-14        LJ (SR)   Coulomb (SR)   Coul. recip.      Potential
    1.61259e+04    4.94979e+04   -4.38137e+05    2.50576e+03   -3.57529e+05
    Kinetic En.   Total Energy  Conserved En.    Temperature Pressure (bar)
    6.84914e+04   -2.89038e+05   -2.86162e+05    2.95838e+02    2.85358e+02
   Constr. rmsd
    3.09277e-06


DD  step 82999 load imb.: force  7.9%
           Step           Time
          83000      166.00000

   Energies (kJ/mol)
           Bond          Angle    Proper Dih. Per. Imp. Dih.          LJ-14
    1.73055e+03    3.94293e+03    4.88266e+03    2.40395e+02    1.85898e+03
     Coulomb-14        LJ (SR)   Coulomb (SR)   Coul. recip.      Potential
    1.59676e+04    4.84586e+04   -4.36229e+05    2.60485e+03   -3.56542e+05
    Kinetic En.   Total Energy  Conserved En.    Temperature Pressure (bar)
    7.00942e+04   -2.86448e+05   -2.86130e+05    3.02761e+02   -9.02403e+01
   Constr. rmsd
    3.04354e-06


DD  step 83999 load imb.: force  8.6%
           Step           Time
          84000      168.00000

   Energies (kJ/mol)
           Bond          Angle    Proper Dih. Per. Imp. Dih.          LJ-14
    1.65812e+03    4.00349e+03    4.94056e+03    2.47756e+02    1.89890e+03
     Coulomb-14        LJ (SR)   Coulomb (SR)   Coul. recip.      Potential
    1.60380e+04    4.77159e+04   -4.36743e+05    2.50885e+03   -3.57731e+05
    Kinetic En.   Total Energy  Conserved En.    Temperature Pressure (bar)
    6.95739e+04   -2.88157e+05   -2.86112e+05    3.00514e+02   -1.17922e+02
   Constr. rmsd
    3.01308e-06


DD  step 84999 load imb.: force  8.9%
           Step           Time
          85000      170.00000

   Energies (kJ/mol)
           Bond          Angle    Proper Dih. Per. Imp. Dih.          LJ-14
    1.56235e+03    3.89035e+03    4.80247e+03    2.66116e+02    1.94271e+03
     Coulomb-14        LJ (SR)   Coulomb (SR)   Coul. recip.      Potential
    1.61598e+04    4.82487e+04   -4.36894e+05    2.58131e+03   -3.57440e+05
    Kinetic En.   Total Energy  Conserved En.    Temperature Pressure (bar)
    6.94156e+04   -2.88024e+05   -2.86103e+05    2.99830e+02    9.67758e+01
   Constr. rmsd
    2.91982e-06


DD  step 85999 load imb.: force  5.3%
           Step           Time
          86000      172.00000

   Energies (kJ/mol)
           Bond          Angle    Proper Dih. Per. Imp. Dih.          LJ-14
    1.63659e+03    3.71867e+03    4.90789e+03    2.82016e+02    1.85975e+03
     Coulomb-14        LJ (SR)   Coulomb (SR)   Coul. recip.      Potential
    1.62242e+04    4.80414e+04   -4.36706e+05    2.47186e+03   -3.57563e+05
    Kinetic En.   Total Energy  Conserved En.    Temperature Pressure (bar)
    6.91992e+04   -2.88364e+05   -2.86086e+05    2.98896e+02   -6.67543e+01
   Constr. rmsd
    3.07016e-06


DD  step 86999 load imb.: force  5.9%
           Step           Time
          87000      174.00000

   Energies (kJ/mol)
           Bond          Angle    Proper Dih. Per. Imp. Dih.          LJ-14
    1.53371e+03    3.85318e+03    4.94448e+03    2.39942e+02    1.86199e+03
     Coulomb-14        LJ (SR)   Coulomb (SR)   Coul. recip.      Potential
    1.61390e+04    4.90339e+04   -4.37357e+05    2.60791e+03   -3.57143e+05
    Kinetic En.   Total Energy  Conserved En.    Temperature Pressure (bar)
    6.96866e+04   -2.87457e+05   -2.86079e+05    3.01001e+02    8.20418e+01
   Constr. rmsd
    3.15398e-06


DD  step 87999 load imb.: force  5.6%
           Step           Time
          88000      176.00000

   Energies (kJ/mol)
           Bond          Angle    Proper Dih. Per. Imp. Dih.          LJ-14
    1.63024e+03    3.84737e+03    4.98189e+03    2.34050e+02    1.84897e+03
     Coulomb-14        LJ (SR)   Coulomb (SR)   Coul. recip.      Potential
    1.59701e+04    4.86705e+04   -4.37477e+05    2.52288e+03   -3.57771e+05
    Kinetic En.   Total Energy  Conserved En.    Temperature Pressure (bar)
    6.83406e+04   -2.89431e+05   -2.86046e+05    2.95187e+02    2.38090e+01
   Constr. rmsd
    2.86080e-06


DD  step 88999 load imb.: force  7.3%
           Step           Time
          89000      178.00000

   Energies (kJ/mol)
           Bond          Angle    Proper Dih. Per. Imp. Dih.          LJ-14
    1.51664e+03    3.85623e+03    4.90361e+03    2.62810e+02    1.89143e+03
     Coulomb-14        LJ (SR)   Coulomb (SR)   Coul. recip.      Potential
    1.61554e+04    4.79170e+04   -4.36478e+05    2.45369e+03   -3.57521e+05
    Kinetic En.   Total Energy  Conserved En.    Temperature Pressure (bar)
    6.89744e+04   -2.88547e+05   -2.86040e+05    2.97925e+02   -4.09649e+01
   Constr. rmsd
    3.26399e-06


DD  step 89999 load imb.: force 10.1%
           Step           Time
          90000      180.00000

   Energies (kJ/mol)
           Bond          Angle    Proper Dih. Per. Imp. Dih.          LJ-14
    1.62746e+03    3.88442e+03    4.86296e+03    2.84633e+02    1.77254e+03
     Coulomb-14        LJ (SR)   Coulomb (SR)   Coul. recip.      Potential
    1.60961e+04    4.81418e+04   -4.36529e+05    2.53252e+03   -3.57327e+05
    Kinetic En.   Total Energy  Conserved En.    Temperature Pressure (bar)
    6.92057e+04   -2.88121e+05   -2.86023e+05    2.98924e+02   -2.65024e+02
   Constr. rmsd
    3.46490e-06


DD  step 90999 load imb.: force  3.7%
           Step           Time
          91000      182.00000

   Energies (kJ/mol)
           Bond          Angle    Proper Dih. Per. Imp. Dih.          LJ-14
    1.55260e+03    3.85897e+03    4.95271e+03    2.40727e+02    1.87240e+03
     Coulomb-14        LJ (SR)   Coulomb (SR)   Coul. recip.      Potential
    1.62651e+04    4.94336e+04   -4.38489e+05    2.59061e+03   -3.57722e+05
    Kinetic En.   Total Energy  Conserved En.    Temperature Pressure (bar)
    6.94101e+04   -2.88312e+05   -2.86013e+05    2.99807e+02    6.63594e+01
   Constr. rmsd
    3.53421e-06


DD  step 91999 load imb.: force  6.4%
           Step           Time
          92000      184.00000

   Energies (kJ/mol)
           Bond          Angle    Proper Dih. Per. Imp. Dih.          LJ-14
    1.61309e+03    3.96152e+03    4.91839e+03    2.38603e+02    1.80834e+03
     Coulomb-14        LJ (SR)   Coulomb (SR)   Coul. recip.      Potential
    1.58566e+04    4.96238e+04   -4.38654e+05    2.56206e+03   -3.58072e+05
    Kinetic En.   Total Energy  Conserved En.    Temperature Pressure (bar)
    6.95377e+04   -2.88534e+05   -2.85987e+05    3.00358e+02    2.62576e+02
   Constr. rmsd
    2.86100e-06


DD  step 92999 load imb.: force  7.3%
           Step           Time
          93000      186.00000

   Energies (kJ/mol)
           Bond          Angle    Proper Dih. Per. Imp. Dih.          LJ-14
    1.46783e+03    3.81611e+03    4.91114e+03    2.43547e+02    1.89915e+03
     Coulomb-14        LJ (SR)   Coulomb (SR)   Coul. recip.      Potential
    1.64348e+04    4.87275e+04   -4.38126e+05    2.49529e+03   -3.58131e+05
    Kinetic En.   Total Energy  Conserved En.    Temperature Pressure (bar)
    6.86569e+04   -2.89474e+05   -2.85960e+05    2.96553e+02    4.20630e+01
   Constr. rmsd
    3.01289e-06


DD  step 93999 load imb.: force  8.5%
           Step           Time
          94000      188.00000

   Energies (kJ/mol)
           Bond          Angle    Proper Dih. Per. Imp. Dih.          LJ-14
    1.57549e+03    4.15117e+03    4.88697e+03    2.33148e+02    1.80834e+03
     Coulomb-14        LJ (SR)   Coulomb (SR)   Coul. recip.      Potential
    1.60922e+04    4.96915e+04   -4.39243e+05    2.55200e+03   -3.58252e+05
    Kinetic En.   Total Energy  Conserved En.    Temperature Pressure (bar)
    6.98995e+04   -2.88352e+05   -2.85937e+05    3.01920e+02    9.83516e+01
   Constr. rmsd
    2.93313e-06


DD  step 94999 load imb.: force 10.7%
           Step           Time
          95000      190.00000

   Energies (kJ/mol)
           Bond          Angle    Proper Dih. Per. Imp. Dih.          LJ-14
    1.49476e+03    3.64677e+03    4.98000e+03    2.69056e+02    1.87794e+03
     Coulomb-14        LJ (SR)   Coulomb (SR)   Coul. recip.      Potential
    1.63286e+04    4.86010e+04   -4.37395e+05    2.51652e+03   -3.57680e+05
    Kinetic En.   Total Energy  Conserved En.    Temperature Pressure (bar)
    6.92871e+04   -2.88393e+05   -2.85943e+05    2.99276e+02    5.43280e+01
   Constr. rmsd
    2.91269e-06


DD  step 95999 load imb.: force  4.8%
           Step           Time
          96000      192.00000

   Energies (kJ/mol)
           Bond          Angle    Proper Dih. Per. Imp. Dih.          LJ-14
    1.66969e+03    3.94121e+03    4.94664e+03    2.51775e+02    1.84035e+03
     Coulomb-14        LJ (SR)   Coulomb (SR)   Coul. recip.      Potential
    1.63240e+04    4.84175e+04   -4.36948e+05    2.52633e+03   -3.57030e+05
    Kinetic En.   Total Energy  Conserved En.    Temperature Pressure (bar)
    7.07760e+04   -2.86254e+05   -2.85914e+05    3.05707e+02   -9.43083e+01
   Constr. rmsd
    3.17067e-06


DD  step 96999 load imb.: force 10.4%
           Step           Time
          97000      194.00000

   Energies (kJ/mol)
           Bond          Angle    Proper Dih. Per. Imp. Dih.          LJ-14
    1.56481e+03    3.78383e+03    4.91293e+03    3.12388e+02    1.87261e+03
     Coulomb-14        LJ (SR)   Coulomb (SR)   Coul. recip.      Potential
    1.62302e+04    4.81227e+04   -4.36797e+05    2.55670e+03   -3.57441e+05
    Kinetic En.   Total Energy  Conserved En.    Temperature Pressure (bar)
    6.91259e+04   -2.88315e+05   -2.85892e+05    2.98579e+02   -2.65646e+02
   Constr. rmsd
    3.09931e-06


DD  step 97999 load imb.: force  8.4%
           Step           Time
          98000      196.00000

   Energies (kJ/mol)
           Bond          Angle    Proper Dih. Per. Imp. Dih.          LJ-14
    1.59853e+03    3.93199e+03    4.89343e+03    2.53132e+02    1.86954e+03
     Coulomb-14        LJ (SR)   Coulomb (SR)   Coul. recip.      Potential
    1.61957e+04    4.85454e+04   -4.36584e+05    2.55617e+03   -3.56741e+05
    Kinetic En.   Total Energy  Conserved En.    Temperature Pressure (bar)
    6.96546e+04   -2.87086e+05   -2.85873e+05    3.00863e+02    3.94484e+01
   Constr. rmsd
    3.07375e-06


DD  step 98999 load imb.: force  5.8%
           Step           Time
          99000      198.00000

   Energies (kJ/mol)
           Bond          Angle    Proper Dih. Per. Imp. Dih.          LJ-14
    1.53999e+03    3.96488e+03    4.85182e+03    2.35856e+02    1.85339e+03
     Coulomb-14        LJ (SR)   Coulomb (SR)   Coul. recip.      Potential
    1.60084e+04    4.92078e+04   -4.37756e+05    2.53175e+03   -3.57562e+05
    Kinetic En.   Total Energy  Conserved En.    Temperature Pressure (bar)
    6.98588e+04   -2.87703e+05   -2.85853e+05    3.01745e+02   -1.11469e+02
   Constr. rmsd
    3.16485e-06


DD  step 99999 load imb.: force  6.0%
           Step           Time
         100000      200.00000

Writing checkpoint, step 100000 at Sun Mar  8 13:09:29 2026


   Energies (kJ/mol)
           Bond          Angle    Proper Dih. Per. Imp. Dih.          LJ-14
    1.42022e+03    3.96174e+03    4.91393e+03    3.34378e+02    1.85962e+03
     Coulomb-14        LJ (SR)   Coulomb (SR)   Coul. recip.      Potential
    1.61039e+04    4.92669e+04   -4.38099e+05    2.51203e+03   -3.57726e+05
    Kinetic En.   Total Energy  Conserved En.    Temperature Pressure (bar)
    6.85429e+04   -2.89183e+05   -2.85840e+05    2.96061e+02    1.59311e+02
   Constr. rmsd
    2.73433e-06


Energy conservation over simulation part #1 of length 200 ps, time 0 to 200 ps
  Conserved energy drift: 3.49e-04 kJ/mol/ps per atom


	<======  ###############  ==>
	<====  A V E R A G E S  ====>
	<==  ###############  ======>

	Statistics over 100001 steps using 1001 frames

   Energies (kJ/mol)
           Bond          Angle    Proper Dih. Per. Imp. Dih.          LJ-14
    1.58790e+03    3.89245e+03    4.91919e+03    2.63223e+02    1.86732e+03
     Coulomb-14        LJ (SR)   Coulomb (SR)   Coul. recip.      Potential
    1.61472e+04    4.85653e+04   -4.37060e+05    2.55266e+03   -3.57265e+05
    Kinetic En.   Total Energy  Conserved En.    Temperature Pressure (bar)
    6.93851e+04   -2.87880e+05   -2.86774e+05    2.99699e+02    3.63136e+00
   Constr. rmsd
    0.00000e+00

          Box-X          Box-Y          Box-Z
    7.31826e+00    7.31826e+00    5.17478e+00

   Total Virial (kJ/mol)
    2.31509e+04   -8.44060e+01    2.96846e+01
   -8.45121e+01    2.30884e+04   -3.60579e+01
    2.98030e+01   -3.59626e+01    2.30587e+04

   Pressure (bar)
   -5.89255e-01    1.01429e+01   -2.28048e+00
    1.01556e+01    4.97317e+00    3.96271e+00
   -2.29471e+00    3.95128e+00    6.51017e+00

      T-Protein  T-non-Protein
    2.99627e+02    2.99705e+02


       P P   -   P M E   L O A D   B A L A N C I N G

 PP/PME load balancing changed the cut-off and PME settings:
           particle-particle                    PME
            rcoulomb  rlist            grid      spacing   1/beta
   initial  1.000 nm  1.000 nm      48  48  48   0.152 nm  0.320 nm
   final    1.000 nm  1.000 nm      48  48  48   0.152 nm  0.320 nm
 cost-ratio           1.00             1.00
 (note that these numbers concern only part of the total PP and PME load)


	M E G A - F L O P S   A C C O U N T I N G

 NB=Group-cutoff nonbonded kernels    NxN=N-by-N cluster Verlet kernels
 RF=Reaction-Field  VdW=Van der Waals  QSTab=quadratic-spline table
 W3=SPC/TIP3p  W4=TIP4p (single or pairs)
 V&F=Potential and force  V=Potential only  F=Force only

 Computing:                               M-Number         M-Flops  % Flops
-----------------------------------------------------------------------------
 Pair Search distance check           20286.162304      182575.461     0.2
 NxN Ewald Elec. + LJ [F]            908096.757128    59934385.970    51.7
 NxN Ewald Elec. + LJ [V&F]            9182.879768      982568.135     0.8
 NxN Ewald Elec. [F]                 796253.487736    48571462.752    41.9
 NxN Ewald Elec. [V&F]                 8051.972712      676365.708     0.6
 1,4 nonbonded interactions             510.605106       45954.460     0.0
 Calc Weights                          8202.682026      295296.553     0.3
 Spread Q Bspline                    174990.549888      349981.100     0.3
 Gather F Bspline                    174990.549888     1049943.299     0.9
 3D-FFT                              370594.905912     2964759.247     2.6
 Solve PME                             5760.057600      368643.686     0.3
 Reset In Box                            54.629316         163.888     0.0
 CG-CoM                                  54.711342         164.134     0.0
 Bonds                                  102.501025        6047.560     0.0
 Angles                                 354.703547       59590.196     0.1
 Propers                                510.305103      116859.869     0.1
 Impropers                               42.600426        8860.889     0.0
 Virial                                 555.867792       10005.620     0.0
 Stop-CM                                 27.369342         273.693     0.0
 Calc-Ekin                             1093.734684       29530.836     0.0
 Lincs                                   95.900959        5754.058     0.0
 Lincs-Mat                              477.604776        1910.419     0.0
 Constraint-V                          2729.227292       24563.046     0.0
 Constraint-Vir                         526.686333       12640.472     0.0
 Settle                                 845.808458      312949.129     0.3
-----------------------------------------------------------------------------
 Total                                               116011250.181   100.0
-----------------------------------------------------------------------------


    D O M A I N   D E C O M P O S I T I O N   S T A T I S T I C S

 av. #atoms communicated per step for force:  2 x 50156.8


Dynamic load balancing report:
 DLB got disabled because it was unsuitable to use.
 Average load imbalance: 7.5%.
 The balanceable part of the MD step is 59%, load imbalance is computed from this.
 Part of the total run time spent waiting due to load imbalance: 4.4%.


      R E A L   C Y C L E   A N D   T I M E   A C C O U N T I N G

On 10 MPI ranks

 Activity:              Num   Num      Call    Wall time         Giga-Cycles
                        Ranks Threads  Count      (s)         total sum    %
--------------------------------------------------------------------------------
 Domain decomp.           10    1       2000       2.555          0.613   0.4
 DD comm. load            10    1       1080       0.026          0.006   0.0
 DD comm. bounds          10    1        157       0.010          0.002   0.0
 Neighbor search          10    1       2001      18.856          4.526   2.8
 Comm. coord.             10    1      98000       6.070          1.457   0.9
 Force                    10    1     100001     391.207         93.890  58.2
 Wait + Comm. F           10    1     100001       4.786          1.149   0.7
 PME mesh                 10    1     100001     235.370         56.489  35.0
 NB X/F buffer ops.       10    1     298002       4.672          1.121   0.7
 Write traj.              10    1        201       0.040          0.010   0.0
 Update                   10    1     100001       1.542          0.370   0.2
 Constraints              10    1     100001       4.074          0.978   0.6
 Kinetic energy           10    1      40001       0.587          0.141   0.1
 Comm. energies           10    1      20001       1.728          0.415   0.3
 Rest                                              0.919          0.220   0.1
--------------------------------------------------------------------------------
 Total                                           672.442        161.386 100.0
--------------------------------------------------------------------------------
 Breakdown of PME mesh activities
--------------------------------------------------------------------------------
 PME redist. X/F          10    1     200002     169.095         40.583  25.1
 PME spread               10    1     100001      22.789          5.469   3.4
 PME gather               10    1     100001      13.197          3.167   2.0
 PME 3D-FFT               10    1     200002      13.950          3.348   2.1
 PME 3D-FFT Comm.         10    1     400004      14.393          3.454   2.1
 PME solve Elec           10    1     100001       1.833          0.440   0.3
--------------------------------------------------------------------------------

               Core t (s)   Wall t (s)        (%)
       Time:     6724.418      672.442     1000.0
                 (ns/day)    (hour/ns)    (ms/step)  (Matom*steps/s) 
Performance:       25.698        0.934        6.724            4.066 
Finished mdrun on rank 0 Sun Mar  8 13:09:29 2026

