                :-) GROMACS - gmx mdrun, 2026.0-conda_forge (-:

Copyright 1991-2026 The GROMACS Authors.
GROMACS is free software; you can redistribute it and/or modify it
under the terms of the GNU Lesser General Public License
as published by the Free Software Foundation; either version 2.1
of the License, or (at your option) any later version.

                         Current GROMACS contributors:
       Mark Abraham           Andrey Alekseenko           Brian Andrews       
        Paul Bauer              Cathrine Bergh              Hugh Bird         
      Eliane Briand               Ania Brown                Yiqi Chen         
      Mahesh Doijade            Giacomo Fiorin          Stefan Fleischmann    
      Sergey Gorelov         Gilles Gouaillardet            Alan Gray         
   Farzaneh Jalalypour         Petter Johansson          Carsten Kutzner      
    Grzegorz Łazarski         Justin A. Lemkul          Magnus Lundborg      
        Julio Maia               Pascal Merz             Vedran Miletić      
      Dmitry Morozov           Lukas Müllender           Szilárd Páll      
 Andrea Pasquadibisceglie     Michele Pellegrino         Nicola Piasentin     
     Daniele Rapetti         Muhammad Umair Sadiq         Hubert Santuz       
      Michael Shirts           Tatiana Shugaeva          Alexey Shvetsov      
     Bálint Soproni            Philip Turner            Alessandra Villa     
        Yang Zhang        

                         Previous GROMACS contributors:
        Emile Apol             Rossen Apostolov           James Barnett       
      Vladimir Basov        Herman J.C. Berendsen          Par Bjelkmar       
      Christian Blau          Viacheslav Bolnykh            Kevin Boyd        
    Aldert van Buuren          Carlo Camilloni           Rudi van Drunen      
      Anton Feenstra           Oliver Fleetwood            Vytas Gapsys       
       Gaurav Garg             Gerrit Groenhof            Bert de Groot       
      Anca Hamuraru           Vincent Hindriksen          Victor Holanda      
     M. Eric Irrgang           Aleksei Iupinov              Joe Jordan        
    Christoph Junghans        Prashanth Kanduri        Dimitrios Karkoulis    
       Peter Kasson             Sebastian Kehl           Sebastian Keller     
        Jiri Kraus               Per Larsson              Viveca Lindahl      
      Erik Marklund           Pieter Meulenhoff           Teemu Murtola       
       Julien Nabet              Sander Pronk             Roland Schulz       
      Alfons Sijbers         David van der Spoel          Peter Tieleman      
      Carsten Uphoff             Jon Vincent             Teemu Virolainen     
    Christian Wennberg     Sebastian Wingbermühle         Maarten Wolf       
      Artem Zhmurov       

                  Coordinated by the GROMACS project leaders:
                           Berk Hess and Erik Lindahl

GROMACS:      gmx mdrun, version 2026.0-conda_forge
Executable:   /Users/soumithparitala/miniconda3/envs/gromacs_env/bin.ARM_NEON_ASIMD/gmx
Data prefix:  /Users/soumithparitala/miniconda3/envs/gromacs_env
Working dir:  /Users/soumithparitala/Documents/Soumith's/Stowers_Institute/Stowers_gpu_tools/gromacs/noteboooks/sim
Process ID:   55392
Command line:
  gmx mdrun -v -deffnm npt

GROMACS version:     2026.0-conda_forge
Precision:           mixed
Memory model:        64 bit
MPI library:         thread_mpi
MPI version:         built in
OpenMP support:      enabled (GMX_OPENMP_MAX_THREADS = 128)
GPU support:         disabled
SIMD instructions:   ARM_NEON_ASIMD
CPU FFT library:     fftw-3.3.10
GPU FFT library:     none
Multi-GPU FFT:       none
TNG support:         enabled
Hwloc support:       disabled
Tracing support:     disabled
Colvars support:     enabled (version 2025-10-13)
CP2K support:        disabled
Torch support:       disabled
Plumed support:      enabled
C compiler:          /Users/runner/miniforge3/conda-bld/gromacs_1770909788555/_build_env/bin/arm64-apple-darwin20.0.0-clang Clang 19.1.7
C compiler flags:    -Wno-missing-field-initializers -O3 -DNDEBUG
C++ compiler:        /Users/runner/miniforge3/conda-bld/gromacs_1770909788555/_build_env/bin/arm64-apple-darwin20.0.0-clang++ Clang 19.1.7
C++ compiler flags:  -Wno-reserved-identifier -Wno-missing-field-initializers -Weverything -Wno-c++98-compat -Wno-c++98-compat-pedantic -Wno-source-uses-openmp -Wno-c++17-extensions -Wno-documentation-unknown-command -Wno-covered-switch-default -Wno-switch-enum -Wno-switch-default -Wno-extra-semi-stmt -Wno-weak-vtables -Wno-shadow -Wno-padded -Wno-reserved-id-macro -Wno-double-promotion -Wno-exit-time-destructors -Wno-global-constructors -Wno-documentation -Wno-format-nonliteral -Wno-used-but-marked-unused -Wno-float-equal -Wno-conditional-uninitialized -Wno-conversion -Wno-disabled-macro-expansion -Wno-unused-macros -Wno-unsafe-buffer-usage -Wno-cast-function-type-strict SHELL:-fopenmp=libomp -O3 -DNDEBUG
BLAS library:        External - detected on the system
LAPACK library:      External - detected on the system


Running on 1 node with total 0 processing units
Hardware detected on host Soumiths-MacBook-Air.local:
  CPU info:
    Vendor: ARM
    Brand:  Unknown CPU brand
    Family: 0   Model: 0   Stepping: 0
    Features: neon neon_asimd
  Hardware topology: Only logical processor count
    CPU limit set by OS: -1   Recommended max number of threads: 10


++++ PLEASE READ AND CITE THE FOLLOWING REFERENCE ++++
M. J. Abraham, T. Murtola, R. Schulz, S. Páll, J. C. Smith, B. Hess, E.
Lindahl
GROMACS: High performance molecular simulations through multi-level
parallelism from laptops to supercomputers
SoftwareX (2015)
https://doi.org/10.1016/j.softx.2015.06.001
-------- -------- --- Thank You --- -------- --------


++++ PLEASE READ AND CITE THE FOLLOWING REFERENCE ++++
S. Páll, M. J. Abraham, C. Kutzner, B. Hess, E. Lindahl
Tackling Exascale Software Challenges in Molecular Dynamics Simulations with
GROMACS
In S. Markidis & E. Laure (Eds.), Solving Software Challenges for Exascale (2015)
https://doi.org/10.1007/978-3-319-15976-8_1
-------- -------- --- Thank You --- -------- --------


++++ PLEASE READ AND CITE THE FOLLOWING REFERENCE ++++
S. Pronk, S. Páll, R. Schulz, P. Larsson, P. Bjelkmar, R. Apostolov, M. R.
Shirts, J. C. Smith, P. M. Kasson, D. van der Spoel, B. Hess, E. Lindahl
GROMACS 4.5: a high-throughput and highly parallel open source molecular
simulation toolkit
Bioinformatics (2013)
https://doi.org/10.1093/bioinformatics/btt055
-------- -------- --- Thank You --- -------- --------


++++ PLEASE READ AND CITE THE FOLLOWING REFERENCE ++++
B. Hess, C. Kutzner, D. van der Spoel, E. Lindahl
GROMACS 4: Algorithms for highly efficient, load-balanced, and scalable
molecular simulation
J. Chem. Theory Comput. (2008)
https://doi.org/10.1021/ct700301q
-------- -------- --- Thank You --- -------- --------


++++ PLEASE READ AND CITE THE FOLLOWING REFERENCE ++++
D. van der Spoel, E. Lindahl, B. Hess, G. Groenhof, A. E. Mark, H. J. C.
Berendsen
GROMACS: Fast, Flexible and Free
J. Comp. Chem. (2005)
https://doi.org/10.1002/jcc.20291
-------- -------- --- Thank You --- -------- --------


++++ PLEASE READ AND CITE THE FOLLOWING REFERENCE ++++
E. Lindahl, B. Hess, D. van der Spoel
GROMACS 3.0: A package for molecular simulation and trajectory analysis
J. Mol. Mod. (2001)
https://doi.org/10.1007/s008940100045
-------- -------- --- Thank You --- -------- --------


++++ PLEASE READ AND CITE THE FOLLOWING REFERENCE ++++
H. J. C. Berendsen, D. van der Spoel and R. van Drunen
GROMACS: A message-passing parallel molecular dynamics implementation
Comp. Phys. Comm. (1995)
https://doi.org/10.1016/0010-4655(95)00042-E
-------- -------- --- Thank You --- -------- --------

Input Parameters:
   integrator                     = md
   tinit                          = 0
   dt                             = 0.002
   nsteps                         = 50000
   init-step                      = 0
   simulation-part                = 1
   mts                            = false
   mass-repartition-factor        = 1
   comm-mode                      = Linear
   nstcomm                        = 100
   bd-fric                        = 0
   ld-seed                        = 1933424126
   emtol                          = 10
   emstep                         = 0.01
   niter                          = 20
   fcstep                         = 0
   nstcgsteep                     = 1000
   nbfgscorr                      = 10
   rtpi                           = 0.05
   nstxout                        = 0
   nstvout                        = 0
   nstfout                        = 0
   nstlog                         = 500
   nstcalcenergy                  = 100
   nstenergy                      = 500
   nstxout-compressed             = 500
   compressed-x-precision         = 1000
   cutoff-scheme                  = Verlet
   nstlist                        = 10
   pbc                            = xyz
   periodic-molecules             = false
   verlet-buffer-tolerance        = 0.005
   verlet-buffer-pressure-tolerance = 0.5
   rlist                          = 1
   coulombtype                    = PME
   coulomb-modifier               = Potential-shift
   rcoulomb-switch                = 0
   rcoulomb                       = 1
   epsilon-r                      = 1
   epsilon-rf                     = inf
   vdw-type                       = Cut-off
   vdw-modifier                   = Potential-shift
   rvdw-switch                    = 0
   rvdw                           = 1
   DispCorr                       = No
   table-extension                = 1
   fourierspacing                 = 0.16
   fourier-nx                     = 48
   fourier-ny                     = 48
   fourier-nz                     = 48
   pme-order                      = 4
   ewald-rtol                     = 1e-05
   ewald-rtol-lj                  = 0.001
   lj-pme-comb-rule               = Geometric
   ewald-geometry                 = 3d
   epsilon-surface                = 0
   ensemble-temperature-setting   = constant
   ensemble-temperature           = 300
   tcoupl                         = V-rescale
   nsttcouple                     = 10
   nh-chain-length                = 0
   print-nose-hoover-chain-variables = false
   pcoupl                         = Parrinello-Rahman
   pcoupltype                     = Isotropic
   nstpcouple                     = 5
   tau-p                          = 2
   compressibility (3x3):
      compressibility[    0]={ 4.50000e-05,  0.00000e+00,  0.00000e+00}
      compressibility[    1]={ 0.00000e+00,  4.50000e-05,  0.00000e+00}
      compressibility[    2]={ 0.00000e+00,  0.00000e+00,  4.50000e-05}
   ref-p (3x3):
      ref-p[    0]={ 1.00000e+00,  0.00000e+00,  0.00000e+00}
      ref-p[    1]={ 0.00000e+00,  1.00000e+00,  0.00000e+00}
      ref-p[    2]={ 0.00000e+00,  0.00000e+00,  1.00000e+00}
   refcoord-scaling               = No
   posres-com: not available
   posres-comB: not available
   QMMM                           = false
qm-opts:
   ngQM                           = 0
   constraint-algorithm           = Lincs
   continuation                   = true
   Shake-SOR                      = false
   shake-tol                      = 0.0001
   lincs-order                    = 4
   lincs-iter                     = 1
   lincs-warnangle                = 30
   nwall                          = 0
   wall-type                      = 9-3
   wall-r-linpot                  = -1
   wall-atomtype[0]               = -1
   wall-atomtype[1]               = -1
   wall-density[0]                = 0
   wall-density[1]                = 0
   wall-ewald-zfac                = 3
   pull                           = false
   awh                            = false
   rotation                       = false
   interactiveMD                  = false
   disre                          = No
   disre-weighting                = Conservative
   disre-mixed                    = false
   dr-fc                          = 1000
   dr-tau                         = 0
   nstdisreout                    = 100
   orire-fc                       = 0
   orire-tau                      = 0
   nstorireout                    = 100
   free-energy                    = no
   cos-acceleration               = 0
   deform (3x3):
      deform[    0]={ 0.00000e+00,  0.00000e+00,  0.00000e+00}
      deform[    1]={ 0.00000e+00,  0.00000e+00,  0.00000e+00}
      deform[    2]={ 0.00000e+00,  0.00000e+00,  0.00000e+00}
   simulated-tempering            = false
   swapcoords                     = no
   userint1                       = 0
   userint2                       = 0
   userint3                       = 0
   userint4                       = 0
   userreal1                      = 0
   userreal2                      = 0
   userreal3                      = 0
   userreal4                      = 0
   applied-forces:
     electric-field:
       x:
         E0                       = 0
         omega                    = 0
         t0                       = 0
         sigma                    = 0
       y:
         E0                       = 0
         omega                    = 0
         t0                       = 0
         sigma                    = 0
       z:
         E0                       = 0
         omega                    = 0
         t0                       = 0
         sigma                    = 0
     density-guided-simulation:
       active                     = false
       group                      = protein
       similarity-measure         = inner-product
       atom-spreading-weight      = unity
       force-constant             = 1e+09
       gaussian-transform-spreading-width = 0.2
       gaussian-transform-spreading-range-in-multiples-of-width = 4
       reference-density-filename = reference.mrc
       nst                        = 1
       normalize-densities        = true
       adaptive-force-scaling     = false
       adaptive-force-scaling-time-constant = 4
       shift-vector               = 
       transformation-matrix      = 
     qmmm-cp2k:
       active                     = false
       qmgroup                    = System
       qmmethod                   = PBE
       qmfilenames                = 
       qmcharge                   = 0
       qmmultiplicity             = 1
     colvars:
       active                     = false
       configfile                 = 
       seed                       = -1
     nnpot:
       active                     = false
       modelfile                  = model.pt
       input-group                = System
       link-type                  = H
       link-distance              = 0.1
       pair-cutoff                = 0
       embedding                  = mechanical
       nnp-charge                 = 0
       model-input1               = 
       model-input2               = 
       model-input3               = 
       model-input4               = 
       model-input5               = 
       model-input6               = 
       model-input7               = 
       model-input8               = 
       model-input9               = 
   fast-multipole-method:
     fmm:
       backend                    = inactive
       exafmm-order               = 6
       exafmm-direct-range        = 2
       exafmm-direct-provider     = GROMACS
       exafmm-tree-type           = uniform
       exafmm-tree-depth          = 0
       exafmm-max-particles-per-cell = 0
       fmsolvr-order              = 8
       fmsolvr-direct-range       = 1
       fmsolvr-direct-provider    = FMM
       fmsolvr-dipole-compensation = true
       fmsolvr-tree-depth         = 3
       fmsolvr-sparse             = false
grpopts:
   nrdf:     4920.73     50769.3
   ref-t:         300         300
   tau-t:         0.1         0.1
annealing:          No          No
annealing-npoints:           0           0
   acc:	           0           0           0
   nfreeze:           N           N           N
   energygrp-flags[  0]: 0

Changing nstlist from 10 to 50, rlist from 1 to 1.105


Initializing Domain Decomposition on 10 ranks
Dynamic load balancing: auto
Using update groups, nr 9467, average size 2.9 atoms, max. radius 0.104 nm
Minimum cell size due to atom displacement: 0.398 nm
Initial maximum distances in bonded interactions:
    two-body bonded interactions: 0.463 nm, LJ-14, atoms 1156 1405
  multi-body bonded interactions: 0.463 nm, Proper Dih., atoms 1156 1405
Minimum cell size due to bonded interactions: 0.509 nm
Scaling the initial minimum size with 1/0.8 (option -dds) = 1.25
Using 0 separate PME ranks because: there are too few total ranks for efficient splitting
Optimizing the DD grid for 10 cells with a minimum initial size of 0.637 nm
The maximum allowed number of cells is: X 9 Y 9 Z 8
Domain decomposition grid 5 x 2 x 1, separate PME ranks 0
PME domain decomposition: 5 x 2 x 1
Domain decomposition rank 0, coordinates 0 0 0

The initial number of communication pulses is: X 2 Y 1
The initial domain decomposition cell size is: X 1.20 nm Y 3.00 nm

The maximum allowed distance for atom groups involved in interactions is:
                 non-bonded interactions           1.313 nm
(the following are initial values, they could change due to box deformation)
            two-body bonded interactions  (-rdd)   1.313 nm
          multi-body bonded interactions  (-rdd)   1.198 nm

When dynamic load balancing gets turned on, these settings will change to:
The maximum number of communication pulses is: X 2 Y 1
The minimum size for domain decomposition cells is 0.854 nm
The requested allowed shrink of DD cells (option -dds) is: 0.80
The allowed shrink of domain decomposition cells is: X 0.71 Y 0.44
The maximum allowed distance for atom groups involved in interactions is:
                 non-bonded interactions           1.313 nm
            two-body bonded interactions  (-rdd)   1.313 nm
          multi-body bonded interactions  (-rdd)   0.854 nm

Local state does not use filler particles

Using 10 MPI threads
Using 1 OpenMP thread per tMPI thread

System total charge: 0.000
Will do PME sum in reciprocal space for electrostatic interactions.

++++ PLEASE READ AND CITE THE FOLLOWING REFERENCE ++++
U. Essmann, L. Perera, M. L. Berkowitz, T. Darden, H. Lee, L. G. Pedersen 
A smooth particle mesh Ewald method
J. Chem. Phys. (1995)
https://doi.org/10.1063/1.470117
-------- -------- --- Thank You --- -------- --------

Using a Gaussian width (1/beta) of 0.320163 nm for Ewald
Potential shift: LJ r^-12: -1.000e+00 r^-6: -1.000e+00, Ewald -1.000e-05
Initialized non-bonded Coulomb Ewald tables, spacing: 9.33e-04 size: 1073

Generated table with 1052 data points for 1-4 COUL.
Tabscale = 500 points/nm
Generated table with 1052 data points for 1-4 LJ6.
Tabscale = 500 points/nm
Generated table with 1052 data points for 1-4 LJ12.
Tabscale = 500 points/nm


Using SIMD4xM 4x4 nonbonded short-range kernels

Using a dual 4x4 pair-list setup updated with dynamic pruning:
  outer list: updated every 50 steps, buffer 0.105 nm, rlist 1.105 nm
  inner list: updated every 10 steps, buffer 0.000 nm, rlist 1.000 nm
At tolerance 0.005 kJ/mol/ps per atom, equivalent classical 1x1 list would be:
  outer list: updated every 50 steps, buffer 0.231 nm, rlist 1.231 nm
  inner list: updated every 10 steps, buffer 0.034 nm, rlist 1.034 nm

The average pressure is off by at most 0.43 bar due to missing LJ interactions

Using Lorentz-Berthelot Lennard-Jones combination rule

Linking all bonded interactions to atoms


Initializing LINear Constraint Solver

++++ PLEASE READ AND CITE THE FOLLOWING REFERENCE ++++
B. Hess, H. Bekker, H. J. C. Berendsen, J. G. E. M. Fraaije
LINCS: A Linear Constraint Solver for molecular simulations
J. Comp. Chem. (1997)
https://doi.org/10.1002/(sici)1096-987x(199709)18:12<1463::aid-jcc4>3.0.co;2-h
-------- -------- --- Thank You --- -------- --------

The number of constraints is 959

++++ PLEASE READ AND CITE THE FOLLOWING REFERENCE ++++
S. Miyamoto, P. A. Kollman
SETTLE: An Analytical Version of the SHAKE and RATTLE Algorithms for Rigid
Water Models
J. Comp. Chem. (1992)
https://doi.org/10.1002/jcc.540130805
-------- -------- --- Thank You --- -------- --------


Intra-simulation communication will occur every 5 steps.

++++ PLEASE READ AND CITE THE FOLLOWING REFERENCE ++++
G. Bussi, D. Donadio, M. Parrinello
Canonical sampling through velocity rescaling
J. Chem. Phys. (2007)
https://doi.org/10.1063/1.2408420
-------- -------- --- Thank You --- -------- --------

There are: 27342 Atoms
Atom distribution over 10 domains: av 2734 stddev 65 min 2658 max 2821
Center of mass motion removal mode is Linear
We have the following groups for center of mass motion removal:
  0:  rest

Started mdrun on rank 0 Sun Mar  8 12:52:15 2026

           Step           Time
              0        0.00000

   Energies (kJ/mol)
           Bond          Angle    Proper Dih. Per. Imp. Dih.          LJ-14
    1.48756e+03    3.90665e+03    5.01102e+03    2.53435e+02    1.85800e+03
     Coulomb-14        LJ (SR)   Coulomb (SR)   Coul. recip. Position Rest.
    1.60224e+04    4.83182e+04   -4.36185e+05    2.49042e+03    1.24125e-01
      Potential    Kinetic En.   Total Energy  Conserved En.    Temperature
   -3.56837e+05    6.89378e+04   -2.87899e+05   -2.87882e+05    2.97767e+02
 Pressure (bar)   Constr. rmsd
    5.47592e+01    2.91496e-06


DD  step 49 load imb.: force 13.3%

step 150 Turning on dynamic load balancing, because the performance loss due to load imbalance is 5.8 %.

DD  step 499  vol min/aver 0.858  load imb.: force  5.0%
           Step           Time
            500        1.00000

   Energies (kJ/mol)
           Bond          Angle    Proper Dih. Per. Imp. Dih.          LJ-14
    1.63189e+03    3.88834e+03    5.01084e+03    2.47091e+02    1.85215e+03
     Coulomb-14        LJ (SR)   Coulomb (SR)   Coul. recip. Position Rest.
    1.59888e+04    4.92015e+04   -4.36560e+05    2.51394e+03    4.43868e+02
      Potential    Kinetic En.   Total Energy  Conserved En.    Temperature
   -3.55782e+05    6.93279e+04   -2.86454e+05   -2.87866e+05    2.99452e+02
 Pressure (bar)   Constr. rmsd
    5.25321e+02    3.09416e-06


DD  step 999  vol min/aver 0.916  load imb.: force 10.1%
           Step           Time
           1000        2.00000

   Energies (kJ/mol)
           Bond          Angle    Proper Dih. Per. Imp. Dih.          LJ-14
    1.49459e+03    3.72175e+03    5.05779e+03    2.74742e+02    1.86746e+03
     Coulomb-14        LJ (SR)   Coulomb (SR)   Coul. recip. Position Rest.
    1.61773e+04    4.84471e+04   -4.37048e+05    2.65238e+03    4.83969e+02
      Potential    Kinetic En.   Total Energy  Conserved En.    Temperature
   -3.56871e+05    6.97776e+04   -2.87093e+05   -2.87880e+05    3.01394e+02
 Pressure (bar)   Constr. rmsd
   -4.04316e+02    2.93250e-06


DD  step 1499  vol min/aver 0.935  load imb.: force  6.3%
           Step           Time
           1500        3.00000

   Energies (kJ/mol)
           Bond          Angle    Proper Dih. Per. Imp. Dih.          LJ-14
    1.51170e+03    3.95228e+03    5.01749e+03    2.74354e+02    1.87864e+03
     Coulomb-14        LJ (SR)   Coulomb (SR)   Coul. recip. Position Rest.
    1.62316e+04    4.93875e+04   -4.37138e+05    2.58056e+03    5.07033e+02
      Potential    Kinetic En.   Total Energy  Conserved En.    Temperature
   -3.55797e+05    6.93724e+04   -2.86424e+05   -2.87847e+05    2.99644e+02
 Pressure (bar)   Constr. rmsd
    9.96379e+02    3.13632e-06


DD  step 1999  vol min/aver 0.923  load imb.: force  6.6%
           Step           Time
           2000        4.00000

   Energies (kJ/mol)
           Bond          Angle    Proper Dih. Per. Imp. Dih.          LJ-14
    1.46913e+03    3.93564e+03    5.03177e+03    2.57924e+02    1.92968e+03
     Coulomb-14        LJ (SR)   Coulomb (SR)   Coul. recip. Position Rest.
    1.60828e+04    4.84102e+04   -4.36984e+05    2.57165e+03    4.40931e+02
      Potential    Kinetic En.   Total Energy  Conserved En.    Temperature
   -3.56854e+05    6.95143e+04   -2.87340e+05   -2.87873e+05    3.00257e+02
 Pressure (bar)   Constr. rmsd
   -9.88518e+01    2.96019e-06


DD  step 2499  vol min/aver 0.927  load imb.: force  7.1%
           Step           Time
           2500        5.00000

   Energies (kJ/mol)
           Bond          Angle    Proper Dih. Per. Imp. Dih.          LJ-14
    1.58514e+03    3.83256e+03    5.03758e+03    2.46197e+02    1.90050e+03
     Coulomb-14        LJ (SR)   Coulomb (SR)   Coul. recip. Position Rest.
    1.61049e+04    4.82742e+04   -4.36564e+05    2.55667e+03    4.91379e+02
      Potential    Kinetic En.   Total Energy  Conserved En.    Temperature
   -3.56535e+05    6.95147e+04   -2.87020e+05   -2.87865e+05    3.00258e+02
 Pressure (bar)   Constr. rmsd
    1.92633e+02    3.23436e-06


DD  step 2999  vol min/aver 0.903  load imb.: force  6.6%
           Step           Time
           3000        6.00000

   Energies (kJ/mol)
           Bond          Angle    Proper Dih. Per. Imp. Dih.          LJ-14
    1.61452e+03    3.96788e+03    4.96135e+03    2.61775e+02    1.90870e+03
     Coulomb-14        LJ (SR)   Coulomb (SR)   Coul. recip. Position Rest.
    1.62766e+04    4.89202e+04   -4.37665e+05    2.45616e+03    3.97496e+02
      Potential    Kinetic En.   Total Energy  Conserved En.    Temperature
   -3.56900e+05    6.97374e+04   -2.87163e+05   -2.87838e+05    3.01220e+02
 Pressure (bar)   Constr. rmsd
   -1.00407e+02    3.09670e-06


DD  step 3499  vol min/aver 0.918  load imb.: force  5.7%
           Step           Time
           3500        7.00000

   Energies (kJ/mol)
           Bond          Angle    Proper Dih. Per. Imp. Dih.          LJ-14
    1.63231e+03    3.83076e+03    5.02794e+03    2.58508e+02    1.85733e+03
     Coulomb-14        LJ (SR)   Coulomb (SR)   Coul. recip. Position Rest.
    1.62297e+04    4.86104e+04   -4.38024e+05    2.55069e+03    4.51395e+02
      Potential    Kinetic En.   Total Energy  Conserved En.    Temperature
   -3.57575e+05    6.94593e+04   -2.88116e+05   -2.87826e+05    3.00019e+02
 Pressure (bar)   Constr. rmsd
    1.28521e+02    2.87053e-06


DD  step 3999  vol min/aver 0.915  load imb.: force 10.6%
           Step           Time
           4000        8.00000

   Energies (kJ/mol)
           Bond          Angle    Proper Dih. Per. Imp. Dih.          LJ-14
    1.53433e+03    3.83080e+03    4.95595e+03    2.56301e+02    1.87627e+03
     Coulomb-14        LJ (SR)   Coulomb (SR)   Coul. recip. Position Rest.
    1.63270e+04    4.88117e+04   -4.37979e+05    2.48509e+03    4.33943e+02
      Potential    Kinetic En.   Total Energy  Conserved En.    Temperature
   -3.57467e+05    6.90200e+04   -2.88447e+05   -2.87825e+05    2.98122e+02
 Pressure (bar)   Constr. rmsd
   -1.70906e+01    3.12930e-06


DD  step 4499  vol min/aver 0.904  load imb.: force  4.9%
           Step           Time
           4500        9.00000

   Energies (kJ/mol)
           Bond          Angle    Proper Dih. Per. Imp. Dih.          LJ-14
    1.68725e+03    3.70624e+03    5.00004e+03    2.58384e+02    1.89663e+03
     Coulomb-14        LJ (SR)   Coulomb (SR)   Coul. recip. Position Rest.
    1.62204e+04    4.85589e+04   -4.37360e+05    2.51348e+03    4.41218e+02
      Potential    Kinetic En.   Total Energy  Conserved En.    Temperature
   -3.57077e+05    6.84565e+04   -2.88621e+05   -2.87807e+05    2.95688e+02
 Pressure (bar)   Constr. rmsd
   -2.87702e+02    2.96033e-06


DD  step 4999  vol min/aver 0.929  load imb.: force  5.6%
           Step           Time
           5000       10.00000

   Energies (kJ/mol)
           Bond          Angle    Proper Dih. Per. Imp. Dih.          LJ-14
    1.72109e+03    3.65667e+03    4.98933e+03    2.56048e+02    1.89701e+03
     Coulomb-14        LJ (SR)   Coulomb (SR)   Coul. recip. Position Rest.
    1.60597e+04    4.80974e+04   -4.36261e+05    2.54139e+03    4.43478e+02
      Potential    Kinetic En.   Total Energy  Conserved En.    Temperature
   -3.56599e+05    6.90403e+04   -2.87559e+05   -2.87823e+05    2.98209e+02
 Pressure (bar)   Constr. rmsd
   -2.25270e+02    3.30105e-06


DD  step 5499  vol min/aver 0.907  load imb.: force  4.0%
           Step           Time
           5500       11.00000

   Energies (kJ/mol)
           Bond          Angle    Proper Dih. Per. Imp. Dih.          LJ-14
    1.41972e+03    3.84703e+03    5.02192e+03    2.38044e+02    1.92148e+03
     Coulomb-14        LJ (SR)   Coulomb (SR)   Coul. recip. Position Rest.
    1.63422e+04    4.75496e+04   -4.36984e+05    2.45908e+03    4.72803e+02
      Potential    Kinetic En.   Total Energy  Conserved En.    Temperature
   -3.57712e+05    6.93869e+04   -2.88325e+05   -2.87815e+05    2.99706e+02
 Pressure (bar)   Constr. rmsd
   -3.45702e+02    2.87147e-06


DD  step 5999  vol min/aver 0.913  load imb.: force  6.3%
           Step           Time
           6000       12.00000

   Energies (kJ/mol)
           Bond          Angle    Proper Dih. Per. Imp. Dih.          LJ-14
    1.49645e+03    3.76167e+03    5.05050e+03    2.12680e+02    1.84663e+03
     Coulomb-14        LJ (SR)   Coulomb (SR)   Coul. recip. Position Rest.
    1.59719e+04    4.86448e+04   -4.37627e+05    2.57551e+03    5.33383e+02
      Potential    Kinetic En.   Total Energy  Conserved En.    Temperature
   -3.57534e+05    6.93294e+04   -2.88204e+05   -2.87803e+05    2.99458e+02
 Pressure (bar)   Constr. rmsd
    1.20703e+01    3.07769e-06


DD  step 6499  vol min/aver 0.900  load imb.: force 10.4%
           Step           Time
           6500       13.00000

   Energies (kJ/mol)
           Bond          Angle    Proper Dih. Per. Imp. Dih.          LJ-14
    1.60520e+03    3.84381e+03    5.01505e+03    2.53909e+02    1.86867e+03
     Coulomb-14        LJ (SR)   Coulomb (SR)   Coul. recip. Position Rest.
    1.61576e+04    4.83121e+04   -4.36701e+05    2.54393e+03    4.91876e+02
      Potential    Kinetic En.   Total Energy  Conserved En.    Temperature
   -3.56609e+05    6.94983e+04   -2.87111e+05   -2.87805e+05    3.00188e+02
 Pressure (bar)   Constr. rmsd
    2.56087e+01    2.87029e-06


DD  step 6999  vol min/aver 0.937  load imb.: force  7.1%
           Step           Time
           7000       14.00000

   Energies (kJ/mol)
           Bond          Angle    Proper Dih. Per. Imp. Dih.          LJ-14
    1.54862e+03    3.87922e+03    5.02133e+03    2.52331e+02    1.90737e+03
     Coulomb-14        LJ (SR)   Coulomb (SR)   Coul. recip. Position Rest.
    1.62526e+04    4.75471e+04   -4.35271e+05    2.57019e+03    5.01005e+02
      Potential    Kinetic En.   Total Energy  Conserved En.    Temperature
   -3.55791e+05    6.98849e+04   -2.85906e+05   -2.87783e+05    3.01858e+02
 Pressure (bar)   Constr. rmsd
   -4.02821e+02    3.12613e-06


DD  step 7499  vol min/aver 0.851  load imb.: force  7.4%
           Step           Time
           7500       15.00000

   Energies (kJ/mol)
           Bond          Angle    Proper Dih. Per. Imp. Dih.          LJ-14
    1.58553e+03    3.84139e+03    5.08718e+03    2.65730e+02    1.87998e+03
     Coulomb-14        LJ (SR)   Coulomb (SR)   Coul. recip. Position Rest.
    1.61576e+04    4.78097e+04   -4.36168e+05    2.52110e+03    4.78337e+02
      Potential    Kinetic En.   Total Energy  Conserved En.    Temperature
   -3.56542e+05    6.92122e+04   -2.87329e+05   -2.87777e+05    2.98952e+02
 Pressure (bar)   Constr. rmsd
    2.21107e+02    2.96128e-06


DD  step 7999  vol min/aver 0.905  load imb.: force  5.8%
           Step           Time
           8000       16.00000

   Energies (kJ/mol)
           Bond          Angle    Proper Dih. Per. Imp. Dih.          LJ-14
    1.56179e+03    3.85815e+03    4.97931e+03    2.64116e+02    1.89265e+03
     Coulomb-14        LJ (SR)   Coulomb (SR)   Coul. recip. Position Rest.
    1.62525e+04    4.86481e+04   -4.36682e+05    2.52921e+03    4.30807e+02
      Potential    Kinetic En.   Total Energy  Conserved En.    Temperature
   -3.56266e+05    7.02130e+04   -2.86053e+05   -2.87762e+05    3.03274e+02
 Pressure (bar)   Constr. rmsd
   -1.81856e+02    3.16612e-06


DD  step 8499  vol min/aver 0.869  load imb.: force  8.0%
           Step           Time
           8500       17.00000

   Energies (kJ/mol)
           Bond          Angle    Proper Dih. Per. Imp. Dih.          LJ-14
    1.66741e+03    3.66640e+03    5.05057e+03    2.72161e+02    1.88045e+03
     Coulomb-14        LJ (SR)   Coulomb (SR)   Coul. recip. Position Rest.
    1.61363e+04    4.79027e+04   -4.35764e+05    2.40291e+03    4.89022e+02
      Potential    Kinetic En.   Total Energy  Conserved En.    Temperature
   -3.56296e+05    6.99436e+04   -2.86352e+05   -2.87776e+05    3.02111e+02
 Pressure (bar)   Constr. rmsd
   -1.89752e+02    3.04864e-06


DD  step 8999  vol min/aver 0.924  load imb.: force  4.0%
           Step           Time
           9000       18.00000

   Energies (kJ/mol)
           Bond          Angle    Proper Dih. Per. Imp. Dih.          LJ-14
    1.48108e+03    3.90111e+03    5.07405e+03    2.70690e+02    1.86511e+03
     Coulomb-14        LJ (SR)   Coulomb (SR)   Coul. recip. Position Rest.
    1.60654e+04    4.93283e+04   -4.37538e+05    2.64757e+03    4.60466e+02
      Potential    Kinetic En.   Total Energy  Conserved En.    Temperature
   -3.56445e+05    6.86029e+04   -2.87842e+05   -2.87739e+05    2.96320e+02
 Pressure (bar)   Constr. rmsd
    1.84148e+02    3.05956e-06


DD  step 9499  vol min/aver 0.912  load imb.: force  5.3%
           Step           Time
           9500       19.00000

   Energies (kJ/mol)
           Bond          Angle    Proper Dih. Per. Imp. Dih.          LJ-14
    1.61098e+03    3.93743e+03    5.00637e+03    2.52614e+02    1.82211e+03
     Coulomb-14        LJ (SR)   Coulomb (SR)   Coul. recip. Position Rest.
    1.61167e+04    4.75959e+04   -4.36163e+05    2.53819e+03    4.62699e+02
      Potential    Kinetic En.   Total Energy  Conserved En.    Temperature
   -3.56820e+05    6.94549e+04   -2.87365e+05   -2.87744e+05    3.00000e+02
 Pressure (bar)   Constr. rmsd
   -5.41014e+00    2.97198e-06


DD  step 9999  vol min/aver 0.909  load imb.: force  5.0%
           Step           Time
          10000       20.00000

   Energies (kJ/mol)
           Bond          Angle    Proper Dih. Per. Imp. Dih.          LJ-14
    1.54322e+03    3.74586e+03    4.94805e+03    2.82053e+02    1.84958e+03
     Coulomb-14        LJ (SR)   Coulomb (SR)   Coul. recip. Position Rest.
    1.61275e+04    4.75653e+04   -4.36263e+05    2.53706e+03    4.23124e+02
      Potential    Kinetic En.   Total Energy  Conserved En.    Temperature
   -3.57242e+05    6.94300e+04   -2.87812e+05   -2.87750e+05    2.99893e+02
 Pressure (bar)   Constr. rmsd
   -1.06145e+01    2.95787e-06


DD  step 10499  vol min/aver 0.924  load imb.: force 11.7%
           Step           Time
          10500       21.00000

   Energies (kJ/mol)
           Bond          Angle    Proper Dih. Per. Imp. Dih.          LJ-14
    1.60007e+03    3.80205e+03    5.02383e+03    2.65834e+02    1.82612e+03
     Coulomb-14        LJ (SR)   Coulomb (SR)   Coul. recip. Position Rest.
    1.62250e+04    4.83824e+04   -4.37317e+05    2.57988e+03    4.62085e+02
      Potential    Kinetic En.   Total Energy  Conserved En.    Temperature
   -3.57150e+05    6.97388e+04   -2.87411e+05   -2.87728e+05    3.01226e+02
 Pressure (bar)   Constr. rmsd
    1.37778e+02    3.07960e-06


DD  step 10999  vol min/aver 0.920  load imb.: force  8.2%
           Step           Time
          11000       22.00000

   Energies (kJ/mol)
           Bond          Angle    Proper Dih. Per. Imp. Dih.          LJ-14
    1.50638e+03    3.98012e+03    5.02875e+03    2.67567e+02    1.87487e+03
     Coulomb-14        LJ (SR)   Coulomb (SR)   Coul. recip. Position Rest.
    1.62490e+04    4.84039e+04   -4.36079e+05    2.55548e+03    4.53444e+02
      Potential    Kinetic En.   Total Energy  Conserved En.    Temperature
   -3.55760e+05    6.98768e+04   -2.85883e+05   -2.87710e+05    3.01822e+02
 Pressure (bar)   Constr. rmsd
   -7.89156e+01    3.07298e-06


DD  step 11499  vol min/aver 0.923  load imb.: force  4.7%
           Step           Time
          11500       23.00000

   Energies (kJ/mol)
           Bond          Angle    Proper Dih. Per. Imp. Dih.          LJ-14
    1.57889e+03    3.89159e+03    4.93984e+03    2.75805e+02    1.88975e+03
     Coulomb-14        LJ (SR)   Coulomb (SR)   Coul. recip. Position Rest.
    1.61513e+04    4.85164e+04   -4.37711e+05    2.58022e+03    4.64007e+02
      Potential    Kinetic En.   Total Energy  Conserved En.    Temperature
   -3.57423e+05    6.92286e+04   -2.88194e+05   -2.87702e+05    2.99023e+02
 Pressure (bar)   Constr. rmsd
   -4.16794e+02    2.70786e-06


DD  step 11999  vol min/aver 0.917  load imb.: force  4.5%
           Step           Time
          12000       24.00000

   Energies (kJ/mol)
           Bond          Angle    Proper Dih. Per. Imp. Dih.          LJ-14
    1.60353e+03    3.91049e+03    4.98772e+03    2.44701e+02    1.87807e+03
     Coulomb-14        LJ (SR)   Coulomb (SR)   Coul. recip. Position Rest.
    1.60612e+04    4.93639e+04   -4.38034e+05    2.52433e+03    4.72538e+02
      Potential    Kinetic En.   Total Energy  Conserved En.    Temperature
   -3.56988e+05    6.93238e+04   -2.87664e+05   -2.87698e+05    2.99434e+02
 Pressure (bar)   Constr. rmsd
    6.91159e+02    3.36150e-06


DD  step 12499  vol min/aver 0.951  load imb.: force  9.0%
           Step           Time
          12500       25.00000

   Energies (kJ/mol)
           Bond          Angle    Proper Dih. Per. Imp. Dih.          LJ-14
    1.59441e+03    3.78737e+03    5.00686e+03    2.47591e+02    1.93239e+03
     Coulomb-14        LJ (SR)   Coulomb (SR)   Coul. recip. Position Rest.
    1.62679e+04    4.81265e+04   -4.35645e+05    2.56937e+03    4.35476e+02
      Potential    Kinetic En.   Total Energy  Conserved En.    Temperature
   -3.55677e+05    6.94485e+04   -2.86229e+05   -2.87691e+05    2.99972e+02
 Pressure (bar)   Constr. rmsd
   -1.67376e+02    3.18033e-06


DD  step 12999  vol min/aver 0.932  load imb.: force  7.4%
           Step           Time
          13000       26.00000

   Energies (kJ/mol)
           Bond          Angle    Proper Dih. Per. Imp. Dih.          LJ-14
    1.58686e+03    4.00313e+03    4.95918e+03    2.47222e+02    1.88189e+03
     Coulomb-14        LJ (SR)   Coulomb (SR)   Coul. recip. Position Rest.
    1.59460e+04    4.86044e+04   -4.37433e+05    2.54458e+03    4.69175e+02
      Potential    Kinetic En.   Total Energy  Conserved En.    Temperature
   -3.57190e+05    7.07227e+04   -2.86468e+05   -2.87704e+05    3.05476e+02
 Pressure (bar)   Constr. rmsd
    2.68842e+02    2.81694e-06


DD  step 13499  vol min/aver 0.891  load imb.: force  4.3%
           Step           Time
          13500       27.00000

   Energies (kJ/mol)
           Bond          Angle    Proper Dih. Per. Imp. Dih.          LJ-14
    1.46667e+03    3.83480e+03    5.05595e+03    2.70191e+02    1.89231e+03
     Coulomb-14        LJ (SR)   Coulomb (SR)   Coul. recip. Position Rest.
    1.60998e+04    4.88090e+04   -4.37460e+05    2.59943e+03    4.73332e+02
      Potential    Kinetic En.   Total Energy  Conserved En.    Temperature
   -3.56959e+05    7.01137e+04   -2.86845e+05   -2.87703e+05    3.02846e+02
 Pressure (bar)   Constr. rmsd
    1.80406e+02    2.95117e-06


DD  step 13999  vol min/aver 0.911  load imb.: force  3.7%
           Step           Time
          14000       28.00000

   Energies (kJ/mol)
           Bond          Angle    Proper Dih. Per. Imp. Dih.          LJ-14
    1.56696e+03    3.88912e+03    5.05115e+03    2.51119e+02    1.87390e+03
     Coulomb-14        LJ (SR)   Coulomb (SR)   Coul. recip. Position Rest.
    1.60265e+04    4.93094e+04   -4.38062e+05    2.56730e+03    4.15321e+02
      Potential    Kinetic En.   Total Energy  Conserved En.    Temperature
   -3.57112e+05    6.98215e+04   -2.87290e+05   -2.87665e+05    3.01584e+02
 Pressure (bar)   Constr. rmsd
    4.30051e+02    2.98153e-06


DD  step 14499  vol min/aver 0.924  load imb.: force  3.9%
           Step           Time
          14500       29.00000

   Energies (kJ/mol)
           Bond          Angle    Proper Dih. Per. Imp. Dih.          LJ-14
    1.51493e+03    3.72605e+03    5.01874e+03    2.66562e+02    1.91023e+03
     Coulomb-14        LJ (SR)   Coulomb (SR)   Coul. recip. Position Rest.
    1.62664e+04    4.86488e+04   -4.37454e+05    2.52545e+03    4.67127e+02
      Potential    Kinetic En.   Total Energy  Conserved En.    Temperature
   -3.57110e+05    6.94968e+04   -2.87613e+05   -2.87670e+05    3.00181e+02
 Pressure (bar)   Constr. rmsd
    1.07752e+02    3.35405e-06


DD  step 14999  vol min/aver 0.910  load imb.: force  4.3%
           Step           Time
          15000       30.00000

   Energies (kJ/mol)
           Bond          Angle    Proper Dih. Per. Imp. Dih.          LJ-14
    1.56158e+03    3.66616e+03    5.03126e+03    2.58932e+02    1.97449e+03
     Coulomb-14        LJ (SR)   Coulomb (SR)   Coul. recip. Position Rest.
    1.63658e+04    4.90208e+04   -4.37831e+05    2.58481e+03    4.82100e+02
      Potential    Kinetic En.   Total Energy  Conserved En.    Temperature
   -3.56885e+05    6.97562e+04   -2.87129e+05   -2.87672e+05    3.01302e+02
 Pressure (bar)   Constr. rmsd
    1.19664e+02    3.00545e-06


DD  step 15499  vol min/aver 0.926  load imb.: force  6.2%
           Step           Time
          15500       31.00000

   Energies (kJ/mol)
           Bond          Angle    Proper Dih. Per. Imp. Dih.          LJ-14
    1.41601e+03    3.91236e+03    5.00783e+03    2.74257e+02    1.94352e+03
     Coulomb-14        LJ (SR)   Coulomb (SR)   Coul. recip. Position Rest.
    1.61694e+04    4.88601e+04   -4.37372e+05    2.55404e+03    4.68503e+02
      Potential    Kinetic En.   Total Energy  Conserved En.    Temperature
   -3.56766e+05    6.93829e+04   -2.87383e+05   -2.87655e+05    2.99689e+02
 Pressure (bar)   Constr. rmsd
    5.14562e+01    2.76674e-06


DD  step 15999  vol min/aver 0.913  load imb.: force  3.4%
           Step           Time
          16000       32.00000

   Energies (kJ/mol)
           Bond          Angle    Proper Dih. Per. Imp. Dih.          LJ-14
    1.67976e+03    3.88976e+03    5.01138e+03    2.31486e+02    1.78599e+03
     Coulomb-14        LJ (SR)   Coulomb (SR)   Coul. recip. Position Rest.
    1.60936e+04    4.75758e+04   -4.35295e+05    2.50130e+03    4.48203e+02
      Potential    Kinetic En.   Total Energy  Conserved En.    Temperature
   -3.56077e+05    6.91139e+04   -2.86963e+05   -2.87654e+05    2.98527e+02
 Pressure (bar)   Constr. rmsd
   -3.11706e+02    2.89375e-06


DD  step 16499  vol min/aver 0.949  load imb.: force  5.1%
           Step           Time
          16500       33.00000

   Energies (kJ/mol)
           Bond          Angle    Proper Dih. Per. Imp. Dih.          LJ-14
    1.56758e+03    3.97455e+03    5.07084e+03    2.64145e+02    1.88696e+03
     Coulomb-14        LJ (SR)   Coulomb (SR)   Coul. recip. Position Rest.
    1.60955e+04    4.98270e+04   -4.38046e+05    2.47459e+03    4.69782e+02
      Potential    Kinetic En.   Total Energy  Conserved En.    Temperature
   -3.56415e+05    6.94746e+04   -2.86940e+05   -2.87638e+05    3.00085e+02
 Pressure (bar)   Constr. rmsd
    5.43140e+02    3.09682e-06


DD  step 16999  vol min/aver 0.911  load imb.: force 10.6%
           Step           Time
          17000       34.00000

   Energies (kJ/mol)
           Bond          Angle    Proper Dih. Per. Imp. Dih.          LJ-14
    1.70412e+03    3.68388e+03    4.97047e+03    2.48879e+02    1.95277e+03
     Coulomb-14        LJ (SR)   Coulomb (SR)   Coul. recip. Position Rest.
    1.62440e+04    4.86597e+04   -4.37068e+05    2.57020e+03    4.71147e+02
      Potential    Kinetic En.   Total Energy  Conserved En.    Temperature
   -3.56563e+05    6.93881e+04   -2.87175e+05   -2.87640e+05    2.99712e+02
 Pressure (bar)   Constr. rmsd
   -8.39580e+01    3.13620e-06


DD  step 17499  vol min/aver 0.942  load imb.: force  3.9%
           Step           Time
          17500       35.00000

   Energies (kJ/mol)
           Bond          Angle    Proper Dih. Per. Imp. Dih.          LJ-14
    1.73249e+03    3.83351e+03    4.98492e+03    2.62363e+02    1.90759e+03
     Coulomb-14        LJ (SR)   Coulomb (SR)   Coul. recip. Position Rest.
    1.60317e+04    5.00709e+04   -4.38493e+05    2.50099e+03    4.72567e+02
      Potential    Kinetic En.   Total Energy  Conserved En.    Temperature
   -3.56696e+05    6.91318e+04   -2.87564e+05   -2.87614e+05    2.98605e+02
 Pressure (bar)   Constr. rmsd
    3.00269e+02    2.92583e-06


DD  step 17999  vol min/aver 0.924  load imb.: force  2.7%
           Step           Time
          18000       36.00000

   Energies (kJ/mol)
           Bond          Angle    Proper Dih. Per. Imp. Dih.          LJ-14
    1.70533e+03    3.86200e+03    4.98113e+03    2.38948e+02    1.90057e+03
     Coulomb-14        LJ (SR)   Coulomb (SR)   Coul. recip. Position Rest.
    1.59536e+04    4.89026e+04   -4.37077e+05    2.55872e+03    4.54768e+02
      Potential    Kinetic En.   Total Energy  Conserved En.    Temperature
   -3.56520e+05    6.97095e+04   -2.86810e+05   -2.87612e+05    3.01100e+02
 Pressure (bar)   Constr. rmsd
    3.13263e-01    3.01820e-06


DD  step 18499  vol min/aver 0.921  load imb.: force  7.4%
           Step           Time
          18500       37.00000

   Energies (kJ/mol)
           Bond          Angle    Proper Dih. Per. Imp. Dih.          LJ-14
    1.56995e+03    3.78334e+03    5.06559e+03    2.46455e+02    1.90208e+03
     Coulomb-14        LJ (SR)   Coulomb (SR)   Coul. recip. Position Rest.
    1.61759e+04    4.83925e+04   -4.37139e+05    2.56253e+03    4.90693e+02
      Potential    Kinetic En.   Total Energy  Conserved En.    Temperature
   -3.56950e+05    6.83980e+04   -2.88552e+05   -2.87601e+05    2.95435e+02
 Pressure (bar)   Constr. rmsd
    1.63524e+02    3.17455e-06


DD  step 18999  vol min/aver 0.920  load imb.: force  5.8%
           Step           Time
          19000       38.00000

   Energies (kJ/mol)
           Bond          Angle    Proper Dih. Per. Imp. Dih.          LJ-14
    1.55626e+03    4.00254e+03    5.00581e+03    2.62946e+02    1.83431e+03
     Coulomb-14        LJ (SR)   Coulomb (SR)   Coul. recip. Position Rest.
    1.60424e+04    4.87873e+04   -4.37211e+05    2.47826e+03    4.26631e+02
      Potential    Kinetic En.   Total Energy  Conserved En.    Temperature
   -3.56814e+05    6.95467e+04   -2.87268e+05   -2.87597e+05    3.00397e+02
 Pressure (bar)   Constr. rmsd
    6.22307e+02    3.18394e-06


DD  step 19499  vol min/aver 0.917  load imb.: force  5.2%
           Step           Time
          19500       39.00000

   Energies (kJ/mol)
           Bond          Angle    Proper Dih. Per. Imp. Dih.          LJ-14
    1.67234e+03    3.89812e+03    4.90469e+03    2.32566e+02    1.78694e+03
     Coulomb-14        LJ (SR)   Coulomb (SR)   Coul. recip. Position Rest.
    1.59738e+04    4.80539e+04   -4.36244e+05    2.51874e+03    4.55881e+02
      Potential    Kinetic En.   Total Energy  Conserved En.    Temperature
   -3.56748e+05    6.88339e+04   -2.87914e+05   -2.87576e+05    2.97318e+02
 Pressure (bar)   Constr. rmsd
   -3.76260e+02    2.85171e-06


DD  step 19999  vol min/aver 0.906  load imb.: force  5.2%
           Step           Time
          20000       40.00000

   Energies (kJ/mol)
           Bond          Angle    Proper Dih. Per. Imp. Dih.          LJ-14
    1.51368e+03    4.03318e+03    4.94078e+03    2.58465e+02    1.88315e+03
     Coulomb-14        LJ (SR)   Coulomb (SR)   Coul. recip. Position Rest.
    1.61221e+04    4.91331e+04   -4.37370e+05    2.57024e+03    4.86993e+02
      Potential    Kinetic En.   Total Energy  Conserved En.    Temperature
   -3.56428e+05    6.96595e+04   -2.86769e+05   -2.87578e+05    3.00884e+02
 Pressure (bar)   Constr. rmsd
    1.89590e+02    2.78465e-06


DD  step 20499  vol min/aver 0.929  load imb.: force  7.1%
           Step           Time
          20500       41.00000

   Energies (kJ/mol)
           Bond          Angle    Proper Dih. Per. Imp. Dih.          LJ-14
    1.67966e+03    3.87016e+03    5.04627e+03    2.70850e+02    1.88388e+03
     Coulomb-14        LJ (SR)   Coulomb (SR)   Coul. recip. Position Rest.
    1.60249e+04    4.75099e+04   -4.34488e+05    2.58787e+03    4.78752e+02
      Potential    Kinetic En.   Total Energy  Conserved En.    Temperature
   -3.55136e+05    6.90757e+04   -2.86061e+05   -2.87582e+05    2.98362e+02
 Pressure (bar)   Constr. rmsd
   -4.50659e+02    2.77802e-06


DD  step 20999  vol min/aver 0.914  load imb.: force  6.1%
           Step           Time
          21000       42.00000

   Energies (kJ/mol)
           Bond          Angle    Proper Dih. Per. Imp. Dih.          LJ-14
    1.57086e+03    3.70352e+03    5.07483e+03    2.53964e+02    1.91216e+03
     Coulomb-14        LJ (SR)   Coulomb (SR)   Coul. recip. Position Rest.
    1.62505e+04    4.78862e+04   -4.36580e+05    2.55105e+03    4.83899e+02
      Potential    Kinetic En.   Total Energy  Conserved En.    Temperature
   -3.56893e+05    6.93737e+04   -2.87519e+05   -2.87588e+05    2.99650e+02
 Pressure (bar)   Constr. rmsd
   -1.89154e+02    3.16380e-06


DD  step 21499  vol min/aver 0.942  load imb.: force  6.1%
           Step           Time
          21500       43.00000

   Energies (kJ/mol)
           Bond          Angle    Proper Dih. Per. Imp. Dih.          LJ-14
    1.57873e+03    3.92502e+03    4.97179e+03    2.58021e+02    1.84080e+03
     Coulomb-14        LJ (SR)   Coulomb (SR)   Coul. recip. Position Rest.
    1.62810e+04    4.83567e+04   -4.36166e+05    2.54726e+03    4.87507e+02
      Potential    Kinetic En.   Total Energy  Conserved En.    Temperature
   -3.55920e+05    6.96350e+04   -2.86285e+05   -2.87560e+05    3.00778e+02
 Pressure (bar)   Constr. rmsd
    3.03744e+02    2.82336e-06


DD  step 21999  vol min/aver 0.927  load imb.: force  6.2%
           Step           Time
          22000       44.00000

   Energies (kJ/mol)
           Bond          Angle    Proper Dih. Per. Imp. Dih.          LJ-14
    1.63214e+03    3.81535e+03    5.01354e+03    2.67243e+02    1.85943e+03
     Coulomb-14        LJ (SR)   Coulomb (SR)   Coul. recip. Position Rest.
    1.60973e+04    4.89725e+04   -4.36858e+05    2.62938e+03    4.55380e+02
      Potential    Kinetic En.   Total Energy  Conserved En.    Temperature
   -3.56116e+05    6.94956e+04   -2.86620e+05   -2.87585e+05    3.00176e+02
 Pressure (bar)   Constr. rmsd
    6.64309e+01    2.74416e-06


DD  step 22499  vol min/aver 0.939  load imb.: force  4.6%
           Step           Time
          22500       45.00000

   Energies (kJ/mol)
           Bond          Angle    Proper Dih. Per. Imp. Dih.          LJ-14
    1.70934e+03    3.91060e+03    4.95830e+03    2.63301e+02    1.86262e+03
     Coulomb-14        LJ (SR)   Coulomb (SR)   Coul. recip. Position Rest.
    1.59683e+04    4.87173e+04   -4.37513e+05    2.61319e+03    5.01789e+02
      Potential    Kinetic En.   Total Energy  Conserved En.    Temperature
   -3.57008e+05    6.94585e+04   -2.87550e+05   -2.87551e+05    3.00016e+02
 Pressure (bar)   Constr. rmsd
   -4.03392e+02    3.12392e-06


DD  step 22999  vol min/aver 0.941  load imb.: force  8.6%
           Step           Time
          23000       46.00000

   Energies (kJ/mol)
           Bond          Angle    Proper Dih. Per. Imp. Dih.          LJ-14
    1.55149e+03    3.89833e+03    4.99371e+03    2.53120e+02    1.89504e+03
     Coulomb-14        LJ (SR)   Coulomb (SR)   Coul. recip. Position Rest.
    1.62017e+04    4.79714e+04   -4.36614e+05    2.52602e+03    4.53855e+02
      Potential    Kinetic En.   Total Energy  Conserved En.    Temperature
   -3.56869e+05    6.99127e+04   -2.86956e+05   -2.87551e+05    3.01978e+02
 Pressure (bar)   Constr. rmsd
   -3.66927e+02    2.76733e-06


DD  step 23499  vol min/aver 0.926  load imb.: force  4.0%
           Step           Time
          23500       47.00000

   Energies (kJ/mol)
           Bond          Angle    Proper Dih. Per. Imp. Dih.          LJ-14
    1.63671e+03    3.86661e+03    4.97904e+03    2.30130e+02    1.87319e+03
     Coulomb-14        LJ (SR)   Coulomb (SR)   Coul. recip. Position Rest.
    1.60617e+04    4.80534e+04   -4.36485e+05    2.54765e+03    4.86283e+02
      Potential    Kinetic En.   Total Energy  Conserved En.    Temperature
   -3.56750e+05    6.91506e+04   -2.87599e+05   -2.87522e+05    2.98686e+02
 Pressure (bar)   Constr. rmsd
   -1.08486e+02    3.12009e-06


DD  step 23999  vol min/aver 0.919  load imb.: force  3.2%
           Step           Time
          24000       48.00000

   Energies (kJ/mol)
           Bond          Angle    Proper Dih. Per. Imp. Dih.          LJ-14
    1.61955e+03    3.93852e+03    4.98181e+03    2.63528e+02    1.85841e+03
     Coulomb-14        LJ (SR)   Coulomb (SR)   Coul. recip. Position Rest.
    1.61585e+04    4.84727e+04   -4.36142e+05    2.50348e+03    4.82318e+02
      Potential    Kinetic En.   Total Energy  Conserved En.    Temperature
   -3.55863e+05    6.90652e+04   -2.86798e+05   -2.87514e+05    2.98317e+02
 Pressure (bar)   Constr. rmsd
    1.21681e+02    3.51909e-06


DD  step 24499  vol min/aver 0.912  load imb.: force  4.4%
           Step           Time
          24500       49.00000

   Energies (kJ/mol)
           Bond          Angle    Proper Dih. Per. Imp. Dih.          LJ-14
    1.60441e+03    3.80873e+03    4.97725e+03    2.39900e+02    1.91416e+03
     Coulomb-14        LJ (SR)   Coulomb (SR)   Coul. recip. Position Rest.
    1.63495e+04    4.83482e+04   -4.36077e+05    2.51249e+03    4.26639e+02
      Potential    Kinetic En.   Total Energy  Conserved En.    Temperature
   -3.55896e+05    7.00102e+04   -2.85886e+05   -2.87514e+05    3.02398e+02
 Pressure (bar)   Constr. rmsd
    5.60589e+02    2.79452e-06


DD  step 24999  vol min/aver 0.903  load imb.: force  5.1%
           Step           Time
          25000       50.00000

   Energies (kJ/mol)
           Bond          Angle    Proper Dih. Per. Imp. Dih.          LJ-14
    1.73973e+03    3.75885e+03    4.97400e+03    2.57693e+02    1.91179e+03
     Coulomb-14        LJ (SR)   Coulomb (SR)   Coul. recip. Position Rest.
    1.60300e+04    4.83956e+04   -4.35888e+05    2.58325e+03    4.56824e+02
      Potential    Kinetic En.   Total Energy  Conserved En.    Temperature
   -3.55780e+05    6.87711e+04   -2.87009e+05   -2.87503e+05    2.97047e+02
 Pressure (bar)   Constr. rmsd
   -3.37578e+02    3.13443e-06


DD  step 25499  vol min/aver 0.905  load imb.: force  8.6%
           Step           Time
          25500       51.00000

   Energies (kJ/mol)
           Bond          Angle    Proper Dih. Per. Imp. Dih.          LJ-14
    1.60084e+03    3.93231e+03    4.97943e+03    2.38397e+02    1.88224e+03
     Coulomb-14        LJ (SR)   Coulomb (SR)   Coul. recip. Position Rest.
    1.61449e+04    4.88333e+04   -4.37479e+05    2.50155e+03    4.54831e+02
      Potential    Kinetic En.   Total Energy  Conserved En.    Temperature
   -3.56911e+05    7.00736e+04   -2.86837e+05   -2.87514e+05    3.02673e+02
 Pressure (bar)   Constr. rmsd
    2.71138e+02    2.75973e-06


DD  step 25999  vol min/aver 0.930  load imb.: force  4.2%
           Step           Time
          26000       52.00000

   Energies (kJ/mol)
           Bond          Angle    Proper Dih. Per. Imp. Dih.          LJ-14
    1.50429e+03    3.83340e+03    5.06074e+03    2.48821e+02    1.86753e+03
     Coulomb-14        LJ (SR)   Coulomb (SR)   Coul. recip. Position Rest.
    1.61344e+04    4.82829e+04   -4.36551e+05    2.60393e+03    4.41217e+02
      Potential    Kinetic En.   Total Energy  Conserved En.    Temperature
   -3.56574e+05    6.97892e+04   -2.86785e+05   -2.87500e+05    3.01444e+02
 Pressure (bar)   Constr. rmsd
    1.61403e+02    3.07751e-06


DD  step 26499  vol min/aver 0.903  load imb.: force  4.5%
           Step           Time
          26500       53.00000

   Energies (kJ/mol)
           Bond          Angle    Proper Dih. Per. Imp. Dih.          LJ-14
    1.60370e+03    4.01349e+03    4.99089e+03    2.64549e+02    1.90275e+03
     Coulomb-14        LJ (SR)   Coulomb (SR)   Coul. recip. Position Rest.
    1.60724e+04    4.86768e+04   -4.36687e+05    2.59312e+03    4.41855e+02
      Potential    Kinetic En.   Total Energy  Conserved En.    Temperature
   -3.56128e+05    7.03706e+04   -2.85757e+05   -2.87501e+05    3.03955e+02
 Pressure (bar)   Constr. rmsd
    7.95210e+01    2.90884e-06


DD  step 26999  vol min/aver 0.928  load imb.: force  5.4%
           Step           Time
          27000       54.00000

   Energies (kJ/mol)
           Bond          Angle    Proper Dih. Per. Imp. Dih.          LJ-14
    1.63123e+03    3.70796e+03    4.98543e+03    2.47918e+02    1.95052e+03
     Coulomb-14        LJ (SR)   Coulomb (SR)   Coul. recip. Position Rest.
    1.62778e+04    4.86557e+04   -4.37337e+05    2.56374e+03    4.96402e+02
      Potential    Kinetic En.   Total Energy  Conserved En.    Temperature
   -3.56820e+05    7.02211e+04   -2.86599e+05   -2.87500e+05    3.03310e+02
 Pressure (bar)   Constr. rmsd
   -3.95464e+02    3.02654e-06


DD  step 27499  vol min/aver 0.916  load imb.: force  0.9%
           Step           Time
          27500       55.00000

   Energies (kJ/mol)
           Bond          Angle    Proper Dih. Per. Imp. Dih.          LJ-14
    1.66396e+03    3.90407e+03    4.97527e+03    2.47916e+02    1.93873e+03
     Coulomb-14        LJ (SR)   Coulomb (SR)   Coul. recip. Position Rest.
    1.62146e+04    4.89340e+04   -4.36829e+05    2.59121e+03    4.60531e+02
      Potential    Kinetic En.   Total Energy  Conserved En.    Temperature
   -3.55899e+05    7.05831e+04   -2.85316e+05   -2.87470e+05    3.04873e+02
 Pressure (bar)   Constr. rmsd
    2.42724e+02    2.91427e-06


DD  step 27999  vol min/aver 0.868  load imb.: force  5.2%
           Step           Time
          28000       56.00000

   Energies (kJ/mol)
           Bond          Angle    Proper Dih. Per. Imp. Dih.          LJ-14
    1.61749e+03    3.81620e+03    4.98892e+03    2.81674e+02    1.89755e+03
     Coulomb-14        LJ (SR)   Coulomb (SR)   Coul. recip. Position Rest.
    1.59559e+04    4.87709e+04   -4.36728e+05    2.51168e+03    4.79351e+02
      Potential    Kinetic En.   Total Energy  Conserved En.    Temperature
   -3.56408e+05    6.87291e+04   -2.87679e+05   -2.87471e+05    2.96865e+02
 Pressure (bar)   Constr. rmsd
    2.48863e+02    3.04643e-06


DD  step 28499  vol min/aver 0.921  load imb.: force  4.6%
           Step           Time
          28500       57.00000

   Energies (kJ/mol)
           Bond          Angle    Proper Dih. Per. Imp. Dih.          LJ-14
    1.69410e+03    3.82689e+03    5.04055e+03    2.64584e+02    1.85844e+03
     Coulomb-14        LJ (SR)   Coulomb (SR)   Coul. recip. Position Rest.
    1.60790e+04    4.77653e+04   -4.35770e+05    2.52102e+03    5.41349e+02
      Potential    Kinetic En.   Total Energy  Conserved En.    Temperature
   -3.56179e+05    6.94074e+04   -2.86772e+05   -2.87469e+05    2.99795e+02
 Pressure (bar)   Constr. rmsd
   -4.13850e+02    2.95569e-06


DD  step 28999  vol min/aver 0.905  load imb.: force  5.7%
           Step           Time
          29000       58.00000

   Energies (kJ/mol)
           Bond          Angle    Proper Dih. Per. Imp. Dih.          LJ-14
    1.61452e+03    3.80328e+03    5.03534e+03    2.65903e+02    1.94521e+03
     Coulomb-14        LJ (SR)   Coulomb (SR)   Coul. recip. Position Rest.
    1.62757e+04    4.85332e+04   -4.35690e+05    2.59066e+03    5.08406e+02
      Potential    Kinetic En.   Total Energy  Conserved En.    Temperature
   -3.55118e+05    6.96869e+04   -2.85431e+05   -2.87468e+05    3.01002e+02
 Pressure (bar)   Constr. rmsd
   -5.93794e+01    2.73220e-06


DD  step 29499  vol min/aver 0.915  load imb.: force  5.1%
           Step           Time
          29500       59.00000

   Energies (kJ/mol)
           Bond          Angle    Proper Dih. Per. Imp. Dih.          LJ-14
    1.55498e+03    3.62992e+03    4.98047e+03    2.43779e+02    1.94314e+03
     Coulomb-14        LJ (SR)   Coulomb (SR)   Coul. recip. Position Rest.
    1.62475e+04    4.77794e+04   -4.35760e+05    2.59127e+03    4.85661e+02
      Potential    Kinetic En.   Total Energy  Conserved En.    Temperature
   -3.56304e+05    6.95821e+04   -2.86721e+05   -2.87484e+05    3.00550e+02
 Pressure (bar)   Constr. rmsd
   -3.77248e+01    2.80901e-06


DD  step 29999  vol min/aver 0.897  load imb.: force  5.0%
           Step           Time
          30000       60.00000

   Energies (kJ/mol)
           Bond          Angle    Proper Dih. Per. Imp. Dih.          LJ-14
    1.50773e+03    3.74195e+03    4.99282e+03    2.59598e+02    1.87139e+03
     Coulomb-14        LJ (SR)   Coulomb (SR)   Coul. recip. Position Rest.
    1.60642e+04    4.83469e+04   -4.36011e+05    2.51146e+03    4.92123e+02
      Potential    Kinetic En.   Total Energy  Conserved En.    Temperature
   -3.56223e+05    6.94566e+04   -2.86766e+05   -2.87478e+05    3.00008e+02
 Pressure (bar)   Constr. rmsd
   -4.78090e+02    2.71776e-06


DD  step 30499  vol min/aver 0.904  load imb.: force  4.3%
           Step           Time
          30500       61.00000

   Energies (kJ/mol)
           Bond          Angle    Proper Dih. Per. Imp. Dih.          LJ-14
    1.53326e+03    3.89562e+03    5.06227e+03    2.29825e+02    1.81943e+03
     Coulomb-14        LJ (SR)   Coulomb (SR)   Coul. recip. Position Rest.
    1.61999e+04    4.82502e+04   -4.35632e+05    2.57823e+03    5.07554e+02
      Potential    Kinetic En.   Total Energy  Conserved En.    Temperature
   -3.55556e+05    6.89758e+04   -2.86580e+05   -2.87449e+05    2.97931e+02
 Pressure (bar)   Constr. rmsd
    3.68162e+02    2.75911e-06


DD  step 30999  vol min/aver 0.925  load imb.: force  6.8%
           Step           Time
          31000       62.00000

   Energies (kJ/mol)
           Bond          Angle    Proper Dih. Per. Imp. Dih.          LJ-14
    1.53735e+03    3.79083e+03    4.97974e+03    2.99317e+02    1.87991e+03
     Coulomb-14        LJ (SR)   Coulomb (SR)   Coul. recip. Position Rest.
    1.63118e+04    4.87837e+04   -4.37530e+05    2.49843e+03    4.58317e+02
      Potential    Kinetic En.   Total Energy  Conserved En.    Temperature
   -3.56991e+05    6.97824e+04   -2.87209e+05   -2.87453e+05    3.01415e+02
 Pressure (bar)   Constr. rmsd
   -6.50722e+02    3.00512e-06


DD  step 31499  vol min/aver 0.926  load imb.: force  3.9%
           Step           Time
          31500       63.00000

   Energies (kJ/mol)
           Bond          Angle    Proper Dih. Per. Imp. Dih.          LJ-14
    1.63510e+03    3.83040e+03    4.93865e+03    2.69471e+02    1.90081e+03
     Coulomb-14        LJ (SR)   Coulomb (SR)   Coul. recip. Position Rest.
    1.61311e+04    4.82418e+04   -4.36913e+05    2.49885e+03    4.80007e+02
      Potential    Kinetic En.   Total Energy  Conserved En.    Temperature
   -3.56986e+05    7.00676e+04   -2.86919e+05   -2.87437e+05    3.02647e+02
 Pressure (bar)   Constr. rmsd
    2.96605e+02    3.55007e-06


DD  step 31999  vol min/aver 0.933  load imb.: force  6.2%
           Step           Time
          32000       64.00000

   Energies (kJ/mol)
           Bond          Angle    Proper Dih. Per. Imp. Dih.          LJ-14
    1.59212e+03    3.67677e+03    4.99051e+03    2.68589e+02    1.93052e+03
     Coulomb-14        LJ (SR)   Coulomb (SR)   Coul. recip. Position Rest.
    1.62136e+04    4.85896e+04   -4.37660e+05    2.58914e+03    4.59692e+02
      Potential    Kinetic En.   Total Energy  Conserved En.    Temperature
   -3.57349e+05    6.96807e+04   -2.87668e+05   -2.87419e+05    3.00976e+02
 Pressure (bar)   Constr. rmsd
    2.38839e+02    2.80129e-06


DD  step 32499  vol min/aver 0.952  load imb.: force  4.9%
           Step           Time
          32500       65.00000

   Energies (kJ/mol)
           Bond          Angle    Proper Dih. Per. Imp. Dih.          LJ-14
    1.54569e+03    3.86594e+03    4.94027e+03    2.43393e+02    1.95596e+03
     Coulomb-14        LJ (SR)   Coulomb (SR)   Coul. recip. Position Rest.
    1.62558e+04    4.84502e+04   -4.36872e+05    2.53438e+03    4.65454e+02
      Potential    Kinetic En.   Total Energy  Conserved En.    Temperature
   -3.56615e+05    6.95639e+04   -2.87051e+05   -2.87410e+05    3.00471e+02
 Pressure (bar)   Constr. rmsd
   -8.68487e+01    3.02588e-06


DD  step 32999  vol min/aver 0.903  load imb.: force  6.4%

step 33000 Turning off dynamic load balancing, because it is degrading performance.
Atom distribution over 10 domains: av 2734 stddev 58 min 2659 max 2801
           Step           Time
          33000       66.00000

   Energies (kJ/mol)
           Bond          Angle    Proper Dih. Per. Imp. Dih.          LJ-14
    1.60701e+03    4.00822e+03    4.94395e+03    2.48608e+02    1.82030e+03
     Coulomb-14        LJ (SR)   Coulomb (SR)   Coul. recip. Position Rest.
    1.62102e+04    4.86495e+04   -4.37160e+05    2.59913e+03    4.56246e+02
      Potential    Kinetic En.   Total Energy  Conserved En.    Temperature
   -3.56617e+05    6.98286e+04   -2.86788e+05   -2.87378e+05    3.01614e+02
 Pressure (bar)   Constr. rmsd
    3.86153e+02    2.96868e-06


DD  step 33499 load imb.: force  8.2%
           Step           Time
          33500       67.00000

   Energies (kJ/mol)
           Bond          Angle    Proper Dih. Per. Imp. Dih.          LJ-14
    1.53935e+03    4.02826e+03    5.00496e+03    2.85299e+02    1.86853e+03
     Coulomb-14        LJ (SR)   Coulomb (SR)   Coul. recip. Position Rest.
    1.61636e+04    4.89256e+04   -4.37558e+05    2.60152e+03    4.55379e+02
      Potential    Kinetic En.   Total Energy  Conserved En.    Temperature
   -3.56685e+05    6.95709e+04   -2.87114e+05   -2.87369e+05    3.00501e+02
 Pressure (bar)   Constr. rmsd
   -4.25708e+02    3.00347e-06


DD  step 33999 load imb.: force  9.3%
           Step           Time
          34000       68.00000

   Energies (kJ/mol)
           Bond          Angle    Proper Dih. Per. Imp. Dih.          LJ-14
    1.54986e+03    3.93515e+03    5.03039e+03    2.69492e+02    1.88634e+03
     Coulomb-14        LJ (SR)   Coulomb (SR)   Coul. recip. Position Rest.
    1.60654e+04    4.82881e+04   -4.37695e+05    2.50311e+03    4.38909e+02
      Potential    Kinetic En.   Total Energy  Conserved En.    Temperature
   -3.57728e+05    7.00381e+04   -2.87690e+05   -2.87379e+05    3.02519e+02
 Pressure (bar)   Constr. rmsd
    4.71760e+01    3.08607e-06


DD  step 34499 load imb.: force  7.7%
           Step           Time
          34500       69.00000

   Energies (kJ/mol)
           Bond          Angle    Proper Dih. Per. Imp. Dih.          LJ-14
    1.48214e+03    3.93827e+03    4.99286e+03    2.55454e+02    1.90539e+03
     Coulomb-14        LJ (SR)   Coulomb (SR)   Coul. recip. Position Rest.
    1.62904e+04    4.84607e+04   -4.37562e+05    2.57504e+03    4.54778e+02
      Potential    Kinetic En.   Total Energy  Conserved En.    Temperature
   -3.57207e+05    6.93915e+04   -2.87816e+05   -2.87367e+05    2.99726e+02
 Pressure (bar)   Constr. rmsd
   -6.34580e+02    2.91659e-06


DD  step 34999 load imb.: force  7.4%
           Step           Time
          35000       70.00000

   Energies (kJ/mol)
           Bond          Angle    Proper Dih. Per. Imp. Dih.          LJ-14
    1.53686e+03    3.83417e+03    5.00675e+03    2.36852e+02    1.90648e+03
     Coulomb-14        LJ (SR)   Coulomb (SR)   Coul. recip. Position Rest.
    1.61730e+04    4.85159e+04   -4.36631e+05    2.53183e+03    4.89574e+02
      Potential    Kinetic En.   Total Energy  Conserved En.    Temperature
   -3.56399e+05    7.00287e+04   -2.86371e+05   -2.87375e+05    3.02478e+02
 Pressure (bar)   Constr. rmsd
    3.50123e+02    3.28811e-06


DD  step 35499 load imb.: force  8.9%
           Step           Time
          35500       71.00000

   Energies (kJ/mol)
           Bond          Angle    Proper Dih. Per. Imp. Dih.          LJ-14
    1.40504e+03    3.80679e+03    4.94821e+03    2.62855e+02    1.87389e+03
     Coulomb-14        LJ (SR)   Coulomb (SR)   Coul. recip. Position Rest.
    1.60754e+04    4.94490e+04   -4.38247e+05    2.51043e+03    4.63169e+02
      Potential    Kinetic En.   Total Energy  Conserved En.    Temperature
   -3.57452e+05    6.89720e+04   -2.88480e+05   -2.87359e+05    2.97914e+02
 Pressure (bar)   Constr. rmsd
   -1.95516e+02    3.13270e-06


DD  step 35999 load imb.: force  6.7%
           Step           Time
          36000       72.00000

   Energies (kJ/mol)
           Bond          Angle    Proper Dih. Per. Imp. Dih.          LJ-14
    1.53453e+03    3.72828e+03    4.97723e+03    2.64721e+02    1.90871e+03
     Coulomb-14        LJ (SR)   Coulomb (SR)   Coul. recip. Position Rest.
    1.60719e+04    4.86410e+04   -4.37184e+05    2.58734e+03    5.10192e+02
      Potential    Kinetic En.   Total Energy  Conserved En.    Temperature
   -3.56960e+05    6.99225e+04   -2.87038e+05   -2.87383e+05    3.02020e+02
 Pressure (bar)   Constr. rmsd
    2.79497e+01    3.45552e-06


DD  step 36499 load imb.: force 10.3%
           Step           Time
          36500       73.00000

   Energies (kJ/mol)
           Bond          Angle    Proper Dih. Per. Imp. Dih.          LJ-14
    1.59789e+03    3.89033e+03    5.01179e+03    2.89260e+02    1.92078e+03
     Coulomb-14        LJ (SR)   Coulomb (SR)   Coul. recip. Position Rest.
    1.59447e+04    4.86051e+04   -4.37990e+05    2.53284e+03    5.03656e+02
      Potential    Kinetic En.   Total Energy  Conserved En.    Temperature
   -3.57693e+05    6.93367e+04   -2.88357e+05   -2.87334e+05    2.99490e+02
 Pressure (bar)   Constr. rmsd
   -4.62563e+02    3.01883e-06


DD  step 36999 load imb.: force  8.5%
           Step           Time
          37000       74.00000

   Energies (kJ/mol)
           Bond          Angle    Proper Dih. Per. Imp. Dih.          LJ-14
    1.47062e+03    3.84883e+03    4.97334e+03    2.74683e+02    1.97950e+03
     Coulomb-14        LJ (SR)   Coulomb (SR)   Coul. recip. Position Rest.
    1.62911e+04    4.91117e+04   -4.37790e+05    2.48382e+03    4.87664e+02
      Potential    Kinetic En.   Total Energy  Conserved En.    Temperature
   -3.56868e+05    6.87245e+04   -2.88144e+05   -2.87336e+05    2.96845e+02
 Pressure (bar)   Constr. rmsd
    2.87966e+02    3.06031e-06


DD  step 37499 load imb.: force  9.4%
           Step           Time
          37500       75.00000

   Energies (kJ/mol)
           Bond          Angle    Proper Dih. Per. Imp. Dih.          LJ-14
    1.64139e+03    4.01921e+03    5.06925e+03    2.81589e+02    1.86674e+03
     Coulomb-14        LJ (SR)   Coulomb (SR)   Coul. recip. Position Rest.
    1.61397e+04    4.93358e+04   -4.37676e+05    2.58794e+03    4.57230e+02
      Potential    Kinetic En.   Total Energy  Conserved En.    Temperature
   -3.56277e+05    6.90928e+04   -2.87184e+05   -2.87306e+05    2.98436e+02
 Pressure (bar)   Constr. rmsd
    2.81290e+02    3.14446e-06


DD  step 37999 load imb.: force  7.4%
           Step           Time
          38000       76.00000

   Energies (kJ/mol)
           Bond          Angle    Proper Dih. Per. Imp. Dih.          LJ-14
    1.53753e+03    3.67794e+03    5.06108e+03    2.43509e+02    1.91792e+03
     Coulomb-14        LJ (SR)   Coulomb (SR)   Coul. recip. Position Rest.
    1.61515e+04    4.84986e+04   -4.37215e+05    2.54346e+03    4.42706e+02
      Potential    Kinetic En.   Total Energy  Conserved En.    Temperature
   -3.57141e+05    6.87999e+04   -2.88341e+05   -2.87340e+05    2.97171e+02
 Pressure (bar)   Constr. rmsd
    1.80697e+00    3.32029e-06


DD  step 38499 load imb.: force  8.2%
           Step           Time
          38500       77.00000

   Energies (kJ/mol)
           Bond          Angle    Proper Dih. Per. Imp. Dih.          LJ-14
    1.51381e+03    3.80888e+03    4.97788e+03    2.65830e+02    1.86698e+03
     Coulomb-14        LJ (SR)   Coulomb (SR)   Coul. recip. Position Rest.
    1.61498e+04    4.92843e+04   -4.38033e+05    2.63588e+03    4.48480e+02
      Potential    Kinetic En.   Total Energy  Conserved En.    Temperature
   -3.57081e+05    6.92089e+04   -2.87873e+05   -2.87320e+05    2.98938e+02
 Pressure (bar)   Constr. rmsd
    3.74167e+02    2.91838e-06


DD  step 38999 load imb.: force 14.0%
           Step           Time
          39000       78.00000

   Energies (kJ/mol)
           Bond          Angle    Proper Dih. Per. Imp. Dih.          LJ-14
    1.59479e+03    3.88718e+03    4.97414e+03    2.39902e+02    1.94280e+03
     Coulomb-14        LJ (SR)   Coulomb (SR)   Coul. recip. Position Rest.
    1.62088e+04    4.79848e+04   -4.35526e+05    2.52965e+03    4.47258e+02
      Potential    Kinetic En.   Total Energy  Conserved En.    Temperature
   -3.55717e+05    6.95242e+04   -2.86193e+05   -2.87310e+05    3.00300e+02
 Pressure (bar)   Constr. rmsd
   -5.57153e+02    2.91016e-06


DD  step 39499 load imb.: force  5.7%
           Step           Time
          39500       79.00000

   Energies (kJ/mol)
           Bond          Angle    Proper Dih. Per. Imp. Dih.          LJ-14
    1.57599e+03    3.70145e+03    4.92551e+03    2.28976e+02    1.84028e+03
     Coulomb-14        LJ (SR)   Coulomb (SR)   Coul. recip. Position Rest.
    1.60967e+04    4.93403e+04   -4.38208e+05    2.48002e+03    4.67549e+02
      Potential    Kinetic En.   Total Energy  Conserved En.    Temperature
   -3.57551e+05    7.01783e+04   -2.87373e+05   -2.87318e+05    3.03125e+02
 Pressure (bar)   Constr. rmsd
    4.80721e+02    2.86263e-06


DD  step 39999 load imb.: force  8.5%

step 40000 Turning on dynamic load balancing, because the performance loss due to load imbalance is 3.8 %.
           Step           Time
          40000       80.00000

   Energies (kJ/mol)
           Bond          Angle    Proper Dih. Per. Imp. Dih.          LJ-14
    1.53692e+03    3.85467e+03    4.94064e+03    2.46961e+02    1.88745e+03
     Coulomb-14        LJ (SR)   Coulomb (SR)   Coul. recip. Position Rest.
    1.62199e+04    4.83956e+04   -4.37181e+05    2.54084e+03    4.53112e+02
      Potential    Kinetic En.   Total Energy  Conserved En.    Temperature
   -3.57105e+05    6.90408e+04   -2.88064e+05   -2.87280e+05    2.98212e+02
 Pressure (bar)   Constr. rmsd
   -2.23267e+02    3.24213e-06


DD  step 40499  vol min/aver 0.884  load imb.: force  8.3%
           Step           Time
          40500       81.00000

   Energies (kJ/mol)
           Bond          Angle    Proper Dih. Per. Imp. Dih.          LJ-14
    1.56870e+03    3.87720e+03    4.94885e+03    2.86093e+02    1.86372e+03
     Coulomb-14        LJ (SR)   Coulomb (SR)   Coul. recip. Position Rest.
    1.62543e+04    4.79578e+04   -4.36148e+05    2.54346e+03    4.52448e+02
      Potential    Kinetic En.   Total Energy  Conserved En.    Temperature
   -3.56395e+05    7.04932e+04   -2.85902e+05   -2.87306e+05    3.04485e+02
 Pressure (bar)   Constr. rmsd
    4.98810e+01    3.60306e-06


DD  step 40999  vol min/aver 0.931  load imb.: force  1.6%
           Step           Time
          41000       82.00000

   Energies (kJ/mol)
           Bond          Angle    Proper Dih. Per. Imp. Dih.          LJ-14
    1.54209e+03    4.00291e+03    5.06288e+03    2.77785e+02    1.89586e+03
     Coulomb-14        LJ (SR)   Coulomb (SR)   Coul. recip. Position Rest.
    1.62007e+04    4.89122e+04   -4.37395e+05    2.55749e+03    4.42232e+02
      Potential    Kinetic En.   Total Energy  Conserved En.    Temperature
   -3.56501e+05    7.00265e+04   -2.86475e+05   -2.87283e+05    3.02469e+02
 Pressure (bar)   Constr. rmsd
    2.96258e+02    3.28745e-06


DD  step 41499  vol min/aver 0.914  load imb.: force  6.3%
           Step           Time
          41500       83.00000

   Energies (kJ/mol)
           Bond          Angle    Proper Dih. Per. Imp. Dih.          LJ-14
    1.62029e+03    3.89724e+03    4.97494e+03    2.45956e+02    1.88061e+03
     Coulomb-14        LJ (SR)   Coulomb (SR)   Coul. recip. Position Rest.
    1.63571e+04    4.82259e+04   -4.36382e+05    2.56556e+03    5.15942e+02
      Potential    Kinetic En.   Total Energy  Conserved En.    Temperature
   -3.56098e+05    6.98172e+04   -2.86281e+05   -2.87265e+05    3.01565e+02
 Pressure (bar)   Constr. rmsd
    1.14104e+02    3.00290e-06


DD  step 41999  vol min/aver 0.894  load imb.: force  2.8%

step 42000 Turning off dynamic load balancing, because it is degrading performance.
Atom distribution over 10 domains: av 2734 stddev 58 min 2678 max 2828
           Step           Time
          42000       84.00000

   Energies (kJ/mol)
           Bond          Angle    Proper Dih. Per. Imp. Dih.          LJ-14
    1.47704e+03    3.87342e+03    5.01323e+03    2.54666e+02    1.83995e+03
     Coulomb-14        LJ (SR)   Coulomb (SR)   Coul. recip. Position Rest.
    1.61404e+04    4.96320e+04   -4.38693e+05    2.59560e+03    4.27091e+02
      Potential    Kinetic En.   Total Energy  Conserved En.    Temperature
   -3.57440e+05    7.00514e+04   -2.87389e+05   -2.87274e+05    3.02577e+02
 Pressure (bar)   Constr. rmsd
    2.68732e+01    3.34183e-06


DD  step 42499 load imb.: force 11.2%
           Step           Time
          42500       85.00000

   Energies (kJ/mol)
           Bond          Angle    Proper Dih. Per. Imp. Dih.          LJ-14
    1.54482e+03    3.94861e+03    5.02039e+03    2.38760e+02    1.94055e+03
     Coulomb-14        LJ (SR)   Coulomb (SR)   Coul. recip. Position Rest.
    1.62697e+04    4.76495e+04   -4.36347e+05    2.58998e+03    4.62503e+02
      Potential    Kinetic En.   Total Energy  Conserved En.    Temperature
   -3.56683e+05    6.89464e+04   -2.87736e+05   -2.87255e+05    2.97804e+02
 Pressure (bar)   Constr. rmsd
   -2.06457e+01    3.05345e-06


DD  step 42999 load imb.: force  7.2%
           Step           Time
          43000       86.00000

   Energies (kJ/mol)
           Bond          Angle    Proper Dih. Per. Imp. Dih.          LJ-14
    1.47938e+03    3.89120e+03    5.03648e+03    2.35902e+02    1.86961e+03
     Coulomb-14        LJ (SR)   Coulomb (SR)   Coul. recip. Position Rest.
    1.62626e+04    4.90881e+04   -4.37630e+05    2.63769e+03    4.66476e+02
      Potential    Kinetic En.   Total Energy  Conserved En.    Temperature
   -3.56663e+05    6.92341e+04   -2.87428e+05   -2.87260e+05    2.99046e+02
 Pressure (bar)   Constr. rmsd
   -4.85753e+00    3.18125e-06


DD  step 43499 load imb.: force  8.1%
           Step           Time
          43500       87.00000

   Energies (kJ/mol)
           Bond          Angle    Proper Dih. Per. Imp. Dih.          LJ-14
    1.60979e+03    3.79921e+03    4.97562e+03    2.33475e+02    1.92841e+03
     Coulomb-14        LJ (SR)   Coulomb (SR)   Coul. recip. Position Rest.
    1.62165e+04    4.77261e+04   -4.35878e+05    2.51585e+03    5.04430e+02
      Potential    Kinetic En.   Total Energy  Conserved En.    Temperature
   -3.56369e+05    6.88779e+04   -2.87491e+05   -2.87242e+05    2.97508e+02
 Pressure (bar)   Constr. rmsd
    1.49578e+02    2.81070e-06


DD  step 43999 load imb.: force  8.1%
           Step           Time
          44000       88.00000

   Energies (kJ/mol)
           Bond          Angle    Proper Dih. Per. Imp. Dih.          LJ-14
    1.56260e+03    4.08478e+03    4.93741e+03    2.30247e+02    1.81375e+03
     Coulomb-14        LJ (SR)   Coulomb (SR)   Coul. recip. Position Rest.
    1.61196e+04    4.86033e+04   -4.36892e+05    2.52458e+03    4.19241e+02
      Potential    Kinetic En.   Total Energy  Conserved En.    Temperature
   -3.56597e+05    6.93069e+04   -2.87290e+05   -2.87211e+05    2.99361e+02
 Pressure (bar)   Constr. rmsd
    2.49193e+01    2.74256e-06


DD  step 44499 load imb.: force  7.1%
           Step           Time
          44500       89.00000

   Energies (kJ/mol)
           Bond          Angle    Proper Dih. Per. Imp. Dih.          LJ-14
    1.49216e+03    3.93297e+03    5.04111e+03    2.50871e+02    1.94136e+03
     Coulomb-14        LJ (SR)   Coulomb (SR)   Coul. recip. Position Rest.
    1.61506e+04    4.79366e+04   -4.36396e+05    2.56576e+03    4.72991e+02
      Potential    Kinetic En.   Total Energy  Conserved En.    Temperature
   -3.56612e+05    6.95797e+04   -2.87032e+05   -2.87218e+05    3.00539e+02
 Pressure (bar)   Constr. rmsd
    6.31064e+01    3.22097e-06


DD  step 44999 load imb.: force  9.3%

step 45000 Will no longer try dynamic load balancing, as it degraded performance.
           Step           Time
          45000       90.00000

   Energies (kJ/mol)
           Bond          Angle    Proper Dih. Per. Imp. Dih.          LJ-14
    1.56682e+03    3.88300e+03    4.92476e+03    2.66637e+02    1.92010e+03
     Coulomb-14        LJ (SR)   Coulomb (SR)   Coul. recip. Position Rest.
    1.60926e+04    4.82967e+04   -4.36118e+05    2.43761e+03    4.74358e+02
      Potential    Kinetic En.   Total Energy  Conserved En.    Temperature
   -3.56256e+05    6.94367e+04   -2.86819e+05   -2.87234e+05    2.99922e+02
 Pressure (bar)   Constr. rmsd
    2.43249e+02    2.91228e-06


DD  step 45499 load imb.: force 10.0%
           Step           Time
          45500       91.00000

   Energies (kJ/mol)
           Bond          Angle    Proper Dih. Per. Imp. Dih.          LJ-14
    1.49080e+03    3.93958e+03    5.00184e+03    2.61128e+02    1.86497e+03
     Coulomb-14        LJ (SR)   Coulomb (SR)   Coul. recip. Position Rest.
    1.61227e+04    4.93059e+04   -4.36883e+05    2.53264e+03    4.45022e+02
      Potential    Kinetic En.   Total Energy  Conserved En.    Temperature
   -3.55919e+05    6.95263e+04   -2.86392e+05   -2.87211e+05    3.00309e+02
 Pressure (bar)   Constr. rmsd
    1.63607e+00    2.96167e-06


DD  step 45999 load imb.: force  4.6%
           Step           Time
          46000       92.00000

   Energies (kJ/mol)
           Bond          Angle    Proper Dih. Per. Imp. Dih.          LJ-14
    1.59497e+03    3.93216e+03    5.00111e+03    2.61143e+02    1.94890e+03
     Coulomb-14        LJ (SR)   Coulomb (SR)   Coul. recip. Position Rest.
    1.61472e+04    4.89616e+04   -4.36677e+05    2.60191e+03    4.48649e+02
      Potential    Kinetic En.   Total Energy  Conserved En.    Temperature
   -3.55780e+05    7.00077e+04   -2.85772e+05   -2.87200e+05    3.02388e+02
 Pressure (bar)   Constr. rmsd
    9.05086e+01    2.77879e-06


DD  step 46499 load imb.: force  4.5%
           Step           Time
          46500       93.00000

   Energies (kJ/mol)
           Bond          Angle    Proper Dih. Per. Imp. Dih.          LJ-14
    1.49287e+03    3.86066e+03    4.98121e+03    2.16958e+02    1.88024e+03
     Coulomb-14        LJ (SR)   Coulomb (SR)   Coul. recip. Position Rest.
    1.61557e+04    4.77586e+04   -4.35997e+05    2.57117e+03    4.94037e+02
      Potential    Kinetic En.   Total Energy  Conserved En.    Temperature
   -3.56586e+05    6.98413e+04   -2.86744e+05   -2.87219e+05    3.01669e+02
 Pressure (bar)   Constr. rmsd
   -1.43674e+02    3.35538e-06


DD  step 46999 load imb.: force 11.5%
           Step           Time
          47000       94.00000

   Energies (kJ/mol)
           Bond          Angle    Proper Dih. Per. Imp. Dih.          LJ-14
    1.65478e+03    3.81414e+03    5.03548e+03    2.61921e+02    1.87155e+03
     Coulomb-14        LJ (SR)   Coulomb (SR)   Coul. recip. Position Rest.
    1.60313e+04    4.93715e+04   -4.38348e+05    2.54028e+03    4.65287e+02
      Potential    Kinetic En.   Total Energy  Conserved En.    Temperature
   -3.57302e+05    6.94233e+04   -2.87878e+05   -2.87177e+05    2.99864e+02
 Pressure (bar)   Constr. rmsd
    2.69045e+02    2.82781e-06


DD  step 47499 load imb.: force  5.1%
           Step           Time
          47500       95.00000

   Energies (kJ/mol)
           Bond          Angle    Proper Dih. Per. Imp. Dih.          LJ-14
    1.56238e+03    3.87030e+03    5.01389e+03    2.44352e+02    1.85975e+03
     Coulomb-14        LJ (SR)   Coulomb (SR)   Coul. recip. Position Rest.
    1.61205e+04    4.88775e+04   -4.37852e+05    2.53142e+03    4.50685e+02
      Potential    Kinetic En.   Total Energy  Conserved En.    Temperature
   -3.57321e+05    6.91899e+04   -2.88131e+05   -2.87153e+05    2.98855e+02
 Pressure (bar)   Constr. rmsd
    1.76163e+02    2.66299e-06


DD  step 47999 load imb.: force  5.9%
           Step           Time
          48000       96.00000

   Energies (kJ/mol)
           Bond          Angle    Proper Dih. Per. Imp. Dih.          LJ-14
    1.65648e+03    3.71437e+03    5.05872e+03    2.72011e+02    1.83842e+03
     Coulomb-14        LJ (SR)   Coulomb (SR)   Coul. recip. Position Rest.
    1.61233e+04    4.91444e+04   -4.38216e+05    2.54806e+03    4.84357e+02
      Potential    Kinetic En.   Total Energy  Conserved En.    Temperature
   -3.57376e+05    6.92537e+04   -2.88122e+05   -2.87176e+05    2.99131e+02
 Pressure (bar)   Constr. rmsd
   -5.11061e+01    2.85796e-06


DD  step 48499 load imb.: force  6.1%
           Step           Time
          48500       97.00000

   Energies (kJ/mol)
           Bond          Angle    Proper Dih. Per. Imp. Dih.          LJ-14
    1.73478e+03    3.77581e+03    5.01385e+03    2.27047e+02    1.88330e+03
     Coulomb-14        LJ (SR)   Coulomb (SR)   Coul. recip. Position Rest.
    1.61084e+04    4.83296e+04   -4.36772e+05    2.53595e+03    4.93363e+02
      Potential    Kinetic En.   Total Energy  Conserved En.    Temperature
   -3.56670e+05    6.99840e+04   -2.86686e+05   -2.87156e+05    3.02286e+02
 Pressure (bar)   Constr. rmsd
    3.74614e+02    2.87675e-06


DD  step 48999 load imb.: force  5.3%
           Step           Time
          49000       98.00000

   Energies (kJ/mol)
           Bond          Angle    Proper Dih. Per. Imp. Dih.          LJ-14
    1.58210e+03    3.72389e+03    5.05565e+03    2.65785e+02    1.87771e+03
     Coulomb-14        LJ (SR)   Coulomb (SR)   Coul. recip. Position Rest.
    1.60114e+04    4.86398e+04   -4.37219e+05    2.58276e+03    4.44451e+02
      Potential    Kinetic En.   Total Energy  Conserved En.    Temperature
   -3.57036e+05    6.96177e+04   -2.87418e+05   -2.87165e+05    3.00703e+02
 Pressure (bar)   Constr. rmsd
   -1.74072e+02    2.93943e-06


DD  step 49499 load imb.: force 10.1%
           Step           Time
          49500       99.00000

   Energies (kJ/mol)
           Bond          Angle    Proper Dih. Per. Imp. Dih.          LJ-14
    1.56803e+03    3.71986e+03    4.99368e+03    2.32303e+02    1.90651e+03
     Coulomb-14        LJ (SR)   Coulomb (SR)   Coul. recip. Position Rest.
    1.62184e+04    4.73098e+04   -4.36120e+05    2.52978e+03    4.94104e+02
      Potential    Kinetic En.   Total Energy  Conserved En.    Temperature
   -3.57147e+05    6.91405e+04   -2.88007e+05   -2.87144e+05    2.98642e+02
 Pressure (bar)   Constr. rmsd
    1.54574e+02    2.84749e-06


DD  step 49999 load imb.: force  5.4%
           Step           Time
          50000      100.00000

Writing checkpoint, step 50000 at Sun Mar  8 12:57:33 2026


   Energies (kJ/mol)
           Bond          Angle    Proper Dih. Per. Imp. Dih.          LJ-14
    1.60659e+03    3.77680e+03    5.05608e+03    2.72794e+02    1.86083e+03
     Coulomb-14        LJ (SR)   Coulomb (SR)   Coul. recip. Position Rest.
    1.60788e+04    4.74215e+04   -4.35196e+05    2.52328e+03    5.15164e+02
      Potential    Kinetic En.   Total Energy  Conserved En.    Temperature
   -3.56085e+05    6.88369e+04   -2.87248e+05   -2.87133e+05    2.97331e+02
 Pressure (bar)   Constr. rmsd
   -5.91292e+02    2.94989e-06


Energy conservation over simulation part #1 of length 100 ps, time 0 to 100 ps
  Conserved energy drift: 2.74e-04 kJ/mol/ps per atom


	<======  ###############  ==>
	<====  A V E R A G E S  ====>
	<==  ###############  ======>

	Statistics over 50001 steps using 501 frames

   Energies (kJ/mol)
           Bond          Angle    Proper Dih. Per. Imp. Dih.          LJ-14
    1.57465e+03    3.84250e+03    4.99793e+03    2.58007e+02    1.88669e+03
     Coulomb-14        LJ (SR)   Coulomb (SR)   Coul. recip. Position Rest.
    1.61438e+04    4.85068e+04   -4.36943e+05    2.54809e+03    4.67768e+02
      Potential    Kinetic En.   Total Energy  Conserved En.    Temperature
   -3.56717e+05    6.94769e+04   -2.87240e+05   -2.87517e+05    3.00095e+02
 Pressure (bar)   Constr. rmsd
    1.03593e+01    0.00000e+00

          Box-X          Box-Y          Box-Z
    7.31774e+00    7.31774e+00    5.17442e+00

   Total Virial (kJ/mol)
    2.30519e+04    3.23145e+02   -1.03947e+02
    3.22968e+02    2.32333e+04    1.72182e+01
   -1.03377e+02    1.78922e+01    2.29357e+04

   Pressure (bar)
    1.61661e+01   -3.88914e+01    1.31880e+01
   -3.88701e+01   -9.39656e+00   -3.96637e+00
    1.31196e+01   -4.04718e+00    2.43083e+01

      T-Protein  T-non-Protein
    3.00165e+02    3.00088e+02


       P P   -   P M E   L O A D   B A L A N C I N G

 PP/PME load balancing changed the cut-off and PME settings:
           particle-particle                    PME
            rcoulomb  rlist            grid      spacing   1/beta
   initial  1.000 nm  1.000 nm      48  48  48   0.153 nm  0.320 nm
   final    1.000 nm  1.000 nm      48  48  48   0.153 nm  0.320 nm
 cost-ratio           1.00             1.00
 (note that these numbers concern only part of the total PP and PME load)


	M E G A - F L O P S   A C C O U N T I N G

 NB=Group-cutoff nonbonded kernels    NxN=N-by-N cluster Verlet kernels
 RF=Reaction-Field  VdW=Van der Waals  QSTab=quadratic-spline table
 W3=SPC/TIP3p  W4=TIP4p (single or pairs)
 V&F=Potential and force  V=Potential only  F=Force only

 Computing:                               M-Number         M-Flops  % Flops
-----------------------------------------------------------------------------
 Pair Search distance check           10131.838944       91186.550     0.2
 NxN Ewald Elec. + LJ [F]            453980.440976    29962709.104    51.7
 NxN Ewald Elec. + LJ [V&F]            4594.100136      491568.715     0.8
 NxN Ewald Elec. [F]                 397658.500496    24257168.530    41.8
 NxN Ewald Elec. [V&F]                 4024.112616      338025.460     0.6
 1,4 nonbonded interactions             255.305106       22977.460     0.0
 Calc Weights                          4101.382026      147649.753     0.3
 Spread Q Bspline                     87496.149888      174992.300     0.3
 Gather F Bspline                     87496.149888      524976.899     0.9
 3D-FFT                              185299.305912     1482394.447     2.6
 Solve PME                             2880.057600      184323.686     0.3
 Reset In Box                            27.287316          81.862     0.0
 CG-CoM                                  27.369342          82.108     0.0
 Bonds                                   51.251025        3023.810     0.0
 Angles                                 177.353547       29795.396     0.1
 Propers                                255.155103       58430.519     0.1
 Impropers                               21.300426        4430.489     0.0
 Pos. Restr.                             50.051001        2502.550     0.0
 Virial                                 277.947792        5003.060     0.0
 Stop-CM                                 13.698342         136.983     0.0
 Calc-Ekin                              546.894684       14766.156     0.0
 Lincs                                   47.950959        2877.058     0.0
 Lincs-Mat                              238.804776         955.219     0.0
 Constraint-V                          1364.627292       12281.646     0.0
 Constraint-Vir                         263.356333        6320.552     0.0
 Settle                                 422.908458      156476.129     0.3
-----------------------------------------------------------------------------
 Total                                                57975136.442   100.0
-----------------------------------------------------------------------------


    D O M A I N   D E C O M P O S I T I O N   S T A T I S T I C S

 av. #atoms communicated per step for force:  2 x 50231.4


Dynamic load balancing report:
 DLB got disabled because it was unsuitable to use.
 Average load imbalance: 6.9%.
 The balanceable part of the MD step is 56%, load imbalance is computed from this.
 Part of the total run time spent waiting due to load imbalance: 3.9%.


      R E A L   C Y C L E   A N D   T I M E   A C C O U N T I N G

On 10 MPI ranks

 Activity:              Num   Num      Call    Wall time         Giga-Cycles
                        Ranks Threads  Count      (s)         total sum    %
--------------------------------------------------------------------------------
 Domain decomp.           10    1       1000       1.305          0.313   0.4
 DD comm. load            10    1        850       0.021          0.005   0.0
 DD comm. bounds          10    1        697       0.026          0.006   0.0
 Neighbor search          10    1       1001       8.305          1.993   2.6
 Comm. coord.             10    1      49000       2.986          0.717   0.9
 Force                    10    1      50001     175.055         42.013  55.2
 Wait + Comm. F           10    1      50001       2.339          0.561   0.7
 PME mesh                 10    1      50001     120.973         29.033  38.1
 NB X/F buffer ops.       10    1     149002       2.111          0.507   0.7
 Write traj.              10    1        101       0.018          0.004   0.0
 Update                   10    1      50001       0.719          0.172   0.2
 Constraints              10    1      50001       1.840          0.442   0.6
 Kinetic energy           10    1      20001       0.253          0.061   0.1
 Comm. energies           10    1      10001       0.860          0.206   0.3
 Rest                                              0.425          0.102   0.1
--------------------------------------------------------------------------------
 Total                                           317.234         76.136 100.0
--------------------------------------------------------------------------------
 Breakdown of PME mesh activities
--------------------------------------------------------------------------------
 PME redist. X/F          10    1     100002      89.354         21.445  28.2
 PME spread               10    1      50001      10.836          2.601   3.4
 PME gather               10    1      50001       6.217          1.492   2.0
 PME 3D-FFT               10    1     100002       6.350          1.524   2.0
 PME 3D-FFT Comm.         10    1     200004       7.332          1.760   2.3
 PME solve Elec           10    1      50001       0.832          0.200   0.3
--------------------------------------------------------------------------------

               Core t (s)   Wall t (s)        (%)
       Time:     3172.339      317.234     1000.0
                 (ns/day)    (hour/ns)    (ms/step)  (Matom*steps/s) 
Performance:       27.236        0.881        6.345            4.310 
Finished mdrun on rank 0 Sun Mar  8 12:57:33 2026

