                :-) GROMACS - gmx mdrun, 2026.0-conda_forge (-:

Copyright 1991-2026 The GROMACS Authors.
GROMACS is free software; you can redistribute it and/or modify it
under the terms of the GNU Lesser General Public License
as published by the Free Software Foundation; either version 2.1
of the License, or (at your option) any later version.

                         Current GROMACS contributors:
       Mark Abraham           Andrey Alekseenko           Brian Andrews       
        Paul Bauer              Cathrine Bergh              Hugh Bird         
      Eliane Briand               Ania Brown                Yiqi Chen         
      Mahesh Doijade            Giacomo Fiorin          Stefan Fleischmann    
      Sergey Gorelov         Gilles Gouaillardet            Alan Gray         
   Farzaneh Jalalypour         Petter Johansson          Carsten Kutzner      
    Grzegorz Łazarski         Justin A. Lemkul          Magnus Lundborg      
        Julio Maia               Pascal Merz             Vedran Miletić      
      Dmitry Morozov           Lukas Müllender           Szilárd Páll      
 Andrea Pasquadibisceglie     Michele Pellegrino         Nicola Piasentin     
     Daniele Rapetti         Muhammad Umair Sadiq         Hubert Santuz       
      Michael Shirts           Tatiana Shugaeva          Alexey Shvetsov      
     Bálint Soproni            Philip Turner            Alessandra Villa     
        Yang Zhang        

                         Previous GROMACS contributors:
        Emile Apol             Rossen Apostolov           James Barnett       
      Vladimir Basov        Herman J.C. Berendsen          Par Bjelkmar       
      Christian Blau          Viacheslav Bolnykh            Kevin Boyd        
    Aldert van Buuren          Carlo Camilloni           Rudi van Drunen      
      Anton Feenstra           Oliver Fleetwood            Vytas Gapsys       
       Gaurav Garg             Gerrit Groenhof            Bert de Groot       
      Anca Hamuraru           Vincent Hindriksen          Victor Holanda      
     M. Eric Irrgang           Aleksei Iupinov              Joe Jordan        
    Christoph Junghans        Prashanth Kanduri        Dimitrios Karkoulis    
       Peter Kasson             Sebastian Kehl           Sebastian Keller     
        Jiri Kraus               Per Larsson              Viveca Lindahl      
      Erik Marklund           Pieter Meulenhoff           Teemu Murtola       
       Julien Nabet              Sander Pronk             Roland Schulz       
      Alfons Sijbers         David van der Spoel          Peter Tieleman      
      Carsten Uphoff             Jon Vincent             Teemu Virolainen     
    Christian Wennberg     Sebastian Wingbermühle         Maarten Wolf       
      Artem Zhmurov       

                  Coordinated by the GROMACS project leaders:
                           Berk Hess and Erik Lindahl

GROMACS:      gmx mdrun, version 2026.0-conda_forge
Executable:   /Users/soumithparitala/miniconda3/envs/gromacs_env/bin.ARM_NEON_ASIMD/gmx
Data prefix:  /Users/soumithparitala/miniconda3/envs/gromacs_env
Working dir:  /Users/soumithparitala/Documents/Soumith's/Stowers_Institute/Stowers_gpu_tools/gromacs/noteboooks/sim
Process ID:   55350
Command line:
  gmx mdrun -v -deffnm nvt

GROMACS version:     2026.0-conda_forge
Precision:           mixed
Memory model:        64 bit
MPI library:         thread_mpi
MPI version:         built in
OpenMP support:      enabled (GMX_OPENMP_MAX_THREADS = 128)
GPU support:         disabled
SIMD instructions:   ARM_NEON_ASIMD
CPU FFT library:     fftw-3.3.10
GPU FFT library:     none
Multi-GPU FFT:       none
TNG support:         enabled
Hwloc support:       disabled
Tracing support:     disabled
Colvars support:     enabled (version 2025-10-13)
CP2K support:        disabled
Torch support:       disabled
Plumed support:      enabled
C compiler:          /Users/runner/miniforge3/conda-bld/gromacs_1770909788555/_build_env/bin/arm64-apple-darwin20.0.0-clang Clang 19.1.7
C compiler flags:    -Wno-missing-field-initializers -O3 -DNDEBUG
C++ compiler:        /Users/runner/miniforge3/conda-bld/gromacs_1770909788555/_build_env/bin/arm64-apple-darwin20.0.0-clang++ Clang 19.1.7
C++ compiler flags:  -Wno-reserved-identifier -Wno-missing-field-initializers -Weverything -Wno-c++98-compat -Wno-c++98-compat-pedantic -Wno-source-uses-openmp -Wno-c++17-extensions -Wno-documentation-unknown-command -Wno-covered-switch-default -Wno-switch-enum -Wno-switch-default -Wno-extra-semi-stmt -Wno-weak-vtables -Wno-shadow -Wno-padded -Wno-reserved-id-macro -Wno-double-promotion -Wno-exit-time-destructors -Wno-global-constructors -Wno-documentation -Wno-format-nonliteral -Wno-used-but-marked-unused -Wno-float-equal -Wno-conditional-uninitialized -Wno-conversion -Wno-disabled-macro-expansion -Wno-unused-macros -Wno-unsafe-buffer-usage -Wno-cast-function-type-strict SHELL:-fopenmp=libomp -O3 -DNDEBUG
BLAS library:        External - detected on the system
LAPACK library:      External - detected on the system


Running on 1 node with total 0 processing units
Hardware detected on host Soumiths-MacBook-Air.local:
  CPU info:
    Vendor: ARM
    Brand:  Unknown CPU brand
    Family: 0   Model: 0   Stepping: 0
    Features: neon neon_asimd
  Hardware topology: Only logical processor count
    CPU limit set by OS: -1   Recommended max number of threads: 10


++++ PLEASE READ AND CITE THE FOLLOWING REFERENCE ++++
M. J. Abraham, T. Murtola, R. Schulz, S. Páll, J. C. Smith, B. Hess, E.
Lindahl
GROMACS: High performance molecular simulations through multi-level
parallelism from laptops to supercomputers
SoftwareX (2015)
https://doi.org/10.1016/j.softx.2015.06.001
-------- -------- --- Thank You --- -------- --------


++++ PLEASE READ AND CITE THE FOLLOWING REFERENCE ++++
S. Páll, M. J. Abraham, C. Kutzner, B. Hess, E. Lindahl
Tackling Exascale Software Challenges in Molecular Dynamics Simulations with
GROMACS
In S. Markidis & E. Laure (Eds.), Solving Software Challenges for Exascale (2015)
https://doi.org/10.1007/978-3-319-15976-8_1
-------- -------- --- Thank You --- -------- --------


++++ PLEASE READ AND CITE THE FOLLOWING REFERENCE ++++
S. Pronk, S. Páll, R. Schulz, P. Larsson, P. Bjelkmar, R. Apostolov, M. R.
Shirts, J. C. Smith, P. M. Kasson, D. van der Spoel, B. Hess, E. Lindahl
GROMACS 4.5: a high-throughput and highly parallel open source molecular
simulation toolkit
Bioinformatics (2013)
https://doi.org/10.1093/bioinformatics/btt055
-------- -------- --- Thank You --- -------- --------


++++ PLEASE READ AND CITE THE FOLLOWING REFERENCE ++++
B. Hess, C. Kutzner, D. van der Spoel, E. Lindahl
GROMACS 4: Algorithms for highly efficient, load-balanced, and scalable
molecular simulation
J. Chem. Theory Comput. (2008)
https://doi.org/10.1021/ct700301q
-------- -------- --- Thank You --- -------- --------


++++ PLEASE READ AND CITE THE FOLLOWING REFERENCE ++++
D. van der Spoel, E. Lindahl, B. Hess, G. Groenhof, A. E. Mark, H. J. C.
Berendsen
GROMACS: Fast, Flexible and Free
J. Comp. Chem. (2005)
https://doi.org/10.1002/jcc.20291
-------- -------- --- Thank You --- -------- --------


++++ PLEASE READ AND CITE THE FOLLOWING REFERENCE ++++
E. Lindahl, B. Hess, D. van der Spoel
GROMACS 3.0: A package for molecular simulation and trajectory analysis
J. Mol. Mod. (2001)
https://doi.org/10.1007/s008940100045
-------- -------- --- Thank You --- -------- --------


++++ PLEASE READ AND CITE THE FOLLOWING REFERENCE ++++
H. J. C. Berendsen, D. van der Spoel and R. van Drunen
GROMACS: A message-passing parallel molecular dynamics implementation
Comp. Phys. Comm. (1995)
https://doi.org/10.1016/0010-4655(95)00042-E
-------- -------- --- Thank You --- -------- --------

Input Parameters:
   integrator                     = md
   tinit                          = 0
   dt                             = 0.002
   nsteps                         = 50000
   init-step                      = 0
   simulation-part                = 1
   mts                            = false
   mass-repartition-factor        = 1
   comm-mode                      = Linear
   nstcomm                        = 100
   bd-fric                        = 0
   ld-seed                        = 1874819804
   emtol                          = 10
   emstep                         = 0.01
   niter                          = 20
   fcstep                         = 0
   nstcgsteep                     = 1000
   nbfgscorr                      = 10
   rtpi                           = 0.05
   nstxout                        = 0
   nstvout                        = 0
   nstfout                        = 0
   nstlog                         = 500
   nstcalcenergy                  = 100
   nstenergy                      = 500
   nstxout-compressed             = 500
   compressed-x-precision         = 1000
   cutoff-scheme                  = Verlet
   nstlist                        = 10
   pbc                            = xyz
   periodic-molecules             = false
   verlet-buffer-tolerance        = 0.005
   verlet-buffer-pressure-tolerance = 0.5
   rlist                          = 1
   coulombtype                    = PME
   coulomb-modifier               = Potential-shift
   rcoulomb-switch                = 0
   rcoulomb                       = 1
   epsilon-r                      = 1
   epsilon-rf                     = inf
   vdw-type                       = Cut-off
   vdw-modifier                   = Potential-shift
   rvdw-switch                    = 0
   rvdw                           = 1
   DispCorr                       = No
   table-extension                = 1
   fourierspacing                 = 0.16
   fourier-nx                     = 48
   fourier-ny                     = 48
   fourier-nz                     = 48
   pme-order                      = 4
   ewald-rtol                     = 1e-05
   ewald-rtol-lj                  = 0.001
   lj-pme-comb-rule               = Geometric
   ewald-geometry                 = 3d
   epsilon-surface                = 0
   ensemble-temperature-setting   = constant
   ensemble-temperature           = 300
   tcoupl                         = V-rescale
   nsttcouple                     = 10
   nh-chain-length                = 0
   print-nose-hoover-chain-variables = false
   pcoupl                         = No
   refcoord-scaling               = No
   posres-com: not available
   posres-comB: not available
   QMMM                           = false
qm-opts:
   ngQM                           = 0
   constraint-algorithm           = Lincs
   continuation                   = false
   Shake-SOR                      = false
   shake-tol                      = 0.0001
   lincs-order                    = 4
   lincs-iter                     = 1
   lincs-warnangle                = 30
   nwall                          = 0
   wall-type                      = 9-3
   wall-r-linpot                  = -1
   wall-atomtype[0]               = -1
   wall-atomtype[1]               = -1
   wall-density[0]                = 0
   wall-density[1]                = 0
   wall-ewald-zfac                = 3
   pull                           = false
   awh                            = false
   rotation                       = false
   interactiveMD                  = false
   disre                          = No
   disre-weighting                = Conservative
   disre-mixed                    = false
   dr-fc                          = 1000
   dr-tau                         = 0
   nstdisreout                    = 100
   orire-fc                       = 0
   orire-tau                      = 0
   nstorireout                    = 100
   free-energy                    = no
   cos-acceleration               = 0
   deform (3x3):
      deform[    0]={ 0.00000e+00,  0.00000e+00,  0.00000e+00}
      deform[    1]={ 0.00000e+00,  0.00000e+00,  0.00000e+00}
      deform[    2]={ 0.00000e+00,  0.00000e+00,  0.00000e+00}
   simulated-tempering            = false
   swapcoords                     = no
   userint1                       = 0
   userint2                       = 0
   userint3                       = 0
   userint4                       = 0
   userreal1                      = 0
   userreal2                      = 0
   userreal3                      = 0
   userreal4                      = 0
   applied-forces:
     electric-field:
       x:
         E0                       = 0
         omega                    = 0
         t0                       = 0
         sigma                    = 0
       y:
         E0                       = 0
         omega                    = 0
         t0                       = 0
         sigma                    = 0
       z:
         E0                       = 0
         omega                    = 0
         t0                       = 0
         sigma                    = 0
     density-guided-simulation:
       active                     = false
       group                      = protein
       similarity-measure         = inner-product
       atom-spreading-weight      = unity
       force-constant             = 1e+09
       gaussian-transform-spreading-width = 0.2
       gaussian-transform-spreading-range-in-multiples-of-width = 4
       reference-density-filename = reference.mrc
       nst                        = 1
       normalize-densities        = true
       adaptive-force-scaling     = false
       adaptive-force-scaling-time-constant = 4
       shift-vector               = 
       transformation-matrix      = 
     qmmm-cp2k:
       active                     = false
       qmgroup                    = System
       qmmethod                   = PBE
       qmfilenames                = 
       qmcharge                   = 0
       qmmultiplicity             = 1
     colvars:
       active                     = false
       configfile                 = 
       seed                       = -1
     nnpot:
       active                     = false
       modelfile                  = model.pt
       input-group                = System
       link-type                  = H
       link-distance              = 0.1
       pair-cutoff                = 0
       embedding                  = mechanical
       nnp-charge                 = 0
       model-input1               = 
       model-input2               = 
       model-input3               = 
       model-input4               = 
       model-input5               = 
       model-input6               = 
       model-input7               = 
       model-input8               = 
       model-input9               = 
   fast-multipole-method:
     fmm:
       backend                    = inactive
       exafmm-order               = 6
       exafmm-direct-range        = 2
       exafmm-direct-provider     = GROMACS
       exafmm-tree-type           = uniform
       exafmm-tree-depth          = 0
       exafmm-max-particles-per-cell = 0
       fmsolvr-order              = 8
       fmsolvr-direct-range       = 1
       fmsolvr-direct-provider    = FMM
       fmsolvr-dipole-compensation = true
       fmsolvr-tree-depth         = 3
       fmsolvr-sparse             = false
grpopts:
   nrdf:     4920.73     50769.3
   ref-t:         300         300
   tau-t:         0.1         0.1
annealing:          No          No
annealing-npoints:           0           0
   acc:	           0           0           0
   nfreeze:           N           N           N
   energygrp-flags[  0]: 0

Changing nstlist from 10 to 50, rlist from 1 to 1.105


Initializing Domain Decomposition on 10 ranks
Dynamic load balancing: auto
Using update groups, nr 9467, average size 2.9 atoms, max. radius 0.104 nm
Minimum cell size due to atom displacement: 0.398 nm
Initial maximum distances in bonded interactions:
    two-body bonded interactions: 0.449 nm, LJ-14, atoms 1156 1405
  multi-body bonded interactions: 0.449 nm, Proper Dih., atoms 1156 1405
Minimum cell size due to bonded interactions: 0.493 nm
Scaling the initial minimum size with 1/0.8 (option -dds) = 1.25
Using 0 separate PME ranks because: there are too few total ranks for efficient splitting
Optimizing the DD grid for 10 cells with a minimum initial size of 0.617 nm
The maximum allowed number of cells is: X 9 Y 9 Z 8
Domain decomposition grid 5 x 2 x 1, separate PME ranks 0
PME domain decomposition: 5 x 2 x 1
Domain decomposition rank 0, coordinates 0 0 0

The initial number of communication pulses is: X 2 Y 1
The initial domain decomposition cell size is: X 1.20 nm Y 3.00 nm

The maximum allowed distance for atom groups involved in interactions is:
                 non-bonded interactions           1.313 nm
            two-body bonded interactions  (-rdd)   1.313 nm
          multi-body bonded interactions  (-rdd)   1.198 nm

When dynamic load balancing gets turned on, these settings will change to:
The maximum number of communication pulses is: X 2 Y 1
The minimum size for domain decomposition cells is 0.846 nm
The requested allowed shrink of DD cells (option -dds) is: 0.80
The allowed shrink of domain decomposition cells is: X 0.71 Y 0.44
The maximum allowed distance for atom groups involved in interactions is:
                 non-bonded interactions           1.313 nm
            two-body bonded interactions  (-rdd)   1.313 nm
          multi-body bonded interactions  (-rdd)   0.846 nm

Local state does not use filler particles

Using 10 MPI threads
Using 1 OpenMP thread per tMPI thread

System total charge: 0.000
Will do PME sum in reciprocal space for electrostatic interactions.

++++ PLEASE READ AND CITE THE FOLLOWING REFERENCE ++++
U. Essmann, L. Perera, M. L. Berkowitz, T. Darden, H. Lee, L. G. Pedersen 
A smooth particle mesh Ewald method
J. Chem. Phys. (1995)
https://doi.org/10.1063/1.470117
-------- -------- --- Thank You --- -------- --------

Using a Gaussian width (1/beta) of 0.320163 nm for Ewald
Potential shift: LJ r^-12: -1.000e+00 r^-6: -1.000e+00, Ewald -1.000e-05
Initialized non-bonded Coulomb Ewald tables, spacing: 9.33e-04 size: 1073

Generated table with 1052 data points for 1-4 COUL.
Tabscale = 500 points/nm
Generated table with 1052 data points for 1-4 LJ6.
Tabscale = 500 points/nm
Generated table with 1052 data points for 1-4 LJ12.
Tabscale = 500 points/nm


Using SIMD4xM 4x4 nonbonded short-range kernels

Using a dual 4x4 pair-list setup updated with dynamic pruning:
  outer list: updated every 50 steps, buffer 0.105 nm, rlist 1.105 nm
  inner list: updated every 10 steps, buffer 0.000 nm, rlist 1.000 nm
At tolerance 0.005 kJ/mol/ps per atom, equivalent classical 1x1 list would be:
  outer list: updated every 50 steps, buffer 0.231 nm, rlist 1.231 nm
  inner list: updated every 10 steps, buffer 0.034 nm, rlist 1.034 nm

The average pressure is off by at most 0.43 bar due to missing LJ interactions

Using Lorentz-Berthelot Lennard-Jones combination rule
Removing pbc first time

Linking all bonded interactions to atoms


Initializing LINear Constraint Solver

++++ PLEASE READ AND CITE THE FOLLOWING REFERENCE ++++
B. Hess, H. Bekker, H. J. C. Berendsen, J. G. E. M. Fraaije
LINCS: A Linear Constraint Solver for molecular simulations
J. Comp. Chem. (1997)
https://doi.org/10.1002/(sici)1096-987x(199709)18:12<1463::aid-jcc4>3.0.co;2-h
-------- -------- --- Thank You --- -------- --------

The number of constraints is 959

++++ PLEASE READ AND CITE THE FOLLOWING REFERENCE ++++
S. Miyamoto, P. A. Kollman
SETTLE: An Analytical Version of the SHAKE and RATTLE Algorithms for Rigid
Water Models
J. Comp. Chem. (1992)
https://doi.org/10.1002/jcc.540130805
-------- -------- --- Thank You --- -------- --------


Intra-simulation communication will occur every 10 steps.

++++ PLEASE READ AND CITE THE FOLLOWING REFERENCE ++++
G. Bussi, D. Donadio, M. Parrinello
Canonical sampling through velocity rescaling
J. Chem. Phys. (2007)
https://doi.org/10.1063/1.2408420
-------- -------- --- Thank You --- -------- --------

There are: 27342 Atoms
Atom distribution over 10 domains: av 2734 stddev 45 min 2693 max 2794

Constraining the starting coordinates (step 0)

Constraining the coordinates at t0-dt (step 0)
Center of mass motion removal mode is Linear
We have the following groups for center of mass motion removal:
  0:  rest
RMS relative constraint deviation after constraining: 3.31e-06
Initial temperature: 302.085 K

Started mdrun on rank 0 Sun Mar  8 12:43:59 2026

           Step           Time
              0        0.00000

   Energies (kJ/mol)
           Bond          Angle    Proper Dih. Per. Imp. Dih.          LJ-14
    3.16073e+02    1.00406e+03    4.61051e+03    7.25837e+01    1.70611e+03
     Coulomb-14        LJ (SR)   Coulomb (SR)   Coul. recip. Position Rest.
    1.62701e+04    5.35641e+04   -5.00217e+05    2.05483e+03    8.39664e-04
      Potential    Kinetic En.   Total Energy  Conserved En.    Temperature
   -4.20618e+05    6.99437e+04   -3.50675e+05   -3.50675e+05    3.02111e+02
 Pressure (bar)   Constr. rmsd
   -3.94751e+03    3.29511e-06


DD  step 49 load imb.: force  7.7%

step 100 Turning on dynamic load balancing, because the performance loss due to load imbalance is 5.4 %.

DD  step 499  vol min/aver 0.937  load imb.: force 14.2%
           Step           Time
            500        1.00000

   Energies (kJ/mol)
           Bond          Angle    Proper Dih. Per. Imp. Dih.          LJ-14
    1.45194e+03    3.80998e+03    5.04421e+03    2.66498e+02    1.94491e+03
     Coulomb-14        LJ (SR)   Coulomb (SR)   Coul. recip. Position Rest.
    1.60827e+04    4.93920e+04   -4.38186e+05    2.60881e+03    5.69109e+02
      Potential    Kinetic En.   Total Energy  Conserved En.    Temperature
   -3.57016e+05    6.92198e+04   -2.87796e+05   -3.50006e+05    2.98984e+02
 Pressure (bar)   Constr. rmsd
    6.43466e+01    2.93495e-06


DD  step 999  vol min/aver 0.945  load imb.: force  5.1%
           Step           Time
           1000        2.00000

   Energies (kJ/mol)
           Bond          Angle    Proper Dih. Per. Imp. Dih.          LJ-14
    1.56353e+03    3.84507e+03    5.10850e+03    2.52327e+02    1.89449e+03
     Coulomb-14        LJ (SR)   Coulomb (SR)   Coul. recip. Position Rest.
    1.62243e+04    4.79519e+04   -4.35874e+05    2.62512e+03    5.08088e+02
      Potential    Kinetic En.   Total Energy  Conserved En.    Temperature
   -3.55901e+05    6.85405e+04   -2.87360e+05   -3.49965e+05    2.96050e+02
 Pressure (bar)   Constr. rmsd
   -9.59749e+01    2.94428e-06


DD  step 1499  vol min/aver 0.918  load imb.: force 15.4%
           Step           Time
           1500        3.00000

   Energies (kJ/mol)
           Bond          Angle    Proper Dih. Per. Imp. Dih.          LJ-14
    1.51471e+03    3.85480e+03    5.02253e+03    2.37796e+02    1.82332e+03
     Coulomb-14        LJ (SR)   Coulomb (SR)   Coul. recip. Position Rest.
    1.61942e+04    4.82511e+04   -4.36765e+05    2.57559e+03    5.57993e+02
      Potential    Kinetic En.   Total Energy  Conserved En.    Temperature
   -3.56733e+05    6.94212e+04   -2.87312e+05   -3.49986e+05    2.99854e+02
 Pressure (bar)   Constr. rmsd
   -2.08718e+02    2.87398e-06


DD  step 1999  vol min/aver 0.913  load imb.: force  8.0%
           Step           Time
           2000        4.00000

   Energies (kJ/mol)
           Bond          Angle    Proper Dih. Per. Imp. Dih.          LJ-14
    1.61194e+03    3.83071e+03    5.01166e+03    2.27725e+02    1.91675e+03
     Coulomb-14        LJ (SR)   Coulomb (SR)   Coul. recip. Position Rest.
    1.60089e+04    4.81020e+04   -4.35227e+05    2.63398e+03    5.03416e+02
      Potential    Kinetic En.   Total Energy  Conserved En.    Temperature
   -3.55380e+05    7.02568e+04   -2.85123e+05   -3.49995e+05    3.03464e+02
 Pressure (bar)   Constr. rmsd
   -2.81284e+02    2.83980e-06


DD  step 2499  vol min/aver 0.907  load imb.: force 10.0%
           Step           Time
           2500        5.00000

   Energies (kJ/mol)
           Bond          Angle    Proper Dih. Per. Imp. Dih.          LJ-14
    1.46767e+03    3.88519e+03    4.96347e+03    2.77496e+02    1.87856e+03
     Coulomb-14        LJ (SR)   Coulomb (SR)   Coul. recip. Position Rest.
    1.61893e+04    4.78917e+04   -4.34956e+05    2.62166e+03    5.02465e+02
      Potential    Kinetic En.   Total Energy  Conserved En.    Temperature
   -3.55279e+05    7.02146e+04   -2.85064e+05   -3.49982e+05    3.03282e+02
 Pressure (bar)   Constr. rmsd
   -3.95611e+02    3.00166e-06


DD  step 2999  vol min/aver 0.921  load imb.: force  9.9%
           Step           Time
           3000        6.00000

   Energies (kJ/mol)
           Bond          Angle    Proper Dih. Per. Imp. Dih.          LJ-14
    1.49873e+03    3.73798e+03    5.08235e+03    2.59584e+02    1.82965e+03
     Coulomb-14        LJ (SR)   Coulomb (SR)   Coul. recip. Position Rest.
    1.60870e+04    4.93620e+04   -4.37283e+05    2.53259e+03    4.54493e+02
      Potential    Kinetic En.   Total Energy  Conserved En.    Temperature
   -3.56439e+05    6.97798e+04   -2.86659e+05   -3.49959e+05    3.01404e+02
 Pressure (bar)   Constr. rmsd
    7.63923e+01    3.06097e-06


DD  step 3499  vol min/aver 0.902  load imb.: force  3.7%
           Step           Time
           3500        7.00000

   Energies (kJ/mol)
           Bond          Angle    Proper Dih. Per. Imp. Dih.          LJ-14
    1.65158e+03    3.75008e+03    5.02884e+03    2.92887e+02    1.86458e+03
     Coulomb-14        LJ (SR)   Coulomb (SR)   Coul. recip. Position Rest.
    1.60544e+04    4.81381e+04   -4.34887e+05    2.60266e+03    4.84192e+02
      Potential    Kinetic En.   Total Energy  Conserved En.    Temperature
   -3.55019e+05    6.95190e+04   -2.85500e+05   -3.49942e+05    3.00277e+02
 Pressure (bar)   Constr. rmsd
   -1.45649e+02    2.79812e-06


DD  step 3999  vol min/aver 0.885  load imb.: force  8.7%
           Step           Time
           4000        8.00000

   Energies (kJ/mol)
           Bond          Angle    Proper Dih. Per. Imp. Dih.          LJ-14
    1.43649e+03    3.91663e+03    5.12621e+03    2.90666e+02    1.89857e+03
     Coulomb-14        LJ (SR)   Coulomb (SR)   Coul. recip. Position Rest.
    1.62400e+04    4.75960e+04   -4.35200e+05    2.57530e+03    5.08427e+02
      Potential    Kinetic En.   Total Energy  Conserved En.    Temperature
   -3.55612e+05    6.94331e+04   -2.86179e+05   -3.49942e+05    2.99906e+02
 Pressure (bar)   Constr. rmsd
   -3.38986e+02    2.81676e-06


DD  step 4499  vol min/aver 0.910  load imb.: force  7.9%
           Step           Time
           4500        9.00000

   Energies (kJ/mol)
           Bond          Angle    Proper Dih. Per. Imp. Dih.          LJ-14
    1.58841e+03    3.66454e+03    5.00626e+03    2.65166e+02    1.82599e+03
     Coulomb-14        LJ (SR)   Coulomb (SR)   Coul. recip. Position Rest.
    1.58917e+04    4.71126e+04   -4.35265e+05    2.59316e+03    4.38703e+02
      Potential    Kinetic En.   Total Energy  Conserved En.    Temperature
   -3.56879e+05    6.94484e+04   -2.87430e+05   -3.49949e+05    2.99972e+02
 Pressure (bar)   Constr. rmsd
   -5.34346e+02    2.84002e-06


DD  step 4999  vol min/aver 0.901  load imb.: force  7.0%

step 5000 Turning off dynamic load balancing, because it is degrading performance.
Atom distribution over 10 domains: av 2734 stddev 58 min 2676 max 2819
           Step           Time
           5000       10.00000

   Energies (kJ/mol)
           Bond          Angle    Proper Dih. Per. Imp. Dih.          LJ-14
    1.51974e+03    3.79434e+03    5.06642e+03    2.90603e+02    1.89380e+03
     Coulomb-14        LJ (SR)   Coulomb (SR)   Coul. recip. Position Rest.
    1.61908e+04    4.94036e+04   -4.37183e+05    2.54071e+03    4.94966e+02
      Potential    Kinetic En.   Total Energy  Conserved En.    Temperature
   -3.55988e+05    6.91568e+04   -2.86831e+05   -3.49939e+05    2.98713e+02
 Pressure (bar)   Constr. rmsd
    5.48933e+02    3.06673e-06


DD  step 5499 load imb.: force  7.7%
           Step           Time
           5500       11.00000

   Energies (kJ/mol)
           Bond          Angle    Proper Dih. Per. Imp. Dih.          LJ-14
    1.49488e+03    3.86790e+03    4.98919e+03    2.71260e+02    1.85321e+03
     Coulomb-14        LJ (SR)   Coulomb (SR)   Coul. recip. Position Rest.
    1.61981e+04    4.82028e+04   -4.35958e+05    2.51205e+03    5.13331e+02
      Potential    Kinetic En.   Total Energy  Conserved En.    Temperature
   -3.56055e+05    6.98603e+04   -2.86195e+05   -3.49942e+05    3.01751e+02
 Pressure (bar)   Constr. rmsd
   -2.38034e+02    3.43547e-06


DD  step 5999 load imb.: force 12.6%
           Step           Time
           6000       12.00000

   Energies (kJ/mol)
           Bond          Angle    Proper Dih. Per. Imp. Dih.          LJ-14
    1.60688e+03    3.75260e+03    4.96390e+03    2.39676e+02    1.87514e+03
     Coulomb-14        LJ (SR)   Coulomb (SR)   Coul. recip. Position Rest.
    1.61985e+04    4.83524e+04   -4.37458e+05    2.56249e+03    5.07892e+02
      Potential    Kinetic En.   Total Energy  Conserved En.    Temperature
   -3.57398e+05    6.89133e+04   -2.88485e+05   -3.49896e+05    2.97661e+02
 Pressure (bar)   Constr. rmsd
   -2.18014e+02    3.29071e-06


DD  step 6499 load imb.: force  9.9%
           Step           Time
           6500       13.00000

   Energies (kJ/mol)
           Bond          Angle    Proper Dih. Per. Imp. Dih.          LJ-14
    1.56536e+03    3.72394e+03    4.98122e+03    2.49019e+02    1.84821e+03
     Coulomb-14        LJ (SR)   Coulomb (SR)   Coul. recip. Position Rest.
    1.60637e+04    4.77924e+04   -4.35431e+05    2.56083e+03    4.62494e+02
      Potential    Kinetic En.   Total Energy  Conserved En.    Temperature
   -3.56184e+05    6.93012e+04   -2.86883e+05   -3.49923e+05    2.99336e+02
 Pressure (bar)   Constr. rmsd
   -7.33746e+02    3.46244e-06


DD  step 6999 load imb.: force  3.1%
           Step           Time
           7000       14.00000

   Energies (kJ/mol)
           Bond          Angle    Proper Dih. Per. Imp. Dih.          LJ-14
    1.52967e+03    3.73163e+03    5.06386e+03    2.76047e+02    1.97351e+03
     Coulomb-14        LJ (SR)   Coulomb (SR)   Coul. recip. Position Rest.
    1.62564e+04    4.83274e+04   -4.36148e+05    2.52825e+03    4.64986e+02
      Potential    Kinetic En.   Total Energy  Conserved En.    Temperature
   -3.55997e+05    6.88262e+04   -2.87170e+05   -3.49899e+05    2.97285e+02
 Pressure (bar)   Constr. rmsd
    1.22048e+01    3.08206e-06


DD  step 7499 load imb.: force  5.6%
           Step           Time
           7500       15.00000

   Energies (kJ/mol)
           Bond          Angle    Proper Dih. Per. Imp. Dih.          LJ-14
    1.55675e+03    3.77293e+03    5.01298e+03    2.75737e+02    1.95517e+03
     Coulomb-14        LJ (SR)   Coulomb (SR)   Coul. recip. Position Rest.
    1.62022e+04    4.83325e+04   -4.35965e+05    2.62017e+03    4.82739e+02
      Potential    Kinetic En.   Total Energy  Conserved En.    Temperature
   -3.55754e+05    6.90479e+04   -2.86706e+05   -3.49895e+05    2.98242e+02
 Pressure (bar)   Constr. rmsd
   -1.00796e+02    2.89423e-06


DD  step 7999 load imb.: force  8.5%
           Step           Time
           8000       16.00000

   Energies (kJ/mol)
           Bond          Angle    Proper Dih. Per. Imp. Dih.          LJ-14
    1.49354e+03    3.82965e+03    5.02913e+03    2.41869e+02    1.92645e+03
     Coulomb-14        LJ (SR)   Coulomb (SR)   Coul. recip. Position Rest.
    1.61492e+04    4.85442e+04   -4.36327e+05    2.57810e+03    4.74328e+02
      Potential    Kinetic En.   Total Energy  Conserved En.    Temperature
   -3.56061e+05    6.91734e+04   -2.86887e+05   -3.49897e+05    2.98784e+02
 Pressure (bar)   Constr. rmsd
    5.48456e+01    2.86110e-06


DD  step 8499 load imb.: force 16.0%
           Step           Time
           8500       17.00000

   Energies (kJ/mol)
           Bond          Angle    Proper Dih. Per. Imp. Dih.          LJ-14
    1.54161e+03    3.89273e+03    4.96203e+03    2.65810e+02    1.79395e+03
     Coulomb-14        LJ (SR)   Coulomb (SR)   Coul. recip. Position Rest.
    1.60088e+04    4.72698e+04   -4.33765e+05    2.52577e+03    4.63483e+02
      Potential    Kinetic En.   Total Energy  Conserved En.    Temperature
   -3.55040e+05    6.98085e+04   -2.85232e+05   -3.49894e+05    3.01527e+02
 Pressure (bar)   Constr. rmsd
   -3.57660e+02    3.57820e-06


DD  step 8999 load imb.: force 10.4%
           Step           Time
           9000       18.00000

   Energies (kJ/mol)
           Bond          Angle    Proper Dih. Per. Imp. Dih.          LJ-14
    1.54425e+03    3.86255e+03    5.07048e+03    2.25661e+02    1.92262e+03
     Coulomb-14        LJ (SR)   Coulomb (SR)   Coul. recip. Position Rest.
    1.60587e+04    4.84258e+04   -4.35400e+05    2.54450e+03    4.73514e+02
      Potential    Kinetic En.   Total Energy  Conserved En.    Temperature
   -3.55272e+05    6.92320e+04   -2.86040e+05   -3.49871e+05    2.99037e+02
 Pressure (bar)   Constr. rmsd
   -3.45097e+01    2.92634e-06


DD  step 9499 load imb.: force 17.9%
           Step           Time
           9500       19.00000

   Energies (kJ/mol)
           Bond          Angle    Proper Dih. Per. Imp. Dih.          LJ-14
    1.46385e+03    3.85366e+03    5.07201e+03    2.85603e+02    1.90261e+03
     Coulomb-14        LJ (SR)   Coulomb (SR)   Coul. recip. Position Rest.
    1.62436e+04    4.89945e+04   -4.36124e+05    2.59172e+03    5.20126e+02
      Potential    Kinetic En.   Total Energy  Conserved En.    Temperature
   -3.55196e+05    6.94352e+04   -2.85761e+05   -3.49876e+05    2.99915e+02
 Pressure (bar)   Constr. rmsd
   -5.63835e+01    3.07098e-06


DD  step 9999 load imb.: force  9.5%
           Step           Time
          10000       20.00000

   Energies (kJ/mol)
           Bond          Angle    Proper Dih. Per. Imp. Dih.          LJ-14
    1.54608e+03    3.83584e+03    4.98070e+03    2.34548e+02    1.91086e+03
     Coulomb-14        LJ (SR)   Coulomb (SR)   Coul. recip. Position Rest.
    1.61381e+04    4.82432e+04   -4.36329e+05    2.54675e+03    4.85408e+02
      Potential    Kinetic En.   Total Energy  Conserved En.    Temperature
   -3.56407e+05    6.94262e+04   -2.86981e+05   -3.49859e+05    2.99876e+02
 Pressure (bar)   Constr. rmsd
   -2.50677e+02    3.05643e-06


DD  step 10499 load imb.: force  6.1%
           Step           Time
          10500       21.00000

   Energies (kJ/mol)
           Bond          Angle    Proper Dih. Per. Imp. Dih.          LJ-14
    1.50407e+03    3.88895e+03    5.03400e+03    2.56398e+02    1.79037e+03
     Coulomb-14        LJ (SR)   Coulomb (SR)   Coul. recip. Position Rest.
    1.61344e+04    4.80234e+04   -4.35050e+05    2.53419e+03    5.52900e+02
      Potential    Kinetic En.   Total Energy  Conserved En.    Temperature
   -3.55331e+05    6.90397e+04   -2.86291e+05   -3.49847e+05    2.98207e+02
 Pressure (bar)   Constr. rmsd
    2.83796e+01    3.10278e-06


DD  step 10999 load imb.: force 12.1%
           Step           Time
          11000       22.00000

   Energies (kJ/mol)
           Bond          Angle    Proper Dih. Per. Imp. Dih.          LJ-14
    1.67984e+03    3.83498e+03    4.98283e+03    2.43227e+02    1.96845e+03
     Coulomb-14        LJ (SR)   Coulomb (SR)   Coul. recip. Position Rest.
    1.60231e+04    4.77123e+04   -4.35010e+05    2.57966e+03    5.03529e+02
      Potential    Kinetic En.   Total Energy  Conserved En.    Temperature
   -3.55482e+05    6.95572e+04   -2.85924e+05   -3.49847e+05    3.00442e+02
 Pressure (bar)   Constr. rmsd
    4.36037e+01    2.91055e-06


DD  step 11499 load imb.: force 10.7%
           Step           Time
          11500       23.00000

   Energies (kJ/mol)
           Bond          Angle    Proper Dih. Per. Imp. Dih.          LJ-14
    1.61983e+03    3.86654e+03    4.97797e+03    2.54027e+02    1.92421e+03
     Coulomb-14        LJ (SR)   Coulomb (SR)   Coul. recip. Position Rest.
    1.61521e+04    4.80737e+04   -4.35683e+05    2.58689e+03    5.15799e+02
      Potential    Kinetic En.   Total Energy  Conserved En.    Temperature
   -3.55712e+05    7.00001e+04   -2.85712e+05   -3.49829e+05    3.02355e+02
 Pressure (bar)   Constr. rmsd
    9.58388e+01    2.69604e-06


DD  step 11999 load imb.: force 11.4%
           Step           Time
          12000       24.00000

   Energies (kJ/mol)
           Bond          Angle    Proper Dih. Per. Imp. Dih.          LJ-14
    1.59462e+03    3.92049e+03    5.06123e+03    2.35504e+02    1.88108e+03
     Coulomb-14        LJ (SR)   Coulomb (SR)   Coul. recip. Position Rest.
    1.61172e+04    4.67845e+04   -4.35543e+05    2.55052e+03    4.39477e+02
      Potential    Kinetic En.   Total Energy  Conserved En.    Temperature
   -3.56959e+05    6.95131e+04   -2.87446e+05   -3.49826e+05    3.00252e+02
 Pressure (bar)   Constr. rmsd
   -7.41907e+02    3.28795e-06


DD  step 12499 load imb.: force 10.4%
           Step           Time
          12500       25.00000

   Energies (kJ/mol)
           Bond          Angle    Proper Dih. Per. Imp. Dih.          LJ-14
    1.66166e+03    3.67252e+03    4.94889e+03    2.21917e+02    1.87741e+03
     Coulomb-14        LJ (SR)   Coulomb (SR)   Coul. recip. Position Rest.
    1.61921e+04    4.76507e+04   -4.35398e+05    2.62066e+03    4.91812e+02
      Potential    Kinetic En.   Total Energy  Conserved En.    Temperature
   -3.56061e+05    6.93352e+04   -2.86726e+05   -3.49828e+05    2.99483e+02
 Pressure (bar)   Constr. rmsd
   -9.04095e+02    3.06389e-06


DD  step 12999 load imb.: force  5.9%
           Step           Time
          13000       26.00000

   Energies (kJ/mol)
           Bond          Angle    Proper Dih. Per. Imp. Dih.          LJ-14
    1.50091e+03    3.98736e+03    5.06585e+03    2.52799e+02    1.90701e+03
     Coulomb-14        LJ (SR)   Coulomb (SR)   Coul. recip. Position Rest.
    1.60368e+04    4.78751e+04   -4.35781e+05    2.52773e+03    4.94433e+02
      Potential    Kinetic En.   Total Energy  Conserved En.    Temperature
   -3.56133e+05    6.97814e+04   -2.86351e+05   -3.49826e+05    3.01410e+02
 Pressure (bar)   Constr. rmsd
   -1.47031e+01    3.16943e-06


DD  step 13499 load imb.: force  6.4%
           Step           Time
          13500       27.00000

   Energies (kJ/mol)
           Bond          Angle    Proper Dih. Per. Imp. Dih.          LJ-14
    1.41256e+03    3.94675e+03    5.03348e+03    2.61285e+02    1.86115e+03
     Coulomb-14        LJ (SR)   Coulomb (SR)   Coul. recip. Position Rest.
    1.61032e+04    4.76459e+04   -4.35553e+05    2.61026e+03    4.51826e+02
      Potential    Kinetic En.   Total Energy  Conserved En.    Temperature
   -3.56226e+05    6.86643e+04   -2.87562e+05   -3.49823e+05    2.96585e+02
 Pressure (bar)   Constr. rmsd
   -5.55895e+02    2.91363e-06


DD  step 13999 load imb.: force  5.3%
           Step           Time
          14000       28.00000

   Energies (kJ/mol)
           Bond          Angle    Proper Dih. Per. Imp. Dih.          LJ-14
    1.47639e+03    3.77247e+03    5.04088e+03    2.99426e+02    1.88440e+03
     Coulomb-14        LJ (SR)   Coulomb (SR)   Coul. recip. Position Rest.
    1.60102e+04    4.83210e+04   -4.37036e+05    2.60174e+03    4.87650e+02
      Potential    Kinetic En.   Total Energy  Conserved En.    Temperature
   -3.57142e+05    7.01396e+04   -2.87002e+05   -3.49812e+05    3.02958e+02
 Pressure (bar)   Constr. rmsd
    9.52053e+01    2.88755e-06


DD  step 14499 load imb.: force 11.3%
           Step           Time
          14500       29.00000

   Energies (kJ/mol)
           Bond          Angle    Proper Dih. Per. Imp. Dih.          LJ-14
    1.43112e+03    3.89162e+03    5.07631e+03    2.99692e+02    1.85087e+03
     Coulomb-14        LJ (SR)   Coulomb (SR)   Coul. recip. Position Rest.
    1.61388e+04    4.88036e+04   -4.36681e+05    2.62576e+03    5.29970e+02
      Potential    Kinetic En.   Total Energy  Conserved En.    Temperature
   -3.56033e+05    6.96266e+04   -2.86407e+05   -3.49810e+05    3.00742e+02
 Pressure (bar)   Constr. rmsd
   -9.57134e+01    3.04459e-06


DD  step 14999 load imb.: force 12.0%

step 15000 Turning on dynamic load balancing, because the performance loss due to load imbalance is 4.6 %.
           Step           Time
          15000       30.00000

   Energies (kJ/mol)
           Bond          Angle    Proper Dih. Per. Imp. Dih.          LJ-14
    1.55562e+03    3.83651e+03    4.99916e+03    2.51546e+02    1.92335e+03
     Coulomb-14        LJ (SR)   Coulomb (SR)   Coul. recip. Position Rest.
    1.60841e+04    4.86309e+04   -4.36217e+05    2.62100e+03    4.98784e+02
      Potential    Kinetic En.   Total Energy  Conserved En.    Temperature
   -3.55816e+05    6.91317e+04   -2.86684e+05   -3.49781e+05    2.98604e+02
 Pressure (bar)   Constr. rmsd
   -1.49736e+02    2.90651e-06


DD  step 15499  vol min/aver 0.942  load imb.: force  8.8%
           Step           Time
          15500       31.00000

   Energies (kJ/mol)
           Bond          Angle    Proper Dih. Per. Imp. Dih.          LJ-14
    1.58979e+03    3.90745e+03    5.01678e+03    2.60656e+02    1.91637e+03
     Coulomb-14        LJ (SR)   Coulomb (SR)   Coul. recip. Position Rest.
    1.61629e+04    4.83380e+04   -4.35371e+05    2.57105e+03    5.26947e+02
      Potential    Kinetic En.   Total Energy  Conserved En.    Temperature
   -3.55081e+05    6.93794e+04   -2.85702e+05   -3.49790e+05    2.99674e+02
 Pressure (bar)   Constr. rmsd
    5.80150e+01    3.33953e-06


DD  step 15999  vol min/aver 0.912  load imb.: force 15.0%

step 16000 Turning off dynamic load balancing, because it is degrading performance.
Atom distribution over 10 domains: av 2734 stddev 58 min 2659 max 2804
           Step           Time
          16000       32.00000

   Energies (kJ/mol)
           Bond          Angle    Proper Dih. Per. Imp. Dih.          LJ-14
    1.49588e+03    3.77240e+03    5.08106e+03    2.66482e+02    1.92136e+03
     Coulomb-14        LJ (SR)   Coulomb (SR)   Coul. recip. Position Rest.
    1.62466e+04    4.81908e+04   -4.35951e+05    2.58735e+03    5.59721e+02
      Potential    Kinetic En.   Total Energy  Conserved En.    Temperature
   -3.55829e+05    6.93964e+04   -2.86433e+05   -3.49782e+05    2.99748e+02
 Pressure (bar)   Constr. rmsd
   -5.08006e+01    3.05049e-06


DD  step 16499 load imb.: force  6.7%
           Step           Time
          16500       33.00000

   Energies (kJ/mol)
           Bond          Angle    Proper Dih. Per. Imp. Dih.          LJ-14
    1.44192e+03    3.92623e+03    5.02079e+03    2.48512e+02    1.89742e+03
     Coulomb-14        LJ (SR)   Coulomb (SR)   Coul. recip. Position Rest.
    1.60874e+04    4.84557e+04   -4.35666e+05    2.54603e+03    5.20310e+02
      Potential    Kinetic En.   Total Energy  Conserved En.    Temperature
   -3.55521e+05    6.99293e+04   -2.85592e+05   -3.49777e+05    3.02049e+02
 Pressure (bar)   Constr. rmsd
   -2.50673e+01    3.25367e-06


DD  step 16999 load imb.: force  5.3%
           Step           Time
          17000       34.00000

   Energies (kJ/mol)
           Bond          Angle    Proper Dih. Per. Imp. Dih.          LJ-14
    1.58195e+03    3.93112e+03    5.07044e+03    2.59817e+02    1.84332e+03
     Coulomb-14        LJ (SR)   Coulomb (SR)   Coul. recip. Position Rest.
    1.59998e+04    4.78673e+04   -4.36053e+05    2.50401e+03    4.88673e+02
      Potential    Kinetic En.   Total Energy  Conserved En.    Temperature
   -3.56507e+05    6.90017e+04   -2.87505e+05   -3.49763e+05    2.98043e+02
 Pressure (bar)   Constr. rmsd
   -1.59398e+02    3.28958e-06


DD  step 17499 load imb.: force 12.9%
           Step           Time
          17500       35.00000

   Energies (kJ/mol)
           Bond          Angle    Proper Dih. Per. Imp. Dih.          LJ-14
    1.51486e+03    3.93349e+03    4.95015e+03    2.65288e+02    1.95533e+03
     Coulomb-14        LJ (SR)   Coulomb (SR)   Coul. recip. Position Rest.
    1.62552e+04    4.81723e+04   -4.35649e+05    2.51512e+03    4.94977e+02
      Potential    Kinetic En.   Total Energy  Conserved En.    Temperature
   -3.55592e+05    6.91770e+04   -2.86415e+05   -3.49759e+05    2.98800e+02
 Pressure (bar)   Constr. rmsd
    1.87728e+02    3.08138e-06


DD  step 17999 load imb.: force 13.8%
           Step           Time
          18000       36.00000

   Energies (kJ/mol)
           Bond          Angle    Proper Dih. Per. Imp. Dih.          LJ-14
    1.61009e+03    3.81336e+03    5.01871e+03    2.81016e+02    1.89904e+03
     Coulomb-14        LJ (SR)   Coulomb (SR)   Coul. recip. Position Rest.
    1.61441e+04    4.80450e+04   -4.35820e+05    2.53493e+03    4.48723e+02
      Potential    Kinetic En.   Total Energy  Conserved En.    Temperature
   -3.56025e+05    6.94971e+04   -2.86528e+05   -3.49746e+05    3.00182e+02
 Pressure (bar)   Constr. rmsd
   -3.61118e+01    2.85600e-06


DD  step 18499 load imb.: force 12.7%
           Step           Time
          18500       37.00000

   Energies (kJ/mol)
           Bond          Angle    Proper Dih. Per. Imp. Dih.          LJ-14
    1.52290e+03    3.72019e+03    4.99028e+03    2.55525e+02    1.95114e+03
     Coulomb-14        LJ (SR)   Coulomb (SR)   Coul. recip. Position Rest.
    1.60792e+04    4.77903e+04   -4.35150e+05    2.57825e+03    4.66127e+02
      Potential    Kinetic En.   Total Energy  Conserved En.    Temperature
   -3.55796e+05    6.89748e+04   -2.86821e+05   -3.49776e+05    2.97927e+02
 Pressure (bar)   Constr. rmsd
   -1.66827e+02    3.22259e-06


DD  step 18999 load imb.: force  8.0%
           Step           Time
          19000       38.00000

   Energies (kJ/mol)
           Bond          Angle    Proper Dih. Per. Imp. Dih.          LJ-14
    1.52546e+03    3.70107e+03    5.05439e+03    2.37553e+02    1.93251e+03
     Coulomb-14        LJ (SR)   Coulomb (SR)   Coul. recip. Position Rest.
    1.63607e+04    4.83569e+04   -4.36311e+05    2.53273e+03    4.80801e+02
      Potential    Kinetic En.   Total Energy  Conserved En.    Temperature
   -3.56129e+05    6.96435e+04   -2.86485e+05   -3.49750e+05    3.00815e+02
 Pressure (bar)   Constr. rmsd
    3.58140e+01    3.27823e-06


DD  step 19499 load imb.: force 11.4%
           Step           Time
          19500       39.00000

   Energies (kJ/mol)
           Bond          Angle    Proper Dih. Per. Imp. Dih.          LJ-14
    1.52899e+03    3.99890e+03    4.99937e+03    2.77186e+02    1.90239e+03
     Coulomb-14        LJ (SR)   Coulomb (SR)   Coul. recip. Position Rest.
    1.62264e+04    4.86381e+04   -4.36584e+05    2.54449e+03    5.24231e+02
      Potential    Kinetic En.   Total Energy  Conserved En.    Temperature
   -3.55943e+05    6.97461e+04   -2.86197e+05   -3.49740e+05    3.01258e+02
 Pressure (bar)   Constr. rmsd
    2.15333e+02    2.88696e-06


DD  step 19999 load imb.: force  8.2%

step 20000 Turning on dynamic load balancing, because the performance loss due to load imbalance is 4.6 %.
           Step           Time
          20000       40.00000

   Energies (kJ/mol)
           Bond          Angle    Proper Dih. Per. Imp. Dih.          LJ-14
    1.54498e+03    3.91536e+03    5.01109e+03    2.84053e+02    1.90037e+03
     Coulomb-14        LJ (SR)   Coulomb (SR)   Coul. recip. Position Rest.
    1.60872e+04    4.86676e+04   -4.37480e+05    2.51048e+03    4.34631e+02
      Potential    Kinetic En.   Total Energy  Conserved En.    Temperature
   -3.57124e+05    6.92505e+04   -2.87873e+05   -3.49733e+05    2.99117e+02
 Pressure (bar)   Constr. rmsd
   -1.92171e+00    3.39701e-06


DD  step 20499  vol min/aver 0.927  load imb.: force  7.9%
           Step           Time
          20500       41.00000

   Energies (kJ/mol)
           Bond          Angle    Proper Dih. Per. Imp. Dih.          LJ-14
    1.50779e+03    3.98286e+03    5.05387e+03    2.73206e+02    1.88113e+03
     Coulomb-14        LJ (SR)   Coulomb (SR)   Coul. recip. Position Rest.
    1.61495e+04    4.84186e+04   -4.35842e+05    2.66616e+03    5.31491e+02
      Potential    Kinetic En.   Total Energy  Conserved En.    Temperature
   -3.55377e+05    6.86476e+04   -2.86729e+05   -3.49701e+05    2.96513e+02
 Pressure (bar)   Constr. rmsd
   -2.17536e+02    3.12070e-06


DD  step 20999  vol min/aver 0.930  load imb.: force  9.2%
           Step           Time
          21000       42.00000

   Energies (kJ/mol)
           Bond          Angle    Proper Dih. Per. Imp. Dih.          LJ-14
    1.45698e+03    3.94535e+03    5.04015e+03    3.12622e+02    1.87783e+03
     Coulomb-14        LJ (SR)   Coulomb (SR)   Coul. recip. Position Rest.
    1.59881e+04    4.70954e+04   -4.34264e+05    2.60750e+03    4.88611e+02
      Potential    Kinetic En.   Total Energy  Conserved En.    Temperature
   -3.55451e+05    7.02063e+04   -2.85245e+05   -3.49740e+05    3.03246e+02
 Pressure (bar)   Constr. rmsd
   -4.76667e+01    2.96707e-06


DD  step 21499  vol min/aver 0.894  load imb.: force  9.3%
           Step           Time
          21500       43.00000

   Energies (kJ/mol)
           Bond          Angle    Proper Dih. Per. Imp. Dih.          LJ-14
    1.55159e+03    3.97265e+03    5.06720e+03    3.10479e+02    1.88563e+03
     Coulomb-14        LJ (SR)   Coulomb (SR)   Coul. recip. Position Rest.
    1.59742e+04    4.76811e+04   -4.35090e+05    2.48047e+03    5.24292e+02
      Potential    Kinetic En.   Total Energy  Conserved En.    Temperature
   -3.55643e+05    6.99890e+04   -2.85654e+05   -3.49740e+05    3.02307e+02
 Pressure (bar)   Constr. rmsd
   -3.30487e+02    2.85282e-06


DD  step 21999  vol min/aver 0.932  load imb.: force  4.8%
           Step           Time
          22000       44.00000

   Energies (kJ/mol)
           Bond          Angle    Proper Dih. Per. Imp. Dih.          LJ-14
    1.52305e+03    3.90264e+03    5.06009e+03    3.05596e+02    1.88180e+03
     Coulomb-14        LJ (SR)   Coulomb (SR)   Coul. recip. Position Rest.
    1.61243e+04    4.81084e+04   -4.35792e+05    2.61688e+03    4.95843e+02
      Potential    Kinetic En.   Total Energy  Conserved En.    Temperature
   -3.55774e+05    6.91004e+04   -2.86673e+05   -3.49704e+05    2.98469e+02
 Pressure (bar)   Constr. rmsd
    1.88133e+01    2.92862e-06


DD  step 22499  vol min/aver 0.910  load imb.: force  6.2%
           Step           Time
          22500       45.00000

   Energies (kJ/mol)
           Bond          Angle    Proper Dih. Per. Imp. Dih.          LJ-14
    1.56567e+03    3.82110e+03    5.02543e+03    2.66648e+02    1.92187e+03
     Coulomb-14        LJ (SR)   Coulomb (SR)   Coul. recip. Position Rest.
    1.60875e+04    4.86693e+04   -4.35706e+05    2.62294e+03    4.88796e+02
      Potential    Kinetic En.   Total Energy  Conserved En.    Temperature
   -3.55237e+05    6.94699e+04   -2.85767e+05   -3.49712e+05    3.00065e+02
 Pressure (bar)   Constr. rmsd
    1.52138e+02    2.98723e-06


DD  step 22999  vol min/aver 0.910  load imb.: force  8.9%
           Step           Time
          23000       46.00000

   Energies (kJ/mol)
           Bond          Angle    Proper Dih. Per. Imp. Dih.          LJ-14
    1.44994e+03    3.85470e+03    5.03938e+03    2.47667e+02    1.93254e+03
     Coulomb-14        LJ (SR)   Coulomb (SR)   Coul. recip. Position Rest.
    1.61675e+04    4.86893e+04   -4.36354e+05    2.54568e+03    4.99897e+02
      Potential    Kinetic En.   Total Energy  Conserved En.    Temperature
   -3.55927e+05    6.93715e+04   -2.86556e+05   -3.49703e+05    2.99640e+02
 Pressure (bar)   Constr. rmsd
    6.08826e+01    2.92988e-06


DD  step 23499  vol min/aver 0.901  load imb.: force  8.8%
           Step           Time
          23500       47.00000

   Energies (kJ/mol)
           Bond          Angle    Proper Dih. Per. Imp. Dih.          LJ-14
    1.51588e+03    3.82363e+03    4.94962e+03    2.43322e+02    1.88771e+03
     Coulomb-14        LJ (SR)   Coulomb (SR)   Coul. recip. Position Rest.
    1.62654e+04    4.71551e+04   -4.35484e+05    2.58076e+03    5.06161e+02
      Potential    Kinetic En.   Total Energy  Conserved En.    Temperature
   -3.56557e+05    6.89455e+04   -2.87611e+05   -3.49686e+05    2.97800e+02
 Pressure (bar)   Constr. rmsd
   -6.13253e+02    2.74028e-06


DD  step 23999  vol min/aver 0.925  load imb.: force  4.2%
           Step           Time
          24000       48.00000

   Energies (kJ/mol)
           Bond          Angle    Proper Dih. Per. Imp. Dih.          LJ-14
    1.57112e+03    3.99420e+03    5.09399e+03    2.90111e+02    1.89285e+03
     Coulomb-14        LJ (SR)   Coulomb (SR)   Coul. recip. Position Rest.
    1.61681e+04    4.80841e+04   -4.35811e+05    2.62795e+03    4.73328e+02
      Potential    Kinetic En.   Total Energy  Conserved En.    Temperature
   -3.55616e+05    7.04568e+04   -2.85159e+05   -3.49685e+05    3.04328e+02
 Pressure (bar)   Constr. rmsd
   -2.10383e+01    3.21170e-06


DD  step 24499  vol min/aver 0.917  load imb.: force  8.2%
           Step           Time
          24500       49.00000

   Energies (kJ/mol)
           Bond          Angle    Proper Dih. Per. Imp. Dih.          LJ-14
    1.64145e+03    3.73399e+03    4.92429e+03    2.29367e+02    1.81306e+03
     Coulomb-14        LJ (SR)   Coulomb (SR)   Coul. recip. Position Rest.
    1.60748e+04    4.86663e+04   -4.37260e+05    2.48852e+03    4.88494e+02
      Potential    Kinetic En.   Total Energy  Conserved En.    Temperature
   -3.57199e+05    6.85387e+04   -2.88661e+05   -3.49678e+05    2.96043e+02
 Pressure (bar)   Constr. rmsd
   -2.27623e+02    2.81942e-06


DD  step 24999  vol min/aver 0.936  load imb.: force  4.1%
           Step           Time
          25000       50.00000

   Energies (kJ/mol)
           Bond          Angle    Proper Dih. Per. Imp. Dih.          LJ-14
    1.51811e+03    3.67640e+03    4.95539e+03    2.49941e+02    1.91671e+03
     Coulomb-14        LJ (SR)   Coulomb (SR)   Coul. recip. Position Rest.
    1.61656e+04    4.72073e+04   -4.35082e+05    2.47906e+03    4.70641e+02
      Potential    Kinetic En.   Total Energy  Conserved En.    Temperature
   -3.56443e+05    6.91898e+04   -2.87253e+05   -3.49696e+05    2.98855e+02
 Pressure (bar)   Constr. rmsd
   -5.00575e+02    3.00770e-06


DD  step 25499  vol min/aver 0.942  load imb.: force  4.3%
           Step           Time
          25500       51.00000

   Energies (kJ/mol)
           Bond          Angle    Proper Dih. Per. Imp. Dih.          LJ-14
    1.67583e+03    3.73330e+03    5.07492e+03    2.87768e+02    1.90258e+03
     Coulomb-14        LJ (SR)   Coulomb (SR)   Coul. recip. Position Rest.
    1.62354e+04    4.84329e+04   -4.35831e+05    2.60443e+03    4.92225e+02
      Potential    Kinetic En.   Total Energy  Conserved En.    Temperature
   -3.55392e+05    6.98965e+04   -2.85496e+05   -3.49665e+05    3.01907e+02
 Pressure (bar)   Constr. rmsd
    2.49514e+02    2.98356e-06


DD  step 25999  vol min/aver 0.915  load imb.: force  3.9%
           Step           Time
          26000       52.00000

   Energies (kJ/mol)
           Bond          Angle    Proper Dih. Per. Imp. Dih.          LJ-14
    1.60380e+03    3.74009e+03    5.00756e+03    2.77982e+02    1.89970e+03
     Coulomb-14        LJ (SR)   Coulomb (SR)   Coul. recip. Position Rest.
    1.61076e+04    4.84144e+04   -4.36417e+05    2.49635e+03    4.26777e+02
      Potential    Kinetic En.   Total Energy  Conserved En.    Temperature
   -3.56443e+05    6.93827e+04   -2.87060e+05   -3.49668e+05    2.99688e+02
 Pressure (bar)   Constr. rmsd
    4.43350e+02    3.23950e-06


DD  step 26499  vol min/aver 0.902  load imb.: force  3.0%
           Step           Time
          26500       53.00000

   Energies (kJ/mol)
           Bond          Angle    Proper Dih. Per. Imp. Dih.          LJ-14
    1.51484e+03    3.81649e+03    5.06553e+03    2.58208e+02    1.91457e+03
     Coulomb-14        LJ (SR)   Coulomb (SR)   Coul. recip. Position Rest.
    1.59555e+04    4.79032e+04   -4.34910e+05    2.50126e+03    4.60567e+02
      Potential    Kinetic En.   Total Energy  Conserved En.    Temperature
   -3.55520e+05    6.97869e+04   -2.85733e+05   -3.49675e+05    3.01434e+02
 Pressure (bar)   Constr. rmsd
   -3.27631e+02    3.27847e-06


DD  step 26999  vol min/aver 0.901  load imb.: force  9.1%
           Step           Time
          27000       54.00000

   Energies (kJ/mol)
           Bond          Angle    Proper Dih. Per. Imp. Dih.          LJ-14
    1.58268e+03    3.87609e+03    5.05941e+03    2.24776e+02    1.88197e+03
     Coulomb-14        LJ (SR)   Coulomb (SR)   Coul. recip. Position Rest.
    1.61794e+04    4.80625e+04   -4.34957e+05    2.56116e+03    4.75730e+02
      Potential    Kinetic En.   Total Energy  Conserved En.    Temperature
   -3.55053e+05    6.91891e+04   -2.85864e+05   -3.49657e+05    2.98852e+02
 Pressure (bar)   Constr. rmsd
   -1.80892e+02    2.88601e-06


DD  step 27499  vol min/aver 0.932  load imb.: force  3.9%
           Step           Time
          27500       55.00000

   Energies (kJ/mol)
           Bond          Angle    Proper Dih. Per. Imp. Dih.          LJ-14
    1.61275e+03    3.70858e+03    5.06715e+03    2.58588e+02    1.87905e+03
     Coulomb-14        LJ (SR)   Coulomb (SR)   Coul. recip. Position Rest.
    1.62010e+04    4.78230e+04   -4.35623e+05    2.58392e+03    4.64558e+02
      Potential    Kinetic En.   Total Energy  Conserved En.    Temperature
   -3.56025e+05    6.90702e+04   -2.86954e+05   -3.49652e+05    2.98339e+02
 Pressure (bar)   Constr. rmsd
   -1.96524e+02    2.98593e-06


DD  step 27999  vol min/aver 0.903  load imb.: force 11.2%
           Step           Time
          28000       56.00000

   Energies (kJ/mol)
           Bond          Angle    Proper Dih. Per. Imp. Dih.          LJ-14
    1.56633e+03    3.76118e+03    5.01027e+03    2.55729e+02    1.94506e+03
     Coulomb-14        LJ (SR)   Coulomb (SR)   Coul. recip. Position Rest.
    1.62100e+04    4.75230e+04   -4.35291e+05    2.61055e+03    4.78137e+02
      Potential    Kinetic En.   Total Energy  Conserved En.    Temperature
   -3.55931e+05    6.97170e+04   -2.86214e+05   -3.49654e+05    3.01132e+02
 Pressure (bar)   Constr. rmsd
   -1.19812e+02    3.10692e-06


DD  step 28499  vol min/aver 0.890  load imb.: force  8.4%
           Step           Time
          28500       57.00000

   Energies (kJ/mol)
           Bond          Angle    Proper Dih. Per. Imp. Dih.          LJ-14
    1.61603e+03    3.73035e+03    5.00224e+03    2.66601e+02    1.91613e+03
     Coulomb-14        LJ (SR)   Coulomb (SR)   Coul. recip. Position Rest.
    1.60980e+04    4.77380e+04   -4.35383e+05    2.55764e+03    4.89053e+02
      Potential    Kinetic En.   Total Energy  Conserved En.    Temperature
   -3.55969e+05    6.91981e+04   -2.86771e+05   -3.49639e+05    2.98891e+02
 Pressure (bar)   Constr. rmsd
   -3.55318e+02    2.86076e-06


DD  step 28999  vol min/aver 0.938  load imb.: force  6.4%
           Step           Time
          29000       58.00000

   Energies (kJ/mol)
           Bond          Angle    Proper Dih. Per. Imp. Dih.          LJ-14
    1.61102e+03    3.78940e+03    4.97445e+03    2.54945e+02    1.84958e+03
     Coulomb-14        LJ (SR)   Coulomb (SR)   Coul. recip. Position Rest.
    1.61110e+04    4.87677e+04   -4.36652e+05    2.58704e+03    4.87891e+02
      Potential    Kinetic En.   Total Energy  Conserved En.    Temperature
   -3.56219e+05    6.98101e+04   -2.86409e+05   -3.49628e+05    3.01535e+02
 Pressure (bar)   Constr. rmsd
    1.62270e+01    2.86216e-06


DD  step 29499  vol min/aver 0.921  load imb.: force  2.4%
           Step           Time
          29500       59.00000

   Energies (kJ/mol)
           Bond          Angle    Proper Dih. Per. Imp. Dih.          LJ-14
    1.60312e+03    3.88599e+03    5.12290e+03    3.11342e+02    1.89154e+03
     Coulomb-14        LJ (SR)   Coulomb (SR)   Coul. recip. Position Rest.
    1.62276e+04    4.76912e+04   -4.35415e+05    2.55362e+03    5.18045e+02
      Potential    Kinetic En.   Total Energy  Conserved En.    Temperature
   -3.55610e+05    6.93791e+04   -2.86231e+05   -3.49625e+05    2.99673e+02
 Pressure (bar)   Constr. rmsd
   -3.32881e+02    2.92081e-06


DD  step 29999  vol min/aver 0.921  load imb.: force  2.9%
           Step           Time
          30000       60.00000

   Energies (kJ/mol)
           Bond          Angle    Proper Dih. Per. Imp. Dih.          LJ-14
    1.56859e+03    3.99980e+03    5.06350e+03    2.16402e+02    1.90789e+03
     Coulomb-14        LJ (SR)   Coulomb (SR)   Coul. recip. Position Rest.
    1.62624e+04    4.82950e+04   -4.35097e+05    2.57505e+03    4.38884e+02
      Potential    Kinetic En.   Total Energy  Conserved En.    Temperature
   -3.54770e+05    6.99985e+04   -2.84771e+05   -3.49620e+05    3.02348e+02
 Pressure (bar)   Constr. rmsd
   -9.01069e+01    3.08039e-06


DD  step 30499  vol min/aver 0.927  load imb.: force  6.1%
           Step           Time
          30500       61.00000

   Energies (kJ/mol)
           Bond          Angle    Proper Dih. Per. Imp. Dih.          LJ-14
    1.60929e+03    3.77086e+03    5.04494e+03    2.64491e+02    1.85164e+03
     Coulomb-14        LJ (SR)   Coulomb (SR)   Coul. recip. Position Rest.
    1.61862e+04    4.91610e+04   -4.37121e+05    2.52909e+03    5.34750e+02
      Potential    Kinetic En.   Total Energy  Conserved En.    Temperature
   -3.56169e+05    6.97532e+04   -2.86416e+05   -3.49609e+05    3.01289e+02
 Pressure (bar)   Constr. rmsd
    2.28966e+02    2.98334e-06


DD  step 30999  vol min/aver 0.925  load imb.: force  5.9%
           Step           Time
          31000       62.00000

   Energies (kJ/mol)
           Bond          Angle    Proper Dih. Per. Imp. Dih.          LJ-14
    1.58057e+03    3.74560e+03    5.03638e+03    2.33451e+02    1.84073e+03
     Coulomb-14        LJ (SR)   Coulomb (SR)   Coul. recip. Position Rest.
    1.61599e+04    4.84455e+04   -4.37123e+05    2.53075e+03    5.12316e+02
      Potential    Kinetic En.   Total Energy  Conserved En.    Temperature
   -3.57038e+05    6.93236e+04   -2.87714e+05   -3.49610e+05    2.99433e+02
 Pressure (bar)   Constr. rmsd
   -1.16516e+02    2.80650e-06


DD  step 31499  vol min/aver 0.936  load imb.: force  3.2%
           Step           Time
          31500       63.00000

   Energies (kJ/mol)
           Bond          Angle    Proper Dih. Per. Imp. Dih.          LJ-14
    1.52902e+03    3.84604e+03    5.10104e+03    2.73206e+02    1.85866e+03
     Coulomb-14        LJ (SR)   Coulomb (SR)   Coul. recip. Position Rest.
    1.59282e+04    4.71897e+04   -4.35458e+05    2.60606e+03    5.07930e+02
      Potential    Kinetic En.   Total Energy  Conserved En.    Temperature
   -3.56618e+05    6.89412e+04   -2.87677e+05   -3.49592e+05    2.97781e+02
 Pressure (bar)   Constr. rmsd
   -4.11421e+02    3.02891e-06


DD  step 31999  vol min/aver 0.911  load imb.: force  2.2%
           Step           Time
          32000       64.00000

   Energies (kJ/mol)
           Bond          Angle    Proper Dih. Per. Imp. Dih.          LJ-14
    1.51779e+03    3.74977e+03    5.00662e+03    2.61128e+02    1.88526e+03
     Coulomb-14        LJ (SR)   Coulomb (SR)   Coul. recip. Position Rest.
    1.61464e+04    4.79428e+04   -4.36000e+05    2.58790e+03    5.19965e+02
      Potential    Kinetic En.   Total Energy  Conserved En.    Temperature
   -3.56383e+05    6.98234e+04   -2.86559e+05   -3.49600e+05    3.01592e+02
 Pressure (bar)   Constr. rmsd
    1.56968e+02    3.52412e-06


DD  step 32499  vol min/aver 0.921  load imb.: force  3.6%
           Step           Time
          32500       65.00000

   Energies (kJ/mol)
           Bond          Angle    Proper Dih. Per. Imp. Dih.          LJ-14
    1.51263e+03    3.94127e+03    5.03783e+03    2.39074e+02    1.85871e+03
     Coulomb-14        LJ (SR)   Coulomb (SR)   Coul. recip. Position Rest.
    1.60681e+04    4.76367e+04   -4.35369e+05    2.61126e+03    5.06869e+02
      Potential    Kinetic En.   Total Energy  Conserved En.    Temperature
   -3.55956e+05    6.96456e+04   -2.86311e+05   -3.49596e+05    3.00824e+02
 Pressure (bar)   Constr. rmsd
   -3.19306e+02    3.05491e-06


DD  step 32999  vol min/aver 0.918  load imb.: force  6.5%
           Step           Time
          33000       66.00000

   Energies (kJ/mol)
           Bond          Angle    Proper Dih. Per. Imp. Dih.          LJ-14
    1.57093e+03    3.76180e+03    5.16048e+03    2.73951e+02    1.88040e+03
     Coulomb-14        LJ (SR)   Coulomb (SR)   Coul. recip. Position Rest.
    1.61568e+04    4.79548e+04   -4.35803e+05    2.50845e+03    4.87304e+02
      Potential    Kinetic En.   Total Energy  Conserved En.    Temperature
   -3.56048e+05    6.99183e+04   -2.86130e+05   -3.49587e+05    3.02002e+02
 Pressure (bar)   Constr. rmsd
   -1.16882e+02    2.77905e-06


DD  step 33499  vol min/aver 0.909  load imb.: force  7.3%
           Step           Time
          33500       67.00000

   Energies (kJ/mol)
           Bond          Angle    Proper Dih. Per. Imp. Dih.          LJ-14
    1.63166e+03    3.85504e+03    4.98455e+03    2.25286e+02    1.92897e+03
     Coulomb-14        LJ (SR)   Coulomb (SR)   Coul. recip. Position Rest.
    1.61294e+04    4.82771e+04   -4.35950e+05    2.58531e+03    5.12080e+02
      Potential    Kinetic En.   Total Energy  Conserved En.    Temperature
   -3.55820e+05    6.99188e+04   -2.85901e+05   -3.49579e+05    3.02004e+02
 Pressure (bar)   Constr. rmsd
   -4.67920e+02    2.89916e-06


DD  step 33999  vol min/aver 0.892  load imb.: force  8.1%
           Step           Time
          34000       68.00000

   Energies (kJ/mol)
           Bond          Angle    Proper Dih. Per. Imp. Dih.          LJ-14
    1.55619e+03    3.87770e+03    5.08074e+03    2.82310e+02    1.96367e+03
     Coulomb-14        LJ (SR)   Coulomb (SR)   Coul. recip. Position Rest.
    1.62673e+04    4.74426e+04   -4.35059e+05    2.58090e+03    4.95281e+02
      Potential    Kinetic En.   Total Energy  Conserved En.    Temperature
   -3.55513e+05    6.95773e+04   -2.85935e+05   -3.49564e+05    3.00529e+02
 Pressure (bar)   Constr. rmsd
   -3.08065e+02    3.15845e-06


DD  step 34499  vol min/aver 0.873  load imb.: force  4.3%
           Step           Time
          34500       69.00000

   Energies (kJ/mol)
           Bond          Angle    Proper Dih. Per. Imp. Dih.          LJ-14
    1.53590e+03    3.81200e+03    4.98934e+03    2.66396e+02    1.91680e+03
     Coulomb-14        LJ (SR)   Coulomb (SR)   Coul. recip. Position Rest.
    1.61759e+04    4.77024e+04   -4.35524e+05    2.51628e+03    5.19564e+02
      Potential    Kinetic En.   Total Energy  Conserved En.    Temperature
   -3.56089e+05    6.92214e+04   -2.86868e+05   -3.49561e+05    2.98992e+02
 Pressure (bar)   Constr. rmsd
   -2.65083e+02    2.89617e-06


DD  step 34999  vol min/aver 0.877  load imb.: force  8.7%
           Step           Time
          35000       70.00000

   Energies (kJ/mol)
           Bond          Angle    Proper Dih. Per. Imp. Dih.          LJ-14
    1.62758e+03    3.85652e+03    5.03800e+03    2.46420e+02    1.86686e+03
     Coulomb-14        LJ (SR)   Coulomb (SR)   Coul. recip. Position Rest.
    1.59925e+04    4.75243e+04   -4.34823e+05    2.59399e+03    5.16203e+02
      Potential    Kinetic En.   Total Energy  Conserved En.    Temperature
   -3.55561e+05    6.97449e+04   -2.85816e+05   -3.49543e+05    3.01253e+02
 Pressure (bar)   Constr. rmsd
   -1.30980e+02    3.08699e-06


DD  step 35499  vol min/aver 0.931  load imb.: force  5.1%
           Step           Time
          35500       71.00000

   Energies (kJ/mol)
           Bond          Angle    Proper Dih. Per. Imp. Dih.          LJ-14
    1.57194e+03    3.84546e+03    5.01025e+03    2.84918e+02    1.90822e+03
     Coulomb-14        LJ (SR)   Coulomb (SR)   Coul. recip. Position Rest.
    1.60264e+04    4.70680e+04   -4.34956e+05    2.58845e+03    5.25008e+02
      Potential    Kinetic En.   Total Energy  Conserved En.    Temperature
   -3.56128e+05    6.93824e+04   -2.86745e+05   -3.49542e+05    2.99687e+02
 Pressure (bar)   Constr. rmsd
   -1.62170e+02    2.91864e-06


DD  step 35999  vol min/aver 0.915  load imb.: force  5.7%
           Step           Time
          36000       72.00000

   Energies (kJ/mol)
           Bond          Angle    Proper Dih. Per. Imp. Dih.          LJ-14
    1.48378e+03    3.97425e+03    5.06229e+03    2.44475e+02    1.95157e+03
     Coulomb-14        LJ (SR)   Coulomb (SR)   Coul. recip. Position Rest.
    1.61630e+04    4.84911e+04   -4.36039e+05    2.60321e+03    4.96890e+02
      Potential    Kinetic En.   Total Energy  Conserved En.    Temperature
   -3.55568e+05    6.91640e+04   -2.86404e+05   -3.49534e+05    2.98744e+02
 Pressure (bar)   Constr. rmsd
    8.27552e+01    2.81468e-06


DD  step 36499  vol min/aver 0.921  load imb.: force  6.9%
           Step           Time
          36500       73.00000

   Energies (kJ/mol)
           Bond          Angle    Proper Dih. Per. Imp. Dih.          LJ-14
    1.59039e+03    3.85239e+03    4.96725e+03    2.70876e+02    1.90205e+03
     Coulomb-14        LJ (SR)   Coulomb (SR)   Coul. recip. Position Rest.
    1.61629e+04    4.78713e+04   -4.35543e+05    2.58157e+03    4.77634e+02
      Potential    Kinetic En.   Total Energy  Conserved En.    Temperature
   -3.55866e+05    7.00319e+04   -2.85834e+05   -3.49546e+05    3.02493e+02
 Pressure (bar)   Constr. rmsd
   -1.91579e+02    3.44461e-06


DD  step 36999  vol min/aver 0.930  load imb.: force  8.0%
           Step           Time
          37000       74.00000

   Energies (kJ/mol)
           Bond          Angle    Proper Dih. Per. Imp. Dih.          LJ-14
    1.52905e+03    3.84423e+03    5.00669e+03    2.37352e+02    1.90771e+03
     Coulomb-14        LJ (SR)   Coulomb (SR)   Coul. recip. Position Rest.
    1.62858e+04    4.75672e+04   -4.35421e+05    2.58823e+03    5.04847e+02
      Potential    Kinetic En.   Total Energy  Conserved En.    Temperature
   -3.55950e+05    6.98309e+04   -2.86119e+05   -3.49526e+05    3.01624e+02
 Pressure (bar)   Constr. rmsd
   -7.31351e+01    3.00283e-06


DD  step 37499  vol min/aver 0.927  load imb.: force  4.7%
           Step           Time
          37500       75.00000

   Energies (kJ/mol)
           Bond          Angle    Proper Dih. Per. Imp. Dih.          LJ-14
    1.47485e+03    3.89898e+03    5.04800e+03    2.32316e+02    1.92840e+03
     Coulomb-14        LJ (SR)   Coulomb (SR)   Coul. recip. Position Rest.
    1.62286e+04    4.82666e+04   -4.36650e+05    2.59883e+03    5.19766e+02
      Potential    Kinetic En.   Total Energy  Conserved En.    Temperature
   -3.56453e+05    6.96379e+04   -2.86815e+05   -3.49534e+05    3.00791e+02
 Pressure (bar)   Constr. rmsd
   -2.51093e+02    3.07575e-06


DD  step 37999  vol min/aver 0.892  load imb.: force  6.5%
           Step           Time
          38000       76.00000

   Energies (kJ/mol)
           Bond          Angle    Proper Dih. Per. Imp. Dih.          LJ-14
    1.49605e+03    3.79380e+03    5.07368e+03    2.33728e+02    1.85791e+03
     Coulomb-14        LJ (SR)   Coulomb (SR)   Coul. recip. Position Rest.
    1.60816e+04    4.81300e+04   -4.35318e+05    2.61082e+03    5.15846e+02
      Potential    Kinetic En.   Total Energy  Conserved En.    Temperature
   -3.55525e+05    6.90711e+04   -2.86454e+05   -3.49526e+05    2.98342e+02
 Pressure (bar)   Constr. rmsd
   -4.03585e+02    2.95065e-06


DD  step 38499  vol min/aver 0.925  load imb.: force  3.1%
           Step           Time
          38500       77.00000

   Energies (kJ/mol)
           Bond          Angle    Proper Dih. Per. Imp. Dih.          LJ-14
    1.58209e+03    3.77668e+03    5.05092e+03    2.63034e+02    1.92473e+03
     Coulomb-14        LJ (SR)   Coulomb (SR)   Coul. recip. Position Rest.
    1.60643e+04    4.71939e+04   -4.33708e+05    2.63214e+03    5.19269e+02
      Potential    Kinetic En.   Total Energy  Conserved En.    Temperature
   -3.54701e+05    6.99387e+04   -2.84762e+05   -3.49531e+05    3.02090e+02
 Pressure (bar)   Constr. rmsd
   -2.39093e+02    3.28106e-06


DD  step 38999  vol min/aver 0.923  load imb.: force  4.3%
           Step           Time
          39000       78.00000

   Energies (kJ/mol)
           Bond          Angle    Proper Dih. Per. Imp. Dih.          LJ-14
    1.65285e+03    3.90639e+03    5.04249e+03    2.42718e+02    1.92350e+03
     Coulomb-14        LJ (SR)   Coulomb (SR)   Coul. recip. Position Rest.
    1.62235e+04    4.81821e+04   -4.35550e+05    2.58090e+03    5.17944e+02
      Potential    Kinetic En.   Total Energy  Conserved En.    Temperature
   -3.55278e+05    6.93325e+04   -2.85945e+05   -3.49494e+05    2.99471e+02
 Pressure (bar)   Constr. rmsd
   -3.04080e+02    2.82392e-06


DD  step 39499  vol min/aver 0.928  load imb.: force  2.1%
           Step           Time
          39500       79.00000

   Energies (kJ/mol)
           Bond          Angle    Proper Dih. Per. Imp. Dih.          LJ-14
    1.41462e+03    3.93788e+03    5.00310e+03    2.50931e+02    1.87467e+03
     Coulomb-14        LJ (SR)   Coulomb (SR)   Coul. recip. Position Rest.
    1.62078e+04    4.78620e+04   -4.35740e+05    2.52758e+03    4.71853e+02
      Potential    Kinetic En.   Total Energy  Conserved En.    Temperature
   -3.56190e+05    7.00337e+04   -2.86156e+05   -3.49514e+05    3.02500e+02
 Pressure (bar)   Constr. rmsd
    1.69663e+02    3.22412e-06


DD  step 39999  vol min/aver 0.924  load imb.: force  3.9%
           Step           Time
          40000       80.00000

   Energies (kJ/mol)
           Bond          Angle    Proper Dih. Per. Imp. Dih.          LJ-14
    1.63562e+03    3.78431e+03    4.98013e+03    2.41005e+02    1.94578e+03
     Coulomb-14        LJ (SR)   Coulomb (SR)   Coul. recip. Position Rest.
    1.60824e+04    4.75765e+04   -4.35019e+05    2.65070e+03    4.90444e+02
      Potential    Kinetic En.   Total Energy  Conserved En.    Temperature
   -3.55632e+05    6.94635e+04   -2.86169e+05   -3.49500e+05    3.00038e+02
 Pressure (bar)   Constr. rmsd
   -4.03325e+01    3.02673e-06


DD  step 40499  vol min/aver 0.912  load imb.: force  4.8%
           Step           Time
          40500       81.00000

   Energies (kJ/mol)
           Bond          Angle    Proper Dih. Per. Imp. Dih.          LJ-14
    1.65920e+03    3.64395e+03    4.94375e+03    2.62149e+02    1.91380e+03
     Coulomb-14        LJ (SR)   Coulomb (SR)   Coul. recip. Position Rest.
    1.62585e+04    4.75851e+04   -4.35877e+05    2.52180e+03    5.03438e+02
      Potential    Kinetic En.   Total Energy  Conserved En.    Temperature
   -3.56585e+05    6.90452e+04   -2.87540e+05   -3.49492e+05    2.98230e+02
 Pressure (bar)   Constr. rmsd
    2.04267e+01    2.86331e-06


DD  step 40999  vol min/aver 0.914  load imb.: force  5.2%
           Step           Time
          41000       82.00000

   Energies (kJ/mol)
           Bond          Angle    Proper Dih. Per. Imp. Dih.          LJ-14
    1.57924e+03    3.84722e+03    4.96728e+03    2.56414e+02    1.87475e+03
     Coulomb-14        LJ (SR)   Coulomb (SR)   Coul. recip. Position Rest.
    1.61461e+04    4.82762e+04   -4.36647e+05    2.50107e+03    5.12545e+02
      Potential    Kinetic En.   Total Energy  Conserved En.    Temperature
   -3.56686e+05    6.93592e+04   -2.87327e+05   -3.49504e+05    2.99587e+02
 Pressure (bar)   Constr. rmsd
   -2.06131e+02    2.85998e-06


DD  step 41499  vol min/aver 0.929  load imb.: force  4.8%
           Step           Time
          41500       83.00000

   Energies (kJ/mol)
           Bond          Angle    Proper Dih. Per. Imp. Dih.          LJ-14
    1.58710e+03    3.73208e+03    4.97673e+03    2.39188e+02    1.89501e+03
     Coulomb-14        LJ (SR)   Coulomb (SR)   Coul. recip. Position Rest.
    1.61404e+04    4.77433e+04   -4.36114e+05    2.47570e+03    5.09840e+02
      Potential    Kinetic En.   Total Energy  Conserved En.    Temperature
   -3.56815e+05    6.94194e+04   -2.87395e+05   -3.49492e+05    2.99847e+02
 Pressure (bar)   Constr. rmsd
   -1.77288e+02    3.02007e-06


DD  step 41999  vol min/aver 0.912  load imb.: force  5.6%
           Step           Time
          42000       84.00000

   Energies (kJ/mol)
           Bond          Angle    Proper Dih. Per. Imp. Dih.          LJ-14
    1.63664e+03    3.84406e+03    5.09232e+03    2.77228e+02    1.87062e+03
     Coulomb-14        LJ (SR)   Coulomb (SR)   Coul. recip. Position Rest.
    1.61303e+04    4.92478e+04   -4.36422e+05    2.54793e+03    5.21623e+02
      Potential    Kinetic En.   Total Energy  Conserved En.    Temperature
   -3.55254e+05    7.01765e+04   -2.85077e+05   -3.49481e+05    3.03117e+02
 Pressure (bar)   Constr. rmsd
    2.27325e+02    3.15252e-06


DD  step 42499  vol min/aver 0.936  load imb.: force 12.7%
           Step           Time
          42500       85.00000

   Energies (kJ/mol)
           Bond          Angle    Proper Dih. Per. Imp. Dih.          LJ-14
    1.56951e+03    3.76226e+03    4.95790e+03    2.38565e+02    1.87863e+03
     Coulomb-14        LJ (SR)   Coulomb (SR)   Coul. recip. Position Rest.
    1.62055e+04    4.81158e+04   -4.36236e+05    2.58438e+03    4.74237e+02
      Potential    Kinetic En.   Total Energy  Conserved En.    Temperature
   -3.56450e+05    6.92377e+04   -2.87212e+05   -3.49475e+05    2.99062e+02
 Pressure (bar)   Constr. rmsd
   -1.37558e+02    2.89913e-06


DD  step 42999  vol min/aver 0.938  load imb.: force  3.4%
           Step           Time
          43000       86.00000

   Energies (kJ/mol)
           Bond          Angle    Proper Dih. Per. Imp. Dih.          LJ-14
    1.44882e+03    3.71441e+03    5.01990e+03    2.63691e+02    1.85984e+03
     Coulomb-14        LJ (SR)   Coulomb (SR)   Coul. recip. Position Rest.
    1.61639e+04    4.81919e+04   -4.37453e+05    2.57097e+03    4.55685e+02
      Potential    Kinetic En.   Total Energy  Conserved En.    Temperature
   -3.57764e+05    6.87224e+04   -2.89042e+05   -3.49468e+05    2.96836e+02
 Pressure (bar)   Constr. rmsd
   -3.76195e+02    2.85685e-06


DD  step 43499  vol min/aver 0.938  load imb.: force  7.9%
           Step           Time
          43500       87.00000

   Energies (kJ/mol)
           Bond          Angle    Proper Dih. Per. Imp. Dih.          LJ-14
    1.57008e+03    3.88705e+03    5.03287e+03    2.67056e+02    1.90514e+03
     Coulomb-14        LJ (SR)   Coulomb (SR)   Coul. recip. Position Rest.
    1.61845e+04    4.85472e+04   -4.36814e+05    2.52117e+03    5.42025e+02
      Potential    Kinetic En.   Total Energy  Conserved En.    Temperature
   -3.56357e+05    6.97601e+04   -2.86597e+05   -3.49464e+05    3.01318e+02
 Pressure (bar)   Constr. rmsd
   -9.98960e+01    2.84749e-06


DD  step 43999  vol min/aver 0.912  load imb.: force  4.5%
           Step           Time
          44000       88.00000

   Energies (kJ/mol)
           Bond          Angle    Proper Dih. Per. Imp. Dih.          LJ-14
    1.54019e+03    3.97069e+03    4.95934e+03    2.62050e+02    1.89843e+03
     Coulomb-14        LJ (SR)   Coulomb (SR)   Coul. recip. Position Rest.
    1.62160e+04    4.92160e+04   -4.36812e+05    2.64379e+03    5.09728e+02
      Potential    Kinetic En.   Total Energy  Conserved En.    Temperature
   -3.55596e+05    6.98606e+04   -2.85735e+05   -3.49458e+05    3.01753e+02
 Pressure (bar)   Constr. rmsd
    3.64616e+02    3.26747e-06


DD  step 44499  vol min/aver 0.887  load imb.: force  5.2%
           Step           Time
          44500       89.00000

   Energies (kJ/mol)
           Bond          Angle    Proper Dih. Per. Imp. Dih.          LJ-14
    1.51264e+03    3.73393e+03    5.11379e+03    2.55462e+02    1.90767e+03
     Coulomb-14        LJ (SR)   Coulomb (SR)   Coul. recip. Position Rest.
    1.61606e+04    4.76980e+04   -4.36064e+05    2.55896e+03    4.98106e+02
      Potential    Kinetic En.   Total Energy  Conserved En.    Temperature
   -3.56625e+05    6.94216e+04   -2.87203e+05   -3.49456e+05    2.99856e+02
 Pressure (bar)   Constr. rmsd
   -3.55125e+02    2.64553e-06


DD  step 44999  vol min/aver 0.901  load imb.: force  7.6%
           Step           Time
          45000       90.00000

   Energies (kJ/mol)
           Bond          Angle    Proper Dih. Per. Imp. Dih.          LJ-14
    1.54006e+03    3.81515e+03    5.03775e+03    2.59411e+02    1.92820e+03
     Coulomb-14        LJ (SR)   Coulomb (SR)   Coul. recip. Position Rest.
    1.62390e+04    4.77011e+04   -4.35183e+05    2.60598e+03    4.96001e+02
      Potential    Kinetic En.   Total Energy  Conserved En.    Temperature
   -3.55560e+05    6.83524e+04   -2.87208e+05   -3.49435e+05    2.95238e+02
 Pressure (bar)   Constr. rmsd
   -2.27020e+02    2.73995e-06


DD  step 45499  vol min/aver 0.908  load imb.: force  8.4%
           Step           Time
          45500       91.00000

   Energies (kJ/mol)
           Bond          Angle    Proper Dih. Per. Imp. Dih.          LJ-14
    1.52206e+03    3.88213e+03    5.09263e+03    2.65488e+02    1.83903e+03
     Coulomb-14        LJ (SR)   Coulomb (SR)   Coul. recip. Position Rest.
    1.61220e+04    4.78035e+04   -4.35104e+05    2.65863e+03    5.43092e+02
      Potential    Kinetic En.   Total Energy  Conserved En.    Temperature
   -3.55375e+05    7.03674e+04   -2.85008e+05   -3.49459e+05    3.03941e+02
 Pressure (bar)   Constr. rmsd
   -1.37945e+02    2.90198e-06


DD  step 45999  vol min/aver 0.924  load imb.: force  7.4%
           Step           Time
          46000       92.00000

   Energies (kJ/mol)
           Bond          Angle    Proper Dih. Per. Imp. Dih.          LJ-14
    1.69141e+03    3.82149e+03    5.04226e+03    2.61531e+02    1.87571e+03
     Coulomb-14        LJ (SR)   Coulomb (SR)   Coul. recip. Position Rest.
    1.60624e+04    4.83804e+04   -4.35273e+05    2.50520e+03    4.57236e+02
      Potential    Kinetic En.   Total Energy  Conserved En.    Temperature
   -3.55175e+05    6.99878e+04   -2.85188e+05   -3.49441e+05    3.02302e+02
 Pressure (bar)   Constr. rmsd
    4.02864e+01    3.03669e-06


DD  step 46499  vol min/aver 0.917  load imb.: force  8.1%
           Step           Time
          46500       93.00000

   Energies (kJ/mol)
           Bond          Angle    Proper Dih. Per. Imp. Dih.          LJ-14
    1.40114e+03    3.83879e+03    4.95373e+03    2.45974e+02    1.87788e+03
     Coulomb-14        LJ (SR)   Coulomb (SR)   Coul. recip. Position Rest.
    1.62975e+04    4.77287e+04   -4.35563e+05    2.49948e+03    4.92322e+02
      Potential    Kinetic En.   Total Energy  Conserved En.    Temperature
   -3.56228e+05    6.89438e+04   -2.87284e+05   -3.49437e+05    2.97793e+02
 Pressure (bar)   Constr. rmsd
    3.16832e+01    2.95257e-06


DD  step 46999  vol min/aver 0.891  load imb.: force  4.1%
           Step           Time
          47000       94.00000

   Energies (kJ/mol)
           Bond          Angle    Proper Dih. Per. Imp. Dih.          LJ-14
    1.57536e+03    3.80553e+03    5.07534e+03    2.62317e+02    1.94839e+03
     Coulomb-14        LJ (SR)   Coulomb (SR)   Coul. recip. Position Rest.
    1.62601e+04    4.82311e+04   -4.36258e+05    2.65335e+03    4.70455e+02
      Potential    Kinetic En.   Total Energy  Conserved En.    Temperature
   -3.55976e+05    6.94161e+04   -2.86560e+05   -3.49424e+05    2.99832e+02
 Pressure (bar)   Constr. rmsd
   -1.39328e+02    2.96734e-06


DD  step 47499  vol min/aver 0.922  load imb.: force  5.5%
           Step           Time
          47500       95.00000

   Energies (kJ/mol)
           Bond          Angle    Proper Dih. Per. Imp. Dih.          LJ-14
    1.66432e+03    3.79273e+03    5.02899e+03    2.77323e+02    1.89346e+03
     Coulomb-14        LJ (SR)   Coulomb (SR)   Coul. recip. Position Rest.
    1.60069e+04    4.89269e+04   -4.36310e+05    2.53866e+03    5.27607e+02
      Potential    Kinetic En.   Total Energy  Conserved En.    Temperature
   -3.55653e+05    6.93173e+04   -2.86335e+05   -3.49424e+05    2.99406e+02
 Pressure (bar)   Constr. rmsd
    3.40359e+02    2.99966e-06


DD  step 47999  vol min/aver 0.899  load imb.: force  4.6%
           Step           Time
          48000       96.00000

   Energies (kJ/mol)
           Bond          Angle    Proper Dih. Per. Imp. Dih.          LJ-14
    1.60877e+03    3.71775e+03    5.01290e+03    2.56273e+02    1.89152e+03
     Coulomb-14        LJ (SR)   Coulomb (SR)   Coul. recip. Position Rest.
    1.60015e+04    4.91130e+04   -4.37375e+05    2.50397e+03    5.03445e+02
      Potential    Kinetic En.   Total Energy  Conserved En.    Temperature
   -3.56766e+05    6.93159e+04   -2.87450e+05   -3.49422e+05    2.99400e+02
 Pressure (bar)   Constr. rmsd
   -3.31075e+02    3.43872e-06


DD  step 48499  vol min/aver 0.911  load imb.: force  4.5%
           Step           Time
          48500       97.00000

   Energies (kJ/mol)
           Bond          Angle    Proper Dih. Per. Imp. Dih.          LJ-14
    1.53406e+03    4.02862e+03    5.04027e+03    2.82266e+02    1.91607e+03
     Coulomb-14        LJ (SR)   Coulomb (SR)   Coul. recip. Position Rest.
    1.60736e+04    4.88593e+04   -4.36316e+05    2.65841e+03    4.63824e+02
      Potential    Kinetic En.   Total Energy  Conserved En.    Temperature
   -3.55460e+05    6.90764e+04   -2.86383e+05   -3.49395e+05    2.98365e+02
 Pressure (bar)   Constr. rmsd
    2.35086e+02    2.89464e-06


DD  step 48999  vol min/aver 0.919  load imb.: force  4.3%
           Step           Time
          49000       98.00000

   Energies (kJ/mol)
           Bond          Angle    Proper Dih. Per. Imp. Dih.          LJ-14
    1.47681e+03    3.89796e+03    5.01910e+03    2.63402e+02    1.89808e+03
     Coulomb-14        LJ (SR)   Coulomb (SR)   Coul. recip. Position Rest.
    1.60830e+04    4.79873e+04   -4.36073e+05    2.50256e+03    4.92872e+02
      Potential    Kinetic En.   Total Energy  Conserved En.    Temperature
   -3.56452e+05    6.91253e+04   -2.87327e+05   -3.49407e+05    2.98576e+02
 Pressure (bar)   Constr. rmsd
   -2.08271e+02    3.03853e-06


DD  step 49499  vol min/aver 0.906  load imb.: force  5.4%
           Step           Time
          49500       99.00000

   Energies (kJ/mol)
           Bond          Angle    Proper Dih. Per. Imp. Dih.          LJ-14
    1.56974e+03    3.98888e+03    5.00743e+03    2.42542e+02    1.87810e+03
     Coulomb-14        LJ (SR)   Coulomb (SR)   Coul. recip. Position Rest.
    1.60341e+04    4.84001e+04   -4.36319e+05    2.58317e+03    4.99670e+02
      Potential    Kinetic En.   Total Energy  Conserved En.    Temperature
   -3.56115e+05    6.87799e+04   -2.87335e+05   -3.49362e+05    2.97085e+02
 Pressure (bar)   Constr. rmsd
   -2.85587e+02    2.87299e-06


DD  step 49999  vol min/aver 0.910  load imb.: force  5.4%
           Step           Time
          50000      100.00000

Writing checkpoint, step 50000 at Sun Mar  8 12:48:57 2026


   Energies (kJ/mol)
           Bond          Angle    Proper Dih. Per. Imp. Dih.          LJ-14
    1.48756e+03    3.90665e+03    5.01102e+03    2.53435e+02    1.85800e+03
     Coulomb-14        LJ (SR)   Coulomb (SR)   Coul. recip. Position Rest.
    1.60224e+04    4.83182e+04   -4.36185e+05    2.49042e+03    4.94925e+02
      Potential    Kinetic En.   Total Energy  Conserved En.    Temperature
   -3.56342e+05    6.89386e+04   -2.87404e+05   -3.49375e+05    2.97770e+02
 Pressure (bar)   Constr. rmsd
   -3.16880e+02    2.99562e-06


Energy conservation over simulation part #1 of length 100 ps, time 0 to 100 ps
  Conserved energy drift: 4.75e-04 kJ/mol/ps per atom


	<======  ###############  ==>
	<====  A V E R A G E S  ====>
	<==  ###############  ======>

	Statistics over 50001 steps using 501 frames

   Energies (kJ/mol)
           Bond          Angle    Proper Dih. Per. Imp. Dih.          LJ-14
    1.55974e+03    3.83394e+03    5.02380e+03    2.60263e+02    1.89160e+03
     Coulomb-14        LJ (SR)   Coulomb (SR)   Coul. recip. Position Rest.
    1.61359e+04    4.81340e+04   -4.36042e+05    2.57738e+03    4.98336e+02
      Potential    Kinetic En.   Total Energy  Conserved En.    Temperature
   -3.56127e+05    6.94289e+04   -2.86698e+05   -3.49684e+05    2.99888e+02
 Pressure (bar)   Constr. rmsd
   -1.70694e+02    0.00000e+00

   Total Virial (kJ/mol)
    2.45756e+04    1.14672e+02   -3.55109e+01
    1.14860e+02    2.46164e+04    1.99615e+02
   -3.50784e+01    1.99762e+02    2.45472e+04

   Pressure (bar)
   -1.67822e+02   -1.53725e+01    7.20740e+00
   -1.53949e+01   -1.75076e+02   -2.52572e+01
    7.15601e+00   -2.52746e+01   -1.69184e+02

      T-Protein  T-non-Protein
    3.00253e+02    2.99853e+02


       P P   -   P M E   L O A D   B A L A N C I N G

 PP/PME load balancing changed the cut-off and PME settings:
           particle-particle                    PME
            rcoulomb  rlist            grid      spacing   1/beta
   initial  1.000 nm  1.000 nm      48  48  48   0.153 nm  0.320 nm
   final    1.000 nm  1.000 nm      48  48  48   0.153 nm  0.320 nm
 cost-ratio           1.00             1.00
 (note that these numbers concern only part of the total PP and PME load)


	M E G A - F L O P S   A C C O U N T I N G

 NB=Group-cutoff nonbonded kernels    NxN=N-by-N cluster Verlet kernels
 RF=Reaction-Field  VdW=Van der Waals  QSTab=quadratic-spline table
 W3=SPC/TIP3p  W4=TIP4p (single or pairs)
 V&F=Potential and force  V=Potential only  F=Force only

 Computing:                               M-Number         M-Flops  % Flops
-----------------------------------------------------------------------------
 Pair Search distance check           10067.023716       90603.213     0.2
 NxN Ewald Elec. + LJ [F]            450631.250632    29741662.542    51.7
 NxN Ewald Elec. + LJ [V&F]            4561.190520      488047.386     0.8
 NxN Ewald Elec. [F]                 394222.019352    24047543.180    41.8
 NxN Ewald Elec. [V&F]                 3989.978376      335158.184     0.6
 1,4 nonbonded interactions             255.305106       22977.460     0.0
 Calc Weights                          4101.382026      147649.753     0.3
 Spread Q Bspline                     87496.149888      174992.300     0.3
 Gather F Bspline                     87496.149888      524976.899     0.9
 3D-FFT                              185299.305912     1482394.447     2.6
 Solve PME                             2880.057600      184323.686     0.3
 Reset In Box                            27.314658          81.944     0.0
 CG-CoM                                  27.396684          82.190     0.0
 Bonds                                   51.251025        3023.810     0.0
 Angles                                 177.353547       29795.396     0.1
 Propers                                255.155103       58430.519     0.1
 Impropers                               21.300426        4430.489     0.0
 Pos. Restr.                             50.051001        2502.550     0.0
 Virial                                  13.923792         250.628     0.0
 Stop-CM                                 13.725684         137.257     0.0
 Calc-Ekin                              273.474684        7383.816     0.0
 Lincs                                   47.952877        2877.173     0.0
 Lincs-Mat                              238.814328         955.257     0.0
 Constraint-V                          1364.654584       12281.891     0.0
 Constraint-Vir                          13.192833         316.628     0.0
 Settle                                 422.925374      156482.388     0.3
-----------------------------------------------------------------------------
 Total                                                57519360.987   100.0
-----------------------------------------------------------------------------


    D O M A I N   D E C O M P O S I T I O N   S T A T I S T I C S

 av. #atoms communicated per step for force:  2 x 50064.2


Dynamic load balancing report:
 DLB was turned on during the run due to measured imbalance.
 Average load imbalance: 7.1%.
 The balanceable part of the MD step is 55%, load imbalance is computed from this.
 Part of the total run time spent waiting due to load imbalance: 4.0%.
 Steps where the load balancing was limited by -rdd, -rcon and/or -dds: X 0 % Y 0 %


      R E A L   C Y C L E   A N D   T I M E   A C C O U N T I N G

On 10 MPI ranks

 Activity:              Num   Num      Call    Wall time         Giga-Cycles
                        Ranks Threads  Count      (s)         total sum    %
--------------------------------------------------------------------------------
 Domain decomp.           10    1       1001       1.289          0.309   0.4
 DD comm. load            10    1        501       0.011          0.003   0.0
 DD comm. bounds          10    1        360       0.015          0.004   0.0
 Neighbor search          10    1       1001       7.704          1.849   2.6
 Comm. coord.             10    1      49000       3.402          0.816   1.1
 Force                    10    1      50001     162.260         38.942  54.4
 Wait + Comm. F           10    1      50001       2.367          0.568   0.8
 PME mesh                 10    1      50001     115.922         27.821  38.9
 NB X/F buffer ops.       10    1     149002       1.991          0.478   0.7
 Write traj.              10    1        101       0.017          0.004   0.0
 Update                   10    1      50001       0.704          0.169   0.2
 Constraints              10    1      50003       1.714          0.411   0.6
 Kinetic energy           10    1      10001       0.119          0.029   0.0
 Comm. energies           10    1       5001       0.434          0.104   0.1
 Rest                                              0.139          0.033   0.0
--------------------------------------------------------------------------------
 Total                                           298.089         71.541 100.0
--------------------------------------------------------------------------------
 Breakdown of PME mesh activities
--------------------------------------------------------------------------------
 PME redist. X/F          10    1     100002      86.549         20.772  29.0
 PME spread               10    1      50001       9.932          2.384   3.3
 PME gather               10    1      50001       5.962          1.431   2.0
 PME 3D-FFT               10    1     100002       5.992          1.438   2.0
 PME 3D-FFT Comm.         10    1     200004       6.813          1.635   2.3
 PME solve Elec           10    1      50001       0.623          0.150   0.2
--------------------------------------------------------------------------------

               Core t (s)   Wall t (s)        (%)
       Time:     2980.885      298.089     1000.0
                 (ns/day)    (hour/ns)    (ms/step)  (Matom*steps/s) 
Performance:       28.985        0.828        5.962            4.586 
Finished mdrun on rank 0 Sun Mar  8 12:48:58 2026

